INFO 2022-11-08T18:07:22.825+01:00 lsst.ctrl.mpexec.cmdLineFwk ()(cmdLineFwk.py:581) - QuantumGraph contains 12 quanta for 2 tasks, graph ID: '1667927242.8221722-25409'
WARNING 2022-11-08T18:07:32.084+01:00 lsst.obs.lsst.assembly (isr:{instrument: 'LATISS', detector: 0, exposure: 2022031700211, ...})(assembly.py:230) - /sps/lsst/groups/auxtel/softs/shared/auxteldm_gen3/data/LATISS/raw/all/raw/20220317/AT_O_20220317_000211/raw_LATISS_empty~empty_AT_O_20220317_000211_RXX_S00_LATISS_raw_all.fits: outAmp.getRawBBox() != data.getBBox(); patching. ((minimum=(0, 0), maximum=(543, 2047)) v. (minimum=(0, 0), maximum=(575, 2047)))
INFO 2022-11-08T18:07:34.335+01:00 lsst.isr (isr:{instrument: 'LATISS', detector: 0, exposure: 2022031700211, ...})(isrTask.py:1231) - Converting exposure to floating point values.
INFO 2022-11-08T18:07:35.018+01:00 lsst.isr (isr:{instrument: 'LATISS', detector: 0, exposure: 2022031700211, ...})(isrTask.py:1291) - Assembling CCD from amplifiers.
WARNING 2022-11-08T18:07:35.296+01:00 lsst.isr (isr:{instrument: 'LATISS', detector: 0, exposure: 2022031700211, ...})(isrTask.py:1295) - No WCS found in input exposure.
INFO 2022-11-08T18:07:35.296+01:00 lsst.isr (isr:{instrument: 'LATISS', detector: 0, exposure: 2022031700211, ...})(isrTask.py:1303) - Applying bias correction.
INFO 2022-11-08T18:07:36.004+01:00 lsst.isr (isr:{instrument: 'LATISS', detector: 0, exposure: 2022031700211, ...})(isrTask.py:1349) - Masking defects.
INFO 2022-11-08T18:07:36.006+01:00 lsst.isr (isr:{instrument: 'LATISS', detector: 0, exposure: 2022031700211, ...})(isrTask.py:1358) - Masking non-finite (NAN, inf) value pixels.
INFO 2022-11-08T18:07:36.031+01:00 lsst.isr (isr:{instrument: 'LATISS', detector: 0, exposure: 2022031700211, ...})(isrTask.py:1362) - Widening saturation trails.
INFO 2022-11-08T18:07:36.077+01:00 lsst.isr (isr:{instrument: 'LATISS', detector: 0, exposure: 2022031700211, ...})(isrTask.py:1428) - Applying dark correction.
WARNING 2022-11-08T18:07:36.078+01:00 lsst.isr (isr:{instrument: 'LATISS', detector: 0, exposure: 2022031700211, ...})(isrTask.py:1923) - darkExposure.getInfo().getVisitInfo() does not exist. Using darkScale = 1.0.
INFO 2022-11-08T18:07:36.827+01:00 lsst.isr (isr:{instrument: 'LATISS', detector: 0, exposure: 2022031700211, ...})(isrTask.py:1506) - Set 6481 BAD pixels to 12284.161133.
INFO 2022-11-08T18:07:36.828+01:00 lsst.isr (isr:{instrument: 'LATISS', detector: 0, exposure: 2022031700211, ...})(isrTask.py:1509) - Interpolating masked pixels.
WARNING 2022-11-08T18:07:37.597+01:00 lsst.isr (isr:{instrument: 'LATISS', detector: 0, exposure: 2022031700211, ...})(isrTask.py:2272) - No rough magnitude zero point defined for filter empty~empty.
INFO 2022-11-08T18:07:37.598+01:00 lsst.isr (isr:{instrument: 'LATISS', detector: 0, exposure: 2022031700211, ...})(isrTask.py:2280) - Setting rough magnitude zero point for filter empty~empty: 31.692803
INFO 2022-11-08T18:07:40.520+01:00 lsst.ctrl.mpexec.singleQuantumExecutor (isr:{instrument: 'LATISS', detector: 0, exposure: 2022031700211, ...})(singleQuantumExecutor.py:233) - Execution of task 'isr' on quantum {instrument: 'LATISS', detector: 0, exposure: 2022031700211, ...} took 10.230 seconds
INFO 2022-11-08T18:07:41.065+01:00 lsst.ctrl.mpexec.mpGraphExecutor ()(mpGraphExecutor.py:516) - Executed 1 quanta successfully, 0 failed and 11 remain out of total 12 quanta.
WARNING 2022-11-08T18:07:42.750+01:00 lsst.obs.lsst.assembly (isr:{instrument: 'LATISS', detector: 0, exposure: 2022031700209, ...})(assembly.py:230) - /sps/lsst/groups/auxtel/softs/shared/auxteldm_gen3/data/LATISS/raw/all/raw/20220317/AT_O_20220317_000209/raw_LATISS_empty~empty_AT_O_20220317_000209_RXX_S00_LATISS_raw_all.fits: outAmp.getRawBBox() != data.getBBox(); patching. ((minimum=(0, 0), maximum=(543, 2047)) v. (minimum=(0, 0), maximum=(575, 2047)))
INFO 2022-11-08T18:07:44.329+01:00 lsst.isr (isr:{instrument: 'LATISS', detector: 0, exposure: 2022031700209, ...})(isrTask.py:1231) - Converting exposure to floating point values.
INFO 2022-11-08T18:07:44.874+01:00 lsst.isr (isr:{instrument: 'LATISS', detector: 0, exposure: 2022031700209, ...})(isrTask.py:1291) - Assembling CCD from amplifiers.
WARNING 2022-11-08T18:07:45.087+01:00 lsst.isr (isr:{instrument: 'LATISS', detector: 0, exposure: 2022031700209, ...})(isrTask.py:1295) - No WCS found in input exposure.
INFO 2022-11-08T18:07:45.088+01:00 lsst.isr (isr:{instrument: 'LATISS', detector: 0, exposure: 2022031700209, ...})(isrTask.py:1303) - Applying bias correction.
INFO 2022-11-08T18:07:45.807+01:00 lsst.isr (isr:{instrument: 'LATISS', detector: 0, exposure: 2022031700209, ...})(isrTask.py:1349) - Masking defects.
INFO 2022-11-08T18:07:45.809+01:00 lsst.isr (isr:{instrument: 'LATISS', detector: 0, exposure: 2022031700209, ...})(isrTask.py:1358) - Masking non-finite (NAN, inf) value pixels.
INFO 2022-11-08T18:07:45.829+01:00 lsst.isr (isr:{instrument: 'LATISS', detector: 0, exposure: 2022031700209, ...})(isrTask.py:1362) - Widening saturation trails.
INFO 2022-11-08T18:07:45.874+01:00 lsst.isr (isr:{instrument: 'LATISS', detector: 0, exposure: 2022031700209, ...})(isrTask.py:1428) - Applying dark correction.
WARNING 2022-11-08T18:07:45.874+01:00 lsst.isr (isr:{instrument: 'LATISS', detector: 0, exposure: 2022031700209, ...})(isrTask.py:1923) - darkExposure.getInfo().getVisitInfo() does not exist. Using darkScale = 1.0.
INFO 2022-11-08T18:07:46.496+01:00 lsst.isr (isr:{instrument: 'LATISS', detector: 0, exposure: 2022031700209, ...})(isrTask.py:1506) - Set 6480 BAD pixels to 14412.151367.
INFO 2022-11-08T18:07:46.497+01:00 lsst.isr (isr:{instrument: 'LATISS', detector: 0, exposure: 2022031700209, ...})(isrTask.py:1509) - Interpolating masked pixels.
WARNING 2022-11-08T18:07:47.160+01:00 lsst.isr (isr:{instrument: 'LATISS', detector: 0, exposure: 2022031700209, ...})(isrTask.py:2272) - No rough magnitude zero point defined for filter empty~empty.
INFO 2022-11-08T18:07:47.161+01:00 lsst.isr (isr:{instrument: 'LATISS', detector: 0, exposure: 2022031700209, ...})(isrTask.py:2280) - Setting rough magnitude zero point for filter empty~empty: 31.692803
INFO 2022-11-08T18:07:50.309+01:00 lsst.ctrl.mpexec.singleQuantumExecutor (isr:{instrument: 'LATISS', detector: 0, exposure: 2022031700209, ...})(singleQuantumExecutor.py:233) - Execution of task 'isr' on quantum {instrument: 'LATISS', detector: 0, exposure: 2022031700209, ...} took 9.244 seconds
INFO 2022-11-08T18:07:50.771+01:00 lsst.ctrl.mpexec.mpGraphExecutor ()(mpGraphExecutor.py:516) - Executed 2 quanta successfully, 0 failed and 10 remain out of total 12 quanta.
WARNING 2022-11-08T18:07:52.230+01:00 lsst.obs.lsst.assembly (isr:{instrument: 'LATISS', detector: 0, exposure: 2022031700202, ...})(assembly.py:230) - /sps/lsst/groups/auxtel/softs/shared/auxteldm_gen3/data/LATISS/raw/all/raw/20220317/AT_O_20220317_000202/raw_LATISS_empty~empty_AT_O_20220317_000202_RXX_S00_LATISS_raw_all.fits: outAmp.getRawBBox() != data.getBBox(); patching. ((minimum=(0, 0), maximum=(543, 2047)) v. (minimum=(0, 0), maximum=(575, 2047)))
INFO 2022-11-08T18:07:53.514+01:00 lsst.isr (isr:{instrument: 'LATISS', detector: 0, exposure: 2022031700202, ...})(isrTask.py:1231) - Converting exposure to floating point values.
INFO 2022-11-08T18:07:54.111+01:00 lsst.isr (isr:{instrument: 'LATISS', detector: 0, exposure: 2022031700202, ...})(isrTask.py:1291) - Assembling CCD from amplifiers.
WARNING 2022-11-08T18:07:54.318+01:00 lsst.isr (isr:{instrument: 'LATISS', detector: 0, exposure: 2022031700202, ...})(isrTask.py:1295) - No WCS found in input exposure.
INFO 2022-11-08T18:07:54.318+01:00 lsst.isr (isr:{instrument: 'LATISS', detector: 0, exposure: 2022031700202, ...})(isrTask.py:1303) - Applying bias correction.
INFO 2022-11-08T18:07:54.919+01:00 lsst.isr (isr:{instrument: 'LATISS', detector: 0, exposure: 2022031700202, ...})(isrTask.py:1349) - Masking defects.
INFO 2022-11-08T18:07:54.921+01:00 lsst.isr (isr:{instrument: 'LATISS', detector: 0, exposure: 2022031700202, ...})(isrTask.py:1358) - Masking non-finite (NAN, inf) value pixels.
INFO 2022-11-08T18:07:54.946+01:00 lsst.isr (isr:{instrument: 'LATISS', detector: 0, exposure: 2022031700202, ...})(isrTask.py:1362) - Widening saturation trails.
INFO 2022-11-08T18:07:54.990+01:00 lsst.isr (isr:{instrument: 'LATISS', detector: 0, exposure: 2022031700202, ...})(isrTask.py:1428) - Applying dark correction.
WARNING 2022-11-08T18:07:54.991+01:00 lsst.isr (isr:{instrument: 'LATISS', detector: 0, exposure: 2022031700202, ...})(isrTask.py:1923) - darkExposure.getInfo().getVisitInfo() does not exist. Using darkScale = 1.0.
INFO 2022-11-08T18:07:55.614+01:00 lsst.isr (isr:{instrument: 'LATISS', detector: 0, exposure: 2022031700202, ...})(isrTask.py:1506) - Set 6448 BAD pixels to 27942.343750.
INFO 2022-11-08T18:07:55.614+01:00 lsst.isr (isr:{instrument: 'LATISS', detector: 0, exposure: 2022031700202, ...})(isrTask.py:1509) - Interpolating masked pixels.
WARNING 2022-11-08T18:07:56.288+01:00 lsst.isr (isr:{instrument: 'LATISS', detector: 0, exposure: 2022031700202, ...})(isrTask.py:2272) - No rough magnitude zero point defined for filter empty~empty.
INFO 2022-11-08T18:07:56.289+01:00 lsst.isr (isr:{instrument: 'LATISS', detector: 0, exposure: 2022031700202, ...})(isrTask.py:2280) - Setting rough magnitude zero point for filter empty~empty: 31.692803
INFO 2022-11-08T18:07:59.097+01:00 lsst.ctrl.mpexec.singleQuantumExecutor (isr:{instrument: 'LATISS', detector: 0, exposure: 2022031700202, ...})(singleQuantumExecutor.py:233) - Execution of task 'isr' on quantum {instrument: 'LATISS', detector: 0, exposure: 2022031700202, ...} took 8.326 seconds
INFO 2022-11-08T18:07:59.576+01:00 lsst.ctrl.mpexec.mpGraphExecutor ()(mpGraphExecutor.py:516) - Executed 3 quanta successfully, 0 failed and 9 remain out of total 12 quanta.
WARNING 2022-11-08T18:08:01.267+01:00 lsst.obs.lsst.assembly (isr:{instrument: 'LATISS', detector: 0, exposure: 2022031700210, ...})(assembly.py:230) - /sps/lsst/groups/auxtel/softs/shared/auxteldm_gen3/data/LATISS/raw/all/raw/20220317/AT_O_20220317_000210/raw_LATISS_empty~empty_AT_O_20220317_000210_RXX_S00_LATISS_raw_all.fits: outAmp.getRawBBox() != data.getBBox(); patching. ((minimum=(0, 0), maximum=(543, 2047)) v. (minimum=(0, 0), maximum=(575, 2047)))
INFO 2022-11-08T18:08:02.487+01:00 lsst.isr (isr:{instrument: 'LATISS', detector: 0, exposure: 2022031700210, ...})(isrTask.py:1231) - Converting exposure to floating point values.
INFO 2022-11-08T18:08:02.969+01:00 lsst.isr (isr:{instrument: 'LATISS', detector: 0, exposure: 2022031700210, ...})(isrTask.py:1291) - Assembling CCD from amplifiers.
WARNING 2022-11-08T18:08:03.214+01:00 lsst.isr (isr:{instrument: 'LATISS', detector: 0, exposure: 2022031700210, ...})(isrTask.py:1295) - No WCS found in input exposure.
INFO 2022-11-08T18:08:03.215+01:00 lsst.isr (isr:{instrument: 'LATISS', detector: 0, exposure: 2022031700210, ...})(isrTask.py:1303) - Applying bias correction.
INFO 2022-11-08T18:08:03.830+01:00 lsst.isr (isr:{instrument: 'LATISS', detector: 0, exposure: 2022031700210, ...})(isrTask.py:1349) - Masking defects.
INFO 2022-11-08T18:08:03.832+01:00 lsst.isr (isr:{instrument: 'LATISS', detector: 0, exposure: 2022031700210, ...})(isrTask.py:1358) - Masking non-finite (NAN, inf) value pixels.
INFO 2022-11-08T18:08:03.856+01:00 lsst.isr (isr:{instrument: 'LATISS', detector: 0, exposure: 2022031700210, ...})(isrTask.py:1362) - Widening saturation trails.
INFO 2022-11-08T18:08:03.899+01:00 lsst.isr (isr:{instrument: 'LATISS', detector: 0, exposure: 2022031700210, ...})(isrTask.py:1428) - Applying dark correction.
WARNING 2022-11-08T18:08:03.900+01:00 lsst.isr (isr:{instrument: 'LATISS', detector: 0, exposure: 2022031700210, ...})(isrTask.py:1923) - darkExposure.getInfo().getVisitInfo() does not exist. Using darkScale = 1.0.
INFO 2022-11-08T18:08:04.467+01:00 lsst.isr (isr:{instrument: 'LATISS', detector: 0, exposure: 2022031700210, ...})(isrTask.py:1506) - Set 6480 BAD pixels to 13318.769531.
INFO 2022-11-08T18:08:04.468+01:00 lsst.isr (isr:{instrument: 'LATISS', detector: 0, exposure: 2022031700210, ...})(isrTask.py:1509) - Interpolating masked pixels.
WARNING 2022-11-08T18:08:05.197+01:00 lsst.isr (isr:{instrument: 'LATISS', detector: 0, exposure: 2022031700210, ...})(isrTask.py:2272) - No rough magnitude zero point defined for filter empty~empty.
INFO 2022-11-08T18:08:05.198+01:00 lsst.isr (isr:{instrument: 'LATISS', detector: 0, exposure: 2022031700210, ...})(isrTask.py:2280) - Setting rough magnitude zero point for filter empty~empty: 31.692803
INFO 2022-11-08T18:08:08.427+01:00 lsst.ctrl.mpexec.singleQuantumExecutor (isr:{instrument: 'LATISS', detector: 0, exposure: 2022031700210, ...})(singleQuantumExecutor.py:233) - Execution of task 'isr' on quantum {instrument: 'LATISS', detector: 0, exposure: 2022031700210, ...} took 8.851 seconds
INFO 2022-11-08T18:08:08.804+01:00 lsst.ctrl.mpexec.mpGraphExecutor ()(mpGraphExecutor.py:516) - Executed 4 quanta successfully, 0 failed and 8 remain out of total 12 quanta.
WARNING 2022-11-08T18:08:10.474+01:00 lsst.obs.lsst.assembly (isr:{instrument: 'LATISS', detector: 0, exposure: 2022031700201, ...})(assembly.py:230) - /sps/lsst/groups/auxtel/softs/shared/auxteldm_gen3/data/LATISS/raw/all/raw/20220317/AT_O_20220317_000201/raw_LATISS_empty~empty_AT_O_20220317_000201_RXX_S00_LATISS_raw_all.fits: outAmp.getRawBBox() != data.getBBox(); patching. ((minimum=(0, 0), maximum=(543, 2047)) v. (minimum=(0, 0), maximum=(575, 2047)))
INFO 2022-11-08T18:08:11.698+01:00 lsst.isr (isr:{instrument: 'LATISS', detector: 0, exposure: 2022031700201, ...})(isrTask.py:1231) - Converting exposure to floating point values.
INFO 2022-11-08T18:08:12.162+01:00 lsst.isr (isr:{instrument: 'LATISS', detector: 0, exposure: 2022031700201, ...})(isrTask.py:1291) - Assembling CCD from amplifiers.
WARNING 2022-11-08T18:08:12.438+01:00 lsst.isr (isr:{instrument: 'LATISS', detector: 0, exposure: 2022031700201, ...})(isrTask.py:1295) - No WCS found in input exposure.
INFO 2022-11-08T18:08:12.438+01:00 lsst.isr (isr:{instrument: 'LATISS', detector: 0, exposure: 2022031700201, ...})(isrTask.py:1303) - Applying bias correction.
INFO 2022-11-08T18:08:13.067+01:00 lsst.isr (isr:{instrument: 'LATISS', detector: 0, exposure: 2022031700201, ...})(isrTask.py:1349) - Masking defects.
INFO 2022-11-08T18:08:13.071+01:00 lsst.isr (isr:{instrument: 'LATISS', detector: 0, exposure: 2022031700201, ...})(isrTask.py:1358) - Masking non-finite (NAN, inf) value pixels.
INFO 2022-11-08T18:08:13.127+01:00 lsst.isr (isr:{instrument: 'LATISS', detector: 0, exposure: 2022031700201, ...})(isrTask.py:1362) - Widening saturation trails.
INFO 2022-11-08T18:08:13.199+01:00 lsst.isr (isr:{instrument: 'LATISS', detector: 0, exposure: 2022031700201, ...})(isrTask.py:1428) - Applying dark correction.
WARNING 2022-11-08T18:08:13.200+01:00 lsst.isr (isr:{instrument: 'LATISS', detector: 0, exposure: 2022031700201, ...})(isrTask.py:1923) - darkExposure.getInfo().getVisitInfo() does not exist. Using darkScale = 1.0.
INFO 2022-11-08T18:08:13.832+01:00 lsst.isr (isr:{instrument: 'LATISS', detector: 0, exposure: 2022031700201, ...})(isrTask.py:1506) - Set 6448 BAD pixels to 11006.715820.
INFO 2022-11-08T18:08:13.832+01:00 lsst.isr (isr:{instrument: 'LATISS', detector: 0, exposure: 2022031700201, ...})(isrTask.py:1509) - Interpolating masked pixels.
WARNING 2022-11-08T18:08:14.544+01:00 lsst.isr (isr:{instrument: 'LATISS', detector: 0, exposure: 2022031700201, ...})(isrTask.py:2272) - No rough magnitude zero point defined for filter empty~empty.
INFO 2022-11-08T18:08:14.545+01:00 lsst.isr (isr:{instrument: 'LATISS', detector: 0, exposure: 2022031700201, ...})(isrTask.py:2280) - Setting rough magnitude zero point for filter empty~empty: 30.500000
INFO 2022-11-08T18:08:17.889+01:00 lsst.ctrl.mpexec.singleQuantumExecutor (isr:{instrument: 'LATISS', detector: 0, exposure: 2022031700201, ...})(singleQuantumExecutor.py:233) - Execution of task 'isr' on quantum {instrument: 'LATISS', detector: 0, exposure: 2022031700201, ...} took 9.085 seconds
INFO 2022-11-08T18:08:18.327+01:00 lsst.ctrl.mpexec.mpGraphExecutor ()(mpGraphExecutor.py:516) - Executed 5 quanta successfully, 0 failed and 7 remain out of total 12 quanta.
WARNING 2022-11-08T18:08:20.093+01:00 lsst.obs.lsst.assembly (isr:{instrument: 'LATISS', detector: 0, exposure: 2022031700205, ...})(assembly.py:230) - /sps/lsst/groups/auxtel/softs/shared/auxteldm_gen3/data/LATISS/raw/all/raw/20220317/AT_O_20220317_000205/raw_LATISS_empty~empty_AT_O_20220317_000205_RXX_S00_LATISS_raw_all.fits: outAmp.getRawBBox() != data.getBBox(); patching. ((minimum=(0, 0), maximum=(543, 2047)) v. (minimum=(0, 0), maximum=(575, 2047)))
INFO 2022-11-08T18:08:21.611+01:00 lsst.isr (isr:{instrument: 'LATISS', detector: 0, exposure: 2022031700205, ...})(isrTask.py:1231) - Converting exposure to floating point values.
INFO 2022-11-08T18:08:22.135+01:00 lsst.isr (isr:{instrument: 'LATISS', detector: 0, exposure: 2022031700205, ...})(isrTask.py:1291) - Assembling CCD from amplifiers.
WARNING 2022-11-08T18:08:22.347+01:00 lsst.isr (isr:{instrument: 'LATISS', detector: 0, exposure: 2022031700205, ...})(isrTask.py:1295) - No WCS found in input exposure.
INFO 2022-11-08T18:08:22.348+01:00 lsst.isr (isr:{instrument: 'LATISS', detector: 0, exposure: 2022031700205, ...})(isrTask.py:1303) - Applying bias correction.
INFO 2022-11-08T18:08:23.005+01:00 lsst.isr (isr:{instrument: 'LATISS', detector: 0, exposure: 2022031700205, ...})(isrTask.py:1349) - Masking defects.
INFO 2022-11-08T18:08:23.007+01:00 lsst.isr (isr:{instrument: 'LATISS', detector: 0, exposure: 2022031700205, ...})(isrTask.py:1358) - Masking non-finite (NAN, inf) value pixels.
INFO 2022-11-08T18:08:23.042+01:00 lsst.isr (isr:{instrument: 'LATISS', detector: 0, exposure: 2022031700205, ...})(isrTask.py:1362) - Widening saturation trails.
INFO 2022-11-08T18:08:23.092+01:00 lsst.isr (isr:{instrument: 'LATISS', detector: 0, exposure: 2022031700205, ...})(isrTask.py:1428) - Applying dark correction.
WARNING 2022-11-08T18:08:23.092+01:00 lsst.isr (isr:{instrument: 'LATISS', detector: 0, exposure: 2022031700205, ...})(isrTask.py:1923) - darkExposure.getInfo().getVisitInfo() does not exist. Using darkScale = 1.0.
INFO 2022-11-08T18:08:23.737+01:00 lsst.isr (isr:{instrument: 'LATISS', detector: 0, exposure: 2022031700205, ...})(isrTask.py:1506) - Set 6478 BAD pixels to 20833.316406.
INFO 2022-11-08T18:08:23.738+01:00 lsst.isr (isr:{instrument: 'LATISS', detector: 0, exposure: 2022031700205, ...})(isrTask.py:1509) - Interpolating masked pixels.
WARNING 2022-11-08T18:08:24.658+01:00 lsst.isr (isr:{instrument: 'LATISS', detector: 0, exposure: 2022031700205, ...})(isrTask.py:2272) - No rough magnitude zero point defined for filter empty~empty.
INFO 2022-11-08T18:08:24.660+01:00 lsst.isr (isr:{instrument: 'LATISS', detector: 0, exposure: 2022031700205, ...})(isrTask.py:2280) - Setting rough magnitude zero point for filter empty~empty: 31.692803
INFO 2022-11-08T18:08:28.210+01:00 lsst.ctrl.mpexec.singleQuantumExecutor (isr:{instrument: 'LATISS', detector: 0, exposure: 2022031700205, ...})(singleQuantumExecutor.py:233) - Execution of task 'isr' on quantum {instrument: 'LATISS', detector: 0, exposure: 2022031700205, ...} took 9.882 seconds
INFO 2022-11-08T18:08:28.615+01:00 lsst.ctrl.mpexec.mpGraphExecutor ()(mpGraphExecutor.py:516) - Executed 6 quanta successfully, 0 failed and 6 remain out of total 12 quanta.
WARNING 2022-11-08T18:08:30.353+01:00 lsst.obs.lsst.assembly (isr:{instrument: 'LATISS', detector: 0, exposure: 2022031700204, ...})(assembly.py:230) - /sps/lsst/groups/auxtel/softs/shared/auxteldm_gen3/data/LATISS/raw/all/raw/20220317/AT_O_20220317_000204/raw_LATISS_empty~empty_AT_O_20220317_000204_RXX_S00_LATISS_raw_all.fits: outAmp.getRawBBox() != data.getBBox(); patching. ((minimum=(0, 0), maximum=(543, 2047)) v. (minimum=(0, 0), maximum=(575, 2047)))
INFO 2022-11-08T18:08:31.645+01:00 lsst.isr (isr:{instrument: 'LATISS', detector: 0, exposure: 2022031700204, ...})(isrTask.py:1231) - Converting exposure to floating point values.
INFO 2022-11-08T18:08:32.300+01:00 lsst.isr (isr:{instrument: 'LATISS', detector: 0, exposure: 2022031700204, ...})(isrTask.py:1291) - Assembling CCD from amplifiers.
WARNING 2022-11-08T18:08:32.577+01:00 lsst.isr (isr:{instrument: 'LATISS', detector: 0, exposure: 2022031700204, ...})(isrTask.py:1295) - No WCS found in input exposure.
INFO 2022-11-08T18:08:32.578+01:00 lsst.isr (isr:{instrument: 'LATISS', detector: 0, exposure: 2022031700204, ...})(isrTask.py:1303) - Applying bias correction.
INFO 2022-11-08T18:08:33.423+01:00 lsst.isr (isr:{instrument: 'LATISS', detector: 0, exposure: 2022031700204, ...})(isrTask.py:1349) - Masking defects.
INFO 2022-11-08T18:08:33.425+01:00 lsst.isr (isr:{instrument: 'LATISS', detector: 0, exposure: 2022031700204, ...})(isrTask.py:1358) - Masking non-finite (NAN, inf) value pixels.
INFO 2022-11-08T18:08:33.449+01:00 lsst.isr (isr:{instrument: 'LATISS', detector: 0, exposure: 2022031700204, ...})(isrTask.py:1362) - Widening saturation trails.
INFO 2022-11-08T18:08:33.505+01:00 lsst.isr (isr:{instrument: 'LATISS', detector: 0, exposure: 2022031700204, ...})(isrTask.py:1428) - Applying dark correction.
WARNING 2022-11-08T18:08:33.505+01:00 lsst.isr (isr:{instrument: 'LATISS', detector: 0, exposure: 2022031700204, ...})(isrTask.py:1923) - darkExposure.getInfo().getVisitInfo() does not exist. Using darkScale = 1.0.
INFO 2022-11-08T18:08:34.190+01:00 lsst.isr (isr:{instrument: 'LATISS', detector: 0, exposure: 2022031700204, ...})(isrTask.py:1506) - Set 6478 BAD pixels to 22880.367188.
INFO 2022-11-08T18:08:34.191+01:00 lsst.isr (isr:{instrument: 'LATISS', detector: 0, exposure: 2022031700204, ...})(isrTask.py:1509) - Interpolating masked pixels.
WARNING 2022-11-08T18:08:34.964+01:00 lsst.isr (isr:{instrument: 'LATISS', detector: 0, exposure: 2022031700204, ...})(isrTask.py:2272) - No rough magnitude zero point defined for filter empty~empty.
INFO 2022-11-08T18:08:34.965+01:00 lsst.isr (isr:{instrument: 'LATISS', detector: 0, exposure: 2022031700204, ...})(isrTask.py:2280) - Setting rough magnitude zero point for filter empty~empty: 31.692803
INFO 2022-11-08T18:08:38.024+01:00 lsst.ctrl.mpexec.singleQuantumExecutor (isr:{instrument: 'LATISS', detector: 0, exposure: 2022031700204, ...})(singleQuantumExecutor.py:233) - Execution of task 'isr' on quantum {instrument: 'LATISS', detector: 0, exposure: 2022031700204, ...} took 9.409 seconds
INFO 2022-11-08T18:08:38.396+01:00 lsst.ctrl.mpexec.mpGraphExecutor ()(mpGraphExecutor.py:516) - Executed 7 quanta successfully, 0 failed and 5 remain out of total 12 quanta.
WARNING 2022-11-08T18:08:39.992+01:00 lsst.obs.lsst.assembly (isr:{instrument: 'LATISS', detector: 0, exposure: 2022031700206, ...})(assembly.py:230) - /sps/lsst/groups/auxtel/softs/shared/auxteldm_gen3/data/LATISS/raw/all/raw/20220317/AT_O_20220317_000206/raw_LATISS_empty~empty_AT_O_20220317_000206_RXX_S00_LATISS_raw_all.fits: outAmp.getRawBBox() != data.getBBox(); patching. ((minimum=(0, 0), maximum=(543, 2047)) v. (minimum=(0, 0), maximum=(575, 2047)))
INFO 2022-11-08T18:08:41.245+01:00 lsst.isr (isr:{instrument: 'LATISS', detector: 0, exposure: 2022031700206, ...})(isrTask.py:1231) - Converting exposure to floating point values.
INFO 2022-11-08T18:08:41.748+01:00 lsst.isr (isr:{instrument: 'LATISS', detector: 0, exposure: 2022031700206, ...})(isrTask.py:1291) - Assembling CCD from amplifiers.
WARNING 2022-11-08T18:08:41.956+01:00 lsst.isr (isr:{instrument: 'LATISS', detector: 0, exposure: 2022031700206, ...})(isrTask.py:1295) - No WCS found in input exposure.
INFO 2022-11-08T18:08:41.957+01:00 lsst.isr (isr:{instrument: 'LATISS', detector: 0, exposure: 2022031700206, ...})(isrTask.py:1303) - Applying bias correction.
INFO 2022-11-08T18:08:42.581+01:00 lsst.isr (isr:{instrument: 'LATISS', detector: 0, exposure: 2022031700206, ...})(isrTask.py:1349) - Masking defects.
INFO 2022-11-08T18:08:42.585+01:00 lsst.isr (isr:{instrument: 'LATISS', detector: 0, exposure: 2022031700206, ...})(isrTask.py:1358) - Masking non-finite (NAN, inf) value pixels.
INFO 2022-11-08T18:08:42.633+01:00 lsst.isr (isr:{instrument: 'LATISS', detector: 0, exposure: 2022031700206, ...})(isrTask.py:1362) - Widening saturation trails.
INFO 2022-11-08T18:08:42.677+01:00 lsst.isr (isr:{instrument: 'LATISS', detector: 0, exposure: 2022031700206, ...})(isrTask.py:1428) - Applying dark correction.
WARNING 2022-11-08T18:08:42.678+01:00 lsst.isr (isr:{instrument: 'LATISS', detector: 0, exposure: 2022031700206, ...})(isrTask.py:1923) - darkExposure.getInfo().getVisitInfo() does not exist. Using darkScale = 1.0.
INFO 2022-11-08T18:08:43.272+01:00 lsst.isr (isr:{instrument: 'LATISS', detector: 0, exposure: 2022031700206, ...})(isrTask.py:1506) - Set 6478 BAD pixels to 18827.841797.
INFO 2022-11-08T18:08:43.272+01:00 lsst.isr (isr:{instrument: 'LATISS', detector: 0, exposure: 2022031700206, ...})(isrTask.py:1509) - Interpolating masked pixels.
WARNING 2022-11-08T18:08:44.240+01:00 lsst.isr (isr:{instrument: 'LATISS', detector: 0, exposure: 2022031700206, ...})(isrTask.py:2272) - No rough magnitude zero point defined for filter empty~empty.
INFO 2022-11-08T18:08:44.241+01:00 lsst.isr (isr:{instrument: 'LATISS', detector: 0, exposure: 2022031700206, ...})(isrTask.py:2280) - Setting rough magnitude zero point for filter empty~empty: 31.692803
INFO 2022-11-08T18:08:47.488+01:00 lsst.ctrl.mpexec.singleQuantumExecutor (isr:{instrument: 'LATISS', detector: 0, exposure: 2022031700206, ...})(singleQuantumExecutor.py:233) - Execution of task 'isr' on quantum {instrument: 'LATISS', detector: 0, exposure: 2022031700206, ...} took 9.092 seconds
INFO 2022-11-08T18:08:47.777+01:00 lsst.ctrl.mpexec.mpGraphExecutor ()(mpGraphExecutor.py:516) - Executed 8 quanta successfully, 0 failed and 4 remain out of total 12 quanta.
WARNING 2022-11-08T18:08:49.244+01:00 lsst.obs.lsst.assembly (isr:{instrument: 'LATISS', detector: 0, exposure: 2022031700207, ...})(assembly.py:230) - /sps/lsst/groups/auxtel/softs/shared/auxteldm_gen3/data/LATISS/raw/all/raw/20220317/AT_O_20220317_000207/raw_LATISS_empty~empty_AT_O_20220317_000207_RXX_S00_LATISS_raw_all.fits: outAmp.getRawBBox() != data.getBBox(); patching. ((minimum=(0, 0), maximum=(543, 2047)) v. (minimum=(0, 0), maximum=(575, 2047)))
INFO 2022-11-08T18:08:50.636+01:00 lsst.isr (isr:{instrument: 'LATISS', detector: 0, exposure: 2022031700207, ...})(isrTask.py:1231) - Converting exposure to floating point values.
INFO 2022-11-08T18:08:51.312+01:00 lsst.isr (isr:{instrument: 'LATISS', detector: 0, exposure: 2022031700207, ...})(isrTask.py:1291) - Assembling CCD from amplifiers.
WARNING 2022-11-08T18:08:51.710+01:00 lsst.isr (isr:{instrument: 'LATISS', detector: 0, exposure: 2022031700207, ...})(isrTask.py:1295) - No WCS found in input exposure.
INFO 2022-11-08T18:08:51.711+01:00 lsst.isr (isr:{instrument: 'LATISS', detector: 0, exposure: 2022031700207, ...})(isrTask.py:1303) - Applying bias correction.
INFO 2022-11-08T18:08:52.423+01:00 lsst.isr (isr:{instrument: 'LATISS', detector: 0, exposure: 2022031700207, ...})(isrTask.py:1349) - Masking defects.
INFO 2022-11-08T18:08:52.425+01:00 lsst.isr (isr:{instrument: 'LATISS', detector: 0, exposure: 2022031700207, ...})(isrTask.py:1358) - Masking non-finite (NAN, inf) value pixels.
INFO 2022-11-08T18:08:52.447+01:00 lsst.isr (isr:{instrument: 'LATISS', detector: 0, exposure: 2022031700207, ...})(isrTask.py:1362) - Widening saturation trails.
INFO 2022-11-08T18:08:52.494+01:00 lsst.isr (isr:{instrument: 'LATISS', detector: 0, exposure: 2022031700207, ...})(isrTask.py:1428) - Applying dark correction.
WARNING 2022-11-08T18:08:52.494+01:00 lsst.isr (isr:{instrument: 'LATISS', detector: 0, exposure: 2022031700207, ...})(isrTask.py:1923) - darkExposure.getInfo().getVisitInfo() does not exist. Using darkScale = 1.0.
INFO 2022-11-08T18:08:53.052+01:00 lsst.isr (isr:{instrument: 'LATISS', detector: 0, exposure: 2022031700207, ...})(isrTask.py:1506) - Set 6479 BAD pixels to 17051.951172.
INFO 2022-11-08T18:08:53.054+01:00 lsst.isr (isr:{instrument: 'LATISS', detector: 0, exposure: 2022031700207, ...})(isrTask.py:1509) - Interpolating masked pixels.
WARNING 2022-11-08T18:08:53.980+01:00 lsst.isr (isr:{instrument: 'LATISS', detector: 0, exposure: 2022031700207, ...})(isrTask.py:2272) - No rough magnitude zero point defined for filter empty~empty.
INFO 2022-11-08T18:08:53.981+01:00 lsst.isr (isr:{instrument: 'LATISS', detector: 0, exposure: 2022031700207, ...})(isrTask.py:2280) - Setting rough magnitude zero point for filter empty~empty: 31.692803
INFO 2022-11-08T18:08:57.478+01:00 lsst.ctrl.mpexec.singleQuantumExecutor (isr:{instrument: 'LATISS', detector: 0, exposure: 2022031700207, ...})(singleQuantumExecutor.py:233) - Execution of task 'isr' on quantum {instrument: 'LATISS', detector: 0, exposure: 2022031700207, ...} took 9.701 seconds
INFO 2022-11-08T18:08:57.969+01:00 lsst.ctrl.mpexec.mpGraphExecutor ()(mpGraphExecutor.py:516) - Executed 9 quanta successfully, 0 failed and 3 remain out of total 12 quanta.
WARNING 2022-11-08T18:08:59.773+01:00 lsst.obs.lsst.assembly (isr:{instrument: 'LATISS', detector: 0, exposure: 2022031700208, ...})(assembly.py:230) - /sps/lsst/groups/auxtel/softs/shared/auxteldm_gen3/data/LATISS/raw/all/raw/20220317/AT_O_20220317_000208/raw_LATISS_empty~empty_AT_O_20220317_000208_RXX_S00_LATISS_raw_all.fits: outAmp.getRawBBox() != data.getBBox(); patching. ((minimum=(0, 0), maximum=(543, 2047)) v. (minimum=(0, 0), maximum=(575, 2047)))
INFO 2022-11-08T18:09:01.338+01:00 lsst.isr (isr:{instrument: 'LATISS', detector: 0, exposure: 2022031700208, ...})(isrTask.py:1231) - Converting exposure to floating point values.
INFO 2022-11-08T18:09:01.797+01:00 lsst.isr (isr:{instrument: 'LATISS', detector: 0, exposure: 2022031700208, ...})(isrTask.py:1291) - Assembling CCD from amplifiers.
WARNING 2022-11-08T18:09:01.997+01:00 lsst.isr (isr:{instrument: 'LATISS', detector: 0, exposure: 2022031700208, ...})(isrTask.py:1295) - No WCS found in input exposure.
INFO 2022-11-08T18:09:01.997+01:00 lsst.isr (isr:{instrument: 'LATISS', detector: 0, exposure: 2022031700208, ...})(isrTask.py:1303) - Applying bias correction.
INFO 2022-11-08T18:09:02.609+01:00 lsst.isr (isr:{instrument: 'LATISS', detector: 0, exposure: 2022031700208, ...})(isrTask.py:1349) - Masking defects.
INFO 2022-11-08T18:09:02.611+01:00 lsst.isr (isr:{instrument: 'LATISS', detector: 0, exposure: 2022031700208, ...})(isrTask.py:1358) - Masking non-finite (NAN, inf) value pixels.
INFO 2022-11-08T18:09:02.630+01:00 lsst.isr (isr:{instrument: 'LATISS', detector: 0, exposure: 2022031700208, ...})(isrTask.py:1362) - Widening saturation trails.
INFO 2022-11-08T18:09:02.672+01:00 lsst.isr (isr:{instrument: 'LATISS', detector: 0, exposure: 2022031700208, ...})(isrTask.py:1428) - Applying dark correction.
WARNING 2022-11-08T18:09:02.673+01:00 lsst.isr (isr:{instrument: 'LATISS', detector: 0, exposure: 2022031700208, ...})(isrTask.py:1923) - darkExposure.getInfo().getVisitInfo() does not exist. Using darkScale = 1.0.
INFO 2022-11-08T18:09:03.187+01:00 lsst.isr (isr:{instrument: 'LATISS', detector: 0, exposure: 2022031700208, ...})(isrTask.py:1506) - Set 6479 BAD pixels to 15603.822266.
INFO 2022-11-08T18:09:03.188+01:00 lsst.isr (isr:{instrument: 'LATISS', detector: 0, exposure: 2022031700208, ...})(isrTask.py:1509) - Interpolating masked pixels.
WARNING 2022-11-08T18:09:03.857+01:00 lsst.isr (isr:{instrument: 'LATISS', detector: 0, exposure: 2022031700208, ...})(isrTask.py:2272) - No rough magnitude zero point defined for filter empty~empty.
INFO 2022-11-08T18:09:03.858+01:00 lsst.isr (isr:{instrument: 'LATISS', detector: 0, exposure: 2022031700208, ...})(isrTask.py:2280) - Setting rough magnitude zero point for filter empty~empty: 31.692803
INFO 2022-11-08T18:09:07.238+01:00 lsst.ctrl.mpexec.singleQuantumExecutor (isr:{instrument: 'LATISS', detector: 0, exposure: 2022031700208, ...})(singleQuantumExecutor.py:233) - Execution of task 'isr' on quantum {instrument: 'LATISS', detector: 0, exposure: 2022031700208, ...} took 9.268 seconds
INFO 2022-11-08T18:09:07.682+01:00 lsst.ctrl.mpexec.mpGraphExecutor ()(mpGraphExecutor.py:516) - Executed 10 quanta successfully, 0 failed and 2 remain out of total 12 quanta.
WARNING 2022-11-08T18:09:09.283+01:00 lsst.obs.lsst.assembly (isr:{instrument: 'LATISS', detector: 0, exposure: 2022031700203, ...})(assembly.py:230) - /sps/lsst/groups/auxtel/softs/shared/auxteldm_gen3/data/LATISS/raw/all/raw/20220317/AT_O_20220317_000203/raw_LATISS_empty~empty_AT_O_20220317_000203_RXX_S00_LATISS_raw_all.fits: outAmp.getRawBBox() != data.getBBox(); patching. ((minimum=(0, 0), maximum=(543, 2047)) v. (minimum=(0, 0), maximum=(575, 2047)))
INFO 2022-11-08T18:09:10.833+01:00 lsst.isr (isr:{instrument: 'LATISS', detector: 0, exposure: 2022031700203, ...})(isrTask.py:1231) - Converting exposure to floating point values.
INFO 2022-11-08T18:09:11.378+01:00 lsst.isr (isr:{instrument: 'LATISS', detector: 0, exposure: 2022031700203, ...})(isrTask.py:1291) - Assembling CCD from amplifiers.
WARNING 2022-11-08T18:09:11.586+01:00 lsst.isr (isr:{instrument: 'LATISS', detector: 0, exposure: 2022031700203, ...})(isrTask.py:1295) - No WCS found in input exposure.
INFO 2022-11-08T18:09:11.587+01:00 lsst.isr (isr:{instrument: 'LATISS', detector: 0, exposure: 2022031700203, ...})(isrTask.py:1303) - Applying bias correction.
INFO 2022-11-08T18:09:12.203+01:00 lsst.isr (isr:{instrument: 'LATISS', detector: 0, exposure: 2022031700203, ...})(isrTask.py:1349) - Masking defects.
INFO 2022-11-08T18:09:12.206+01:00 lsst.isr (isr:{instrument: 'LATISS', detector: 0, exposure: 2022031700203, ...})(isrTask.py:1358) - Masking non-finite (NAN, inf) value pixels.
INFO 2022-11-08T18:09:12.230+01:00 lsst.isr (isr:{instrument: 'LATISS', detector: 0, exposure: 2022031700203, ...})(isrTask.py:1362) - Widening saturation trails.
INFO 2022-11-08T18:09:12.277+01:00 lsst.isr (isr:{instrument: 'LATISS', detector: 0, exposure: 2022031700203, ...})(isrTask.py:1428) - Applying dark correction.
WARNING 2022-11-08T18:09:12.277+01:00 lsst.isr (isr:{instrument: 'LATISS', detector: 0, exposure: 2022031700203, ...})(isrTask.py:1923) - darkExposure.getInfo().getVisitInfo() does not exist. Using darkScale = 1.0.
INFO 2022-11-08T18:09:12.862+01:00 lsst.isr (isr:{instrument: 'LATISS', detector: 0, exposure: 2022031700203, ...})(isrTask.py:1506) - Set 6478 BAD pixels to 25230.650391.
INFO 2022-11-08T18:09:12.863+01:00 lsst.isr (isr:{instrument: 'LATISS', detector: 0, exposure: 2022031700203, ...})(isrTask.py:1509) - Interpolating masked pixels.
WARNING 2022-11-08T18:09:13.613+01:00 lsst.isr (isr:{instrument: 'LATISS', detector: 0, exposure: 2022031700203, ...})(isrTask.py:2272) - No rough magnitude zero point defined for filter empty~empty.
INFO 2022-11-08T18:09:13.613+01:00 lsst.isr (isr:{instrument: 'LATISS', detector: 0, exposure: 2022031700203, ...})(isrTask.py:2280) - Setting rough magnitude zero point for filter empty~empty: 31.692803
INFO 2022-11-08T18:09:17.265+01:00 lsst.ctrl.mpexec.singleQuantumExecutor (isr:{instrument: 'LATISS', detector: 0, exposure: 2022031700203, ...})(singleQuantumExecutor.py:233) - Execution of task 'isr' on quantum {instrument: 'LATISS', detector: 0, exposure: 2022031700203, ...} took 9.582 seconds
INFO 2022-11-08T18:09:17.621+01:00 lsst.ctrl.mpexec.mpGraphExecutor ()(mpGraphExecutor.py:516) - Executed 11 quanta successfully, 0 failed and 1 remain out of total 12 quanta.
INFO 2022-11-08T18:09:19.702+01:00 lsst.cpFlatCombine (cpFlatCombine:{instrument: 'LATISS', detector: 0, physical_filter: 'empty~empty', ...})(cpCombine.py:330) - Scaling input 0 by 11031.288942537314
INFO 2022-11-08T18:09:21.346+01:00 lsst.cpFlatCombine (cpFlatCombine:{instrument: 'LATISS', detector: 0, physical_filter: 'empty~empty', ...})(cpCombine.py:330) - Scaling input 1 by 28011.636526710867
INFO 2022-11-08T18:09:23.143+01:00 lsst.cpFlatCombine (cpFlatCombine:{instrument: 'LATISS', detector: 0, physical_filter: 'empty~empty', ...})(cpCombine.py:330) - Scaling input 2 by 25292.72961428653
INFO 2022-11-08T18:09:25.093+01:00 lsst.cpFlatCombine (cpFlatCombine:{instrument: 'LATISS', detector: 0, physical_filter: 'empty~empty', ...})(cpCombine.py:330) - Scaling input 3 by 22935.908609855633
INFO 2022-11-08T18:09:26.836+01:00 lsst.cpFlatCombine (cpFlatCombine:{instrument: 'LATISS', detector: 0, physical_filter: 'empty~empty', ...})(cpCombine.py:330) - Scaling input 4 by 20882.564928753032
INFO 2022-11-08T18:09:28.575+01:00 lsst.cpFlatCombine (cpFlatCombine:{instrument: 'LATISS', detector: 0, physical_filter: 'empty~empty', ...})(cpCombine.py:330) - Scaling input 5 by 18872.151619081662
INFO 2022-11-08T18:09:30.149+01:00 lsst.cpFlatCombine (cpFlatCombine:{instrument: 'LATISS', detector: 0, physical_filter: 'empty~empty', ...})(cpCombine.py:330) - Scaling input 6 by 17090.435444914463
INFO 2022-11-08T18:09:31.602+01:00 lsst.cpFlatCombine (cpFlatCombine:{instrument: 'LATISS', detector: 0, physical_filter: 'empty~empty', ...})(cpCombine.py:330) - Scaling input 7 by 15638.686438343075
INFO 2022-11-08T18:09:33.274+01:00 lsst.cpFlatCombine (cpFlatCombine:{instrument: 'LATISS', detector: 0, physical_filter: 'empty~empty', ...})(cpCombine.py:330) - Scaling input 8 by 14443.934199479523
INFO 2022-11-08T18:09:34.981+01:00 lsst.cpFlatCombine (cpFlatCombine:{instrument: 'LATISS', detector: 0, physical_filter: 'empty~empty', ...})(cpCombine.py:330) - Scaling input 9 by 13347.764940190182
INFO 2022-11-08T18:09:36.634+01:00 lsst.cpFlatCombine (cpFlatCombine:{instrument: 'LATISS', detector: 0, physical_filter: 'empty~empty', ...})(cpCombine.py:330) - Scaling input 10 by 12311.048830295626
WARNING 2022-11-08T18:10:16.343+01:00 lsst.cpFlatCombine (cpFlatCombine:{instrument: 'LATISS', detector: 0, physical_filter: 'empty~empty', ...})(cpCombine.py:588) - Found and fixed 7419 NAN pixels
WARNING 2022-11-08T18:10:16.642+01:00 lsst.cpFlatCombine (cpFlatCombine:{instrument: 'LATISS', detector: 0, physical_filter: 'empty~empty', ...})(cpCombine.py:557) - Exception making an obs group for headers. Continuing.
WARNING 2022-11-08T18:10:16.647+01:00 py.warnings (cpFlatCombine:{instrument: 'LATISS', detector: 0, physical_filter: 'empty~empty', ...})(warnings.py:109) - /cvmfs/sw.lsst.eu/linux-x86_64/lsst_distrib/w_2022_39/conda/envs/lsst-scipipe-4.1.0/share/eups/Linux64/obs_base/g188f660963+6ea671c325/python/lsst/obs/base/formatters/fitsExposure.py:94: FutureWarning: Exposure.filterLabel component is deprecated; use .filter instead. Will be removed after v24.
  return self.readComponent(component)

INFO 2022-11-08T18:10:21.198+01:00 lsst.ctrl.mpexec.singleQuantumExecutor (cpFlatCombine:{instrument: 'LATISS', detector: 0, physical_filter: 'empty~empty', ...})(singleQuantumExecutor.py:233) - Execution of task 'cpFlatCombine' on quantum {instrument: 'LATISS', detector: 0, physical_filter: 'empty~empty', ...} took 63.577 seconds
INFO 2022-11-08T18:10:21.532+01:00 lsst.ctrl.mpexec.mpGraphExecutor ()(mpGraphExecutor.py:516) - Executed 12 quanta successfully, 0 failed and 0 remain out of total 12 quanta.
