INFO 2022-11-09T22:32:10.120+01:00 lsst.ctrl.mpexec.cmdLineFwk ()(cmdLineFwk.py:581) - QuantumGraph contains 34 quanta for 4 tasks, graph ID: '1668029530.108686-4835'
WARNING 2022-11-09T22:32:20.951+01:00 py.warnings (verifyFlatApply:{instrument: 'LATISS', detector: 0, exposure: 2022031700209, ...})(warnings.py:109) - /cvmfs/sw.lsst.eu/linux-x86_64/lsst_distrib/w_2022_39/conda/envs/lsst-scipipe-4.1.0/share/eups/Linux64/obs_base/g188f660963+6ea671c325/python/lsst/obs/base/formatters/fitsExposure.py:659: UserWarning: Reading file:///sps/lsst/groups/auxtel/softs/shared/auxteldm_gen3/data/u/czw/DM-28920/flatGen.20210720Xb/20210720T225330Z/flat/white/empty~empty/flat_LATISS_white_empty~empty_RXX_S00_u_czw_DM-28920_flatGen_20210720Xb_20210720T225330Z.fits with data ID {instrument: 'LATISS', detector: 0, physical_filter: 'empty~empty', ...}: filter label mismatch (file is None, data ID is FilterLabel(band="white", physical="empty~empty")).  This is probably a bug in the code that produced it.
  warnings.warn(

WARNING 2022-11-09T22:32:22.743+01:00 lsst.obs.lsst.assembly (verifyFlatApply:{instrument: 'LATISS', detector: 0, exposure: 2022031700209, ...})(assembly.py:230) - /sps/lsst/groups/auxtel/softs/shared/auxteldm_gen3/data/LATISS/raw/all/raw/20220317/AT_O_20220317_000209/raw_LATISS_empty~empty_AT_O_20220317_000209_RXX_S00_LATISS_raw_all.fits: outAmp.getRawBBox() != data.getBBox(); patching. ((minimum=(0, 0), maximum=(543, 2047)) v. (minimum=(0, 0), maximum=(575, 2047)))
WARNING 2022-11-09T22:32:24.009+01:00 lsst.verifyFlatApply (verifyFlatApply:{instrument: 'LATISS', detector: 0, exposure: 2022031700209, ...})(isrTask.py:997) - Constructing linearizer from cameraGeom information.
INFO 2022-11-09T22:32:24.010+01:00 lsst.verifyFlatApply (verifyFlatApply:{instrument: 'LATISS', detector: 0, exposure: 2022031700209, ...})(isrTask.py:1231) - Converting exposure to floating point values.
INFO 2022-11-09T22:32:24.481+01:00 lsst.verifyFlatApply (verifyFlatApply:{instrument: 'LATISS', detector: 0, exposure: 2022031700209, ...})(isrTask.py:1291) - Assembling CCD from amplifiers.
WARNING 2022-11-09T22:32:24.733+01:00 lsst.verifyFlatApply (verifyFlatApply:{instrument: 'LATISS', detector: 0, exposure: 2022031700209, ...})(isrTask.py:1295) - No WCS found in input exposure.
INFO 2022-11-09T22:32:24.734+01:00 lsst.verifyFlatApply (verifyFlatApply:{instrument: 'LATISS', detector: 0, exposure: 2022031700209, ...})(isrTask.py:1303) - Applying bias correction.
INFO 2022-11-09T22:32:25.570+01:00 lsst.verifyFlatApply (verifyFlatApply:{instrument: 'LATISS', detector: 0, exposure: 2022031700209, ...})(isrTask.py:1335) - Applying linearizer.
INFO 2022-11-09T22:32:25.571+01:00 lsst.verifyFlatApply (verifyFlatApply:{instrument: 'LATISS', detector: 0, exposure: 2022031700209, ...})(isrTask.py:1349) - Masking defects.
INFO 2022-11-09T22:32:25.573+01:00 lsst.verifyFlatApply (verifyFlatApply:{instrument: 'LATISS', detector: 0, exposure: 2022031700209, ...})(isrTask.py:1358) - Masking non-finite (NAN, inf) value pixels.
INFO 2022-11-09T22:32:25.602+01:00 lsst.verifyFlatApply (verifyFlatApply:{instrument: 'LATISS', detector: 0, exposure: 2022031700209, ...})(isrTask.py:1362) - Widening saturation trails.
INFO 2022-11-09T22:32:25.644+01:00 lsst.verifyFlatApply (verifyFlatApply:{instrument: 'LATISS', detector: 0, exposure: 2022031700209, ...})(isrTask.py:1428) - Applying dark correction.
WARNING 2022-11-09T22:32:25.645+01:00 lsst.verifyFlatApply (verifyFlatApply:{instrument: 'LATISS', detector: 0, exposure: 2022031700209, ...})(isrTask.py:1923) - darkExposure.getInfo().getVisitInfo() does not exist. Using darkScale = 1.0.
INFO 2022-11-09T22:32:25.717+01:00 lsst.verifyFlatApply (verifyFlatApply:{instrument: 'LATISS', detector: 0, exposure: 2022031700209, ...})(isrTask.py:1443) - Applying flat correction.
INFO 2022-11-09T22:32:26.556+01:00 lsst.verifyFlatApply (verifyFlatApply:{instrument: 'LATISS', detector: 0, exposure: 2022031700209, ...})(isrTask.py:1506) - Set 6480 BAD pixels to 14443.187500.
INFO 2022-11-09T22:32:26.556+01:00 lsst.verifyFlatApply (verifyFlatApply:{instrument: 'LATISS', detector: 0, exposure: 2022031700209, ...})(isrTask.py:1509) - Interpolating masked pixels.
WARNING 2022-11-09T22:32:27.392+01:00 lsst.verifyFlatApply (verifyFlatApply:{instrument: 'LATISS', detector: 0, exposure: 2022031700209, ...})(isrTask.py:2272) - No rough magnitude zero point defined for filter empty~empty.
INFO 2022-11-09T22:32:27.394+01:00 lsst.verifyFlatApply (verifyFlatApply:{instrument: 'LATISS', detector: 0, exposure: 2022031700209, ...})(isrTask.py:2280) - Setting rough magnitude zero point for filter empty~empty: 31.692803
INFO 2022-11-09T22:32:30.355+01:00 lsst.ctrl.mpexec.singleQuantumExecutor (verifyFlatApply:{instrument: 'LATISS', detector: 0, exposure: 2022031700209, ...})(singleQuantumExecutor.py:233) - Execution of task 'verifyFlatApply' on quantum {instrument: 'LATISS', detector: 0, exposure: 2022031700209, ...} took 12.584 seconds
INFO 2022-11-09T22:32:30.891+01:00 lsst.ctrl.mpexec.mpGraphExecutor ()(mpGraphExecutor.py:516) - Executed 1 quanta successfully, 0 failed and 33 remain out of total 34 quanta.
WARNING 2022-11-09T22:32:32.857+01:00 py.warnings (verifyFlatApply:{instrument: 'LATISS', detector: 0, exposure: 2022031700210, ...})(warnings.py:109) - /cvmfs/sw.lsst.eu/linux-x86_64/lsst_distrib/w_2022_39/conda/envs/lsst-scipipe-4.1.0/share/eups/Linux64/obs_base/g188f660963+6ea671c325/python/lsst/obs/base/formatters/fitsExposure.py:659: UserWarning: Reading file:///sps/lsst/groups/auxtel/softs/shared/auxteldm_gen3/data/u/czw/DM-28920/flatGen.20210720Xb/20210720T225330Z/flat/white/empty~empty/flat_LATISS_white_empty~empty_RXX_S00_u_czw_DM-28920_flatGen_20210720Xb_20210720T225330Z.fits with data ID {instrument: 'LATISS', detector: 0, physical_filter: 'empty~empty', ...}: filter label mismatch (file is None, data ID is FilterLabel(band="white", physical="empty~empty")).  This is probably a bug in the code that produced it.
  warnings.warn(

WARNING 2022-11-09T22:32:34.303+01:00 lsst.obs.lsst.assembly (verifyFlatApply:{instrument: 'LATISS', detector: 0, exposure: 2022031700210, ...})(assembly.py:230) - /sps/lsst/groups/auxtel/softs/shared/auxteldm_gen3/data/LATISS/raw/all/raw/20220317/AT_O_20220317_000210/raw_LATISS_empty~empty_AT_O_20220317_000210_RXX_S00_LATISS_raw_all.fits: outAmp.getRawBBox() != data.getBBox(); patching. ((minimum=(0, 0), maximum=(543, 2047)) v. (minimum=(0, 0), maximum=(575, 2047)))
WARNING 2022-11-09T22:32:34.628+01:00 lsst.verifyFlatApply (verifyFlatApply:{instrument: 'LATISS', detector: 0, exposure: 2022031700210, ...})(isrTask.py:997) - Constructing linearizer from cameraGeom information.
INFO 2022-11-09T22:32:34.628+01:00 lsst.verifyFlatApply (verifyFlatApply:{instrument: 'LATISS', detector: 0, exposure: 2022031700210, ...})(isrTask.py:1231) - Converting exposure to floating point values.
INFO 2022-11-09T22:32:35.054+01:00 lsst.verifyFlatApply (verifyFlatApply:{instrument: 'LATISS', detector: 0, exposure: 2022031700210, ...})(isrTask.py:1291) - Assembling CCD from amplifiers.
WARNING 2022-11-09T22:32:35.292+01:00 lsst.verifyFlatApply (verifyFlatApply:{instrument: 'LATISS', detector: 0, exposure: 2022031700210, ...})(isrTask.py:1295) - No WCS found in input exposure.
INFO 2022-11-09T22:32:35.293+01:00 lsst.verifyFlatApply (verifyFlatApply:{instrument: 'LATISS', detector: 0, exposure: 2022031700210, ...})(isrTask.py:1303) - Applying bias correction.
INFO 2022-11-09T22:32:35.868+01:00 lsst.verifyFlatApply (verifyFlatApply:{instrument: 'LATISS', detector: 0, exposure: 2022031700210, ...})(isrTask.py:1335) - Applying linearizer.
INFO 2022-11-09T22:32:35.870+01:00 lsst.verifyFlatApply (verifyFlatApply:{instrument: 'LATISS', detector: 0, exposure: 2022031700210, ...})(isrTask.py:1349) - Masking defects.
INFO 2022-11-09T22:32:35.871+01:00 lsst.verifyFlatApply (verifyFlatApply:{instrument: 'LATISS', detector: 0, exposure: 2022031700210, ...})(isrTask.py:1358) - Masking non-finite (NAN, inf) value pixels.
INFO 2022-11-09T22:32:35.890+01:00 lsst.verifyFlatApply (verifyFlatApply:{instrument: 'LATISS', detector: 0, exposure: 2022031700210, ...})(isrTask.py:1362) - Widening saturation trails.
INFO 2022-11-09T22:32:35.932+01:00 lsst.verifyFlatApply (verifyFlatApply:{instrument: 'LATISS', detector: 0, exposure: 2022031700210, ...})(isrTask.py:1428) - Applying dark correction.
WARNING 2022-11-09T22:32:35.933+01:00 lsst.verifyFlatApply (verifyFlatApply:{instrument: 'LATISS', detector: 0, exposure: 2022031700210, ...})(isrTask.py:1923) - darkExposure.getInfo().getVisitInfo() does not exist. Using darkScale = 1.0.
INFO 2022-11-09T22:32:35.970+01:00 lsst.verifyFlatApply (verifyFlatApply:{instrument: 'LATISS', detector: 0, exposure: 2022031700210, ...})(isrTask.py:1443) - Applying flat correction.
INFO 2022-11-09T22:32:36.609+01:00 lsst.verifyFlatApply (verifyFlatApply:{instrument: 'LATISS', detector: 0, exposure: 2022031700210, ...})(isrTask.py:1506) - Set 6480 BAD pixels to 13347.324219.
INFO 2022-11-09T22:32:36.609+01:00 lsst.verifyFlatApply (verifyFlatApply:{instrument: 'LATISS', detector: 0, exposure: 2022031700210, ...})(isrTask.py:1509) - Interpolating masked pixels.
WARNING 2022-11-09T22:32:37.312+01:00 lsst.verifyFlatApply (verifyFlatApply:{instrument: 'LATISS', detector: 0, exposure: 2022031700210, ...})(isrTask.py:2272) - No rough magnitude zero point defined for filter empty~empty.
INFO 2022-11-09T22:32:37.312+01:00 lsst.verifyFlatApply (verifyFlatApply:{instrument: 'LATISS', detector: 0, exposure: 2022031700210, ...})(isrTask.py:2280) - Setting rough magnitude zero point for filter empty~empty: 31.692803
INFO 2022-11-09T22:32:40.351+01:00 lsst.ctrl.mpexec.singleQuantumExecutor (verifyFlatApply:{instrument: 'LATISS', detector: 0, exposure: 2022031700210, ...})(singleQuantumExecutor.py:233) - Execution of task 'verifyFlatApply' on quantum {instrument: 'LATISS', detector: 0, exposure: 2022031700210, ...} took 9.460 seconds
INFO 2022-11-09T22:32:40.700+01:00 lsst.ctrl.mpexec.mpGraphExecutor ()(mpGraphExecutor.py:516) - Executed 2 quanta successfully, 0 failed and 32 remain out of total 34 quanta.
WARNING 2022-11-09T22:32:42.963+01:00 py.warnings (verifyFlatApply:{instrument: 'LATISS', detector: 0, exposure: 2022031700202, ...})(warnings.py:109) - /cvmfs/sw.lsst.eu/linux-x86_64/lsst_distrib/w_2022_39/conda/envs/lsst-scipipe-4.1.0/share/eups/Linux64/obs_base/g188f660963+6ea671c325/python/lsst/obs/base/formatters/fitsExposure.py:659: UserWarning: Reading file:///sps/lsst/groups/auxtel/softs/shared/auxteldm_gen3/data/u/czw/DM-28920/flatGen.20210720Xb/20210720T225330Z/flat/white/empty~empty/flat_LATISS_white_empty~empty_RXX_S00_u_czw_DM-28920_flatGen_20210720Xb_20210720T225330Z.fits with data ID {instrument: 'LATISS', detector: 0, physical_filter: 'empty~empty', ...}: filter label mismatch (file is None, data ID is FilterLabel(band="white", physical="empty~empty")).  This is probably a bug in the code that produced it.
  warnings.warn(

WARNING 2022-11-09T22:32:45.885+01:00 lsst.obs.lsst.assembly (verifyFlatApply:{instrument: 'LATISS', detector: 0, exposure: 2022031700202, ...})(assembly.py:230) - /sps/lsst/groups/auxtel/softs/shared/auxteldm_gen3/data/LATISS/raw/all/raw/20220317/AT_O_20220317_000202/raw_LATISS_empty~empty_AT_O_20220317_000202_RXX_S00_LATISS_raw_all.fits: outAmp.getRawBBox() != data.getBBox(); patching. ((minimum=(0, 0), maximum=(543, 2047)) v. (minimum=(0, 0), maximum=(575, 2047)))
WARNING 2022-11-09T22:32:46.281+01:00 lsst.verifyFlatApply (verifyFlatApply:{instrument: 'LATISS', detector: 0, exposure: 2022031700202, ...})(isrTask.py:997) - Constructing linearizer from cameraGeom information.
INFO 2022-11-09T22:32:46.282+01:00 lsst.verifyFlatApply (verifyFlatApply:{instrument: 'LATISS', detector: 0, exposure: 2022031700202, ...})(isrTask.py:1231) - Converting exposure to floating point values.
INFO 2022-11-09T22:32:46.707+01:00 lsst.verifyFlatApply (verifyFlatApply:{instrument: 'LATISS', detector: 0, exposure: 2022031700202, ...})(isrTask.py:1291) - Assembling CCD from amplifiers.
WARNING 2022-11-09T22:32:47.041+01:00 lsst.verifyFlatApply (verifyFlatApply:{instrument: 'LATISS', detector: 0, exposure: 2022031700202, ...})(isrTask.py:1295) - No WCS found in input exposure.
INFO 2022-11-09T22:32:47.042+01:00 lsst.verifyFlatApply (verifyFlatApply:{instrument: 'LATISS', detector: 0, exposure: 2022031700202, ...})(isrTask.py:1303) - Applying bias correction.
INFO 2022-11-09T22:32:47.822+01:00 lsst.verifyFlatApply (verifyFlatApply:{instrument: 'LATISS', detector: 0, exposure: 2022031700202, ...})(isrTask.py:1335) - Applying linearizer.
INFO 2022-11-09T22:32:47.824+01:00 lsst.verifyFlatApply (verifyFlatApply:{instrument: 'LATISS', detector: 0, exposure: 2022031700202, ...})(isrTask.py:1349) - Masking defects.
INFO 2022-11-09T22:32:47.826+01:00 lsst.verifyFlatApply (verifyFlatApply:{instrument: 'LATISS', detector: 0, exposure: 2022031700202, ...})(isrTask.py:1358) - Masking non-finite (NAN, inf) value pixels.
INFO 2022-11-09T22:32:47.844+01:00 lsst.verifyFlatApply (verifyFlatApply:{instrument: 'LATISS', detector: 0, exposure: 2022031700202, ...})(isrTask.py:1362) - Widening saturation trails.
INFO 2022-11-09T22:32:47.888+01:00 lsst.verifyFlatApply (verifyFlatApply:{instrument: 'LATISS', detector: 0, exposure: 2022031700202, ...})(isrTask.py:1428) - Applying dark correction.
WARNING 2022-11-09T22:32:47.888+01:00 lsst.verifyFlatApply (verifyFlatApply:{instrument: 'LATISS', detector: 0, exposure: 2022031700202, ...})(isrTask.py:1923) - darkExposure.getInfo().getVisitInfo() does not exist. Using darkScale = 1.0.
INFO 2022-11-09T22:32:47.926+01:00 lsst.verifyFlatApply (verifyFlatApply:{instrument: 'LATISS', detector: 0, exposure: 2022031700202, ...})(isrTask.py:1443) - Applying flat correction.
INFO 2022-11-09T22:32:48.566+01:00 lsst.verifyFlatApply (verifyFlatApply:{instrument: 'LATISS', detector: 0, exposure: 2022031700202, ...})(isrTask.py:1506) - Set 6448 BAD pixels to 28008.400391.
INFO 2022-11-09T22:32:48.566+01:00 lsst.verifyFlatApply (verifyFlatApply:{instrument: 'LATISS', detector: 0, exposure: 2022031700202, ...})(isrTask.py:1509) - Interpolating masked pixels.
WARNING 2022-11-09T22:32:49.307+01:00 lsst.verifyFlatApply (verifyFlatApply:{instrument: 'LATISS', detector: 0, exposure: 2022031700202, ...})(isrTask.py:2272) - No rough magnitude zero point defined for filter empty~empty.
INFO 2022-11-09T22:32:49.307+01:00 lsst.verifyFlatApply (verifyFlatApply:{instrument: 'LATISS', detector: 0, exposure: 2022031700202, ...})(isrTask.py:2280) - Setting rough magnitude zero point for filter empty~empty: 31.692803
INFO 2022-11-09T22:32:52.313+01:00 lsst.ctrl.mpexec.singleQuantumExecutor (verifyFlatApply:{instrument: 'LATISS', detector: 0, exposure: 2022031700202, ...})(singleQuantumExecutor.py:233) - Execution of task 'verifyFlatApply' on quantum {instrument: 'LATISS', detector: 0, exposure: 2022031700202, ...} took 11.612 seconds
INFO 2022-11-09T22:32:52.608+01:00 lsst.ctrl.mpexec.mpGraphExecutor ()(mpGraphExecutor.py:516) - Executed 3 quanta successfully, 0 failed and 31 remain out of total 34 quanta.
WARNING 2022-11-09T22:32:54.600+01:00 py.warnings (verifyFlatApply:{instrument: 'LATISS', detector: 0, exposure: 2022031700205, ...})(warnings.py:109) - /cvmfs/sw.lsst.eu/linux-x86_64/lsst_distrib/w_2022_39/conda/envs/lsst-scipipe-4.1.0/share/eups/Linux64/obs_base/g188f660963+6ea671c325/python/lsst/obs/base/formatters/fitsExposure.py:659: UserWarning: Reading file:///sps/lsst/groups/auxtel/softs/shared/auxteldm_gen3/data/u/czw/DM-28920/flatGen.20210720Xb/20210720T225330Z/flat/white/empty~empty/flat_LATISS_white_empty~empty_RXX_S00_u_czw_DM-28920_flatGen_20210720Xb_20210720T225330Z.fits with data ID {instrument: 'LATISS', detector: 0, physical_filter: 'empty~empty', ...}: filter label mismatch (file is None, data ID is FilterLabel(band="white", physical="empty~empty")).  This is probably a bug in the code that produced it.
  warnings.warn(

WARNING 2022-11-09T22:32:56.028+01:00 lsst.obs.lsst.assembly (verifyFlatApply:{instrument: 'LATISS', detector: 0, exposure: 2022031700205, ...})(assembly.py:230) - /sps/lsst/groups/auxtel/softs/shared/auxteldm_gen3/data/LATISS/raw/all/raw/20220317/AT_O_20220317_000205/raw_LATISS_empty~empty_AT_O_20220317_000205_RXX_S00_LATISS_raw_all.fits: outAmp.getRawBBox() != data.getBBox(); patching. ((minimum=(0, 0), maximum=(543, 2047)) v. (minimum=(0, 0), maximum=(575, 2047)))
WARNING 2022-11-09T22:32:56.355+01:00 lsst.verifyFlatApply (verifyFlatApply:{instrument: 'LATISS', detector: 0, exposure: 2022031700205, ...})(isrTask.py:997) - Constructing linearizer from cameraGeom information.
INFO 2022-11-09T22:32:56.356+01:00 lsst.verifyFlatApply (verifyFlatApply:{instrument: 'LATISS', detector: 0, exposure: 2022031700205, ...})(isrTask.py:1231) - Converting exposure to floating point values.
INFO 2022-11-09T22:32:56.681+01:00 lsst.verifyFlatApply (verifyFlatApply:{instrument: 'LATISS', detector: 0, exposure: 2022031700205, ...})(isrTask.py:1291) - Assembling CCD from amplifiers.
WARNING 2022-11-09T22:32:56.983+01:00 lsst.verifyFlatApply (verifyFlatApply:{instrument: 'LATISS', detector: 0, exposure: 2022031700205, ...})(isrTask.py:1295) - No WCS found in input exposure.
INFO 2022-11-09T22:32:56.984+01:00 lsst.verifyFlatApply (verifyFlatApply:{instrument: 'LATISS', detector: 0, exposure: 2022031700205, ...})(isrTask.py:1303) - Applying bias correction.
INFO 2022-11-09T22:32:57.698+01:00 lsst.verifyFlatApply (verifyFlatApply:{instrument: 'LATISS', detector: 0, exposure: 2022031700205, ...})(isrTask.py:1335) - Applying linearizer.
INFO 2022-11-09T22:32:57.700+01:00 lsst.verifyFlatApply (verifyFlatApply:{instrument: 'LATISS', detector: 0, exposure: 2022031700205, ...})(isrTask.py:1349) - Masking defects.
INFO 2022-11-09T22:32:57.702+01:00 lsst.verifyFlatApply (verifyFlatApply:{instrument: 'LATISS', detector: 0, exposure: 2022031700205, ...})(isrTask.py:1358) - Masking non-finite (NAN, inf) value pixels.
INFO 2022-11-09T22:32:57.736+01:00 lsst.verifyFlatApply (verifyFlatApply:{instrument: 'LATISS', detector: 0, exposure: 2022031700205, ...})(isrTask.py:1362) - Widening saturation trails.
INFO 2022-11-09T22:32:57.795+01:00 lsst.verifyFlatApply (verifyFlatApply:{instrument: 'LATISS', detector: 0, exposure: 2022031700205, ...})(isrTask.py:1428) - Applying dark correction.
WARNING 2022-11-09T22:32:57.796+01:00 lsst.verifyFlatApply (verifyFlatApply:{instrument: 'LATISS', detector: 0, exposure: 2022031700205, ...})(isrTask.py:1923) - darkExposure.getInfo().getVisitInfo() does not exist. Using darkScale = 1.0.
INFO 2022-11-09T22:32:57.859+01:00 lsst.verifyFlatApply (verifyFlatApply:{instrument: 'LATISS', detector: 0, exposure: 2022031700205, ...})(isrTask.py:1443) - Applying flat correction.
INFO 2022-11-09T22:32:58.525+01:00 lsst.verifyFlatApply (verifyFlatApply:{instrument: 'LATISS', detector: 0, exposure: 2022031700205, ...})(isrTask.py:1506) - Set 6478 BAD pixels to 20881.564453.
INFO 2022-11-09T22:32:58.526+01:00 lsst.verifyFlatApply (verifyFlatApply:{instrument: 'LATISS', detector: 0, exposure: 2022031700205, ...})(isrTask.py:1509) - Interpolating masked pixels.
WARNING 2022-11-09T22:32:59.195+01:00 lsst.verifyFlatApply (verifyFlatApply:{instrument: 'LATISS', detector: 0, exposure: 2022031700205, ...})(isrTask.py:2272) - No rough magnitude zero point defined for filter empty~empty.
INFO 2022-11-09T22:32:59.195+01:00 lsst.verifyFlatApply (verifyFlatApply:{instrument: 'LATISS', detector: 0, exposure: 2022031700205, ...})(isrTask.py:2280) - Setting rough magnitude zero point for filter empty~empty: 31.692803
INFO 2022-11-09T22:33:01.997+01:00 lsst.ctrl.mpexec.singleQuantumExecutor (verifyFlatApply:{instrument: 'LATISS', detector: 0, exposure: 2022031700205, ...})(singleQuantumExecutor.py:233) - Execution of task 'verifyFlatApply' on quantum {instrument: 'LATISS', detector: 0, exposure: 2022031700205, ...} took 9.388 seconds
INFO 2022-11-09T22:33:02.399+01:00 lsst.ctrl.mpexec.mpGraphExecutor ()(mpGraphExecutor.py:516) - Executed 4 quanta successfully, 0 failed and 30 remain out of total 34 quanta.
WARNING 2022-11-09T22:33:04.619+01:00 py.warnings (verifyFlatApply:{instrument: 'LATISS', detector: 0, exposure: 2022031700204, ...})(warnings.py:109) - /cvmfs/sw.lsst.eu/linux-x86_64/lsst_distrib/w_2022_39/conda/envs/lsst-scipipe-4.1.0/share/eups/Linux64/obs_base/g188f660963+6ea671c325/python/lsst/obs/base/formatters/fitsExposure.py:659: UserWarning: Reading file:///sps/lsst/groups/auxtel/softs/shared/auxteldm_gen3/data/u/czw/DM-28920/flatGen.20210720Xb/20210720T225330Z/flat/white/empty~empty/flat_LATISS_white_empty~empty_RXX_S00_u_czw_DM-28920_flatGen_20210720Xb_20210720T225330Z.fits with data ID {instrument: 'LATISS', detector: 0, physical_filter: 'empty~empty', ...}: filter label mismatch (file is None, data ID is FilterLabel(band="white", physical="empty~empty")).  This is probably a bug in the code that produced it.
  warnings.warn(

WARNING 2022-11-09T22:33:05.970+01:00 lsst.obs.lsst.assembly (verifyFlatApply:{instrument: 'LATISS', detector: 0, exposure: 2022031700204, ...})(assembly.py:230) - /sps/lsst/groups/auxtel/softs/shared/auxteldm_gen3/data/LATISS/raw/all/raw/20220317/AT_O_20220317_000204/raw_LATISS_empty~empty_AT_O_20220317_000204_RXX_S00_LATISS_raw_all.fits: outAmp.getRawBBox() != data.getBBox(); patching. ((minimum=(0, 0), maximum=(543, 2047)) v. (minimum=(0, 0), maximum=(575, 2047)))
WARNING 2022-11-09T22:33:06.269+01:00 lsst.verifyFlatApply (verifyFlatApply:{instrument: 'LATISS', detector: 0, exposure: 2022031700204, ...})(isrTask.py:997) - Constructing linearizer from cameraGeom information.
INFO 2022-11-09T22:33:06.270+01:00 lsst.verifyFlatApply (verifyFlatApply:{instrument: 'LATISS', detector: 0, exposure: 2022031700204, ...})(isrTask.py:1231) - Converting exposure to floating point values.
INFO 2022-11-09T22:33:06.697+01:00 lsst.verifyFlatApply (verifyFlatApply:{instrument: 'LATISS', detector: 0, exposure: 2022031700204, ...})(isrTask.py:1291) - Assembling CCD from amplifiers.
WARNING 2022-11-09T22:33:07.039+01:00 lsst.verifyFlatApply (verifyFlatApply:{instrument: 'LATISS', detector: 0, exposure: 2022031700204, ...})(isrTask.py:1295) - No WCS found in input exposure.
INFO 2022-11-09T22:33:07.040+01:00 lsst.verifyFlatApply (verifyFlatApply:{instrument: 'LATISS', detector: 0, exposure: 2022031700204, ...})(isrTask.py:1303) - Applying bias correction.
INFO 2022-11-09T22:33:07.672+01:00 lsst.verifyFlatApply (verifyFlatApply:{instrument: 'LATISS', detector: 0, exposure: 2022031700204, ...})(isrTask.py:1335) - Applying linearizer.
INFO 2022-11-09T22:33:07.673+01:00 lsst.verifyFlatApply (verifyFlatApply:{instrument: 'LATISS', detector: 0, exposure: 2022031700204, ...})(isrTask.py:1349) - Masking defects.
INFO 2022-11-09T22:33:07.674+01:00 lsst.verifyFlatApply (verifyFlatApply:{instrument: 'LATISS', detector: 0, exposure: 2022031700204, ...})(isrTask.py:1358) - Masking non-finite (NAN, inf) value pixels.
INFO 2022-11-09T22:33:07.706+01:00 lsst.verifyFlatApply (verifyFlatApply:{instrument: 'LATISS', detector: 0, exposure: 2022031700204, ...})(isrTask.py:1362) - Widening saturation trails.
INFO 2022-11-09T22:33:07.750+01:00 lsst.verifyFlatApply (verifyFlatApply:{instrument: 'LATISS', detector: 0, exposure: 2022031700204, ...})(isrTask.py:1428) - Applying dark correction.
WARNING 2022-11-09T22:33:07.750+01:00 lsst.verifyFlatApply (verifyFlatApply:{instrument: 'LATISS', detector: 0, exposure: 2022031700204, ...})(isrTask.py:1923) - darkExposure.getInfo().getVisitInfo() does not exist. Using darkScale = 1.0.
INFO 2022-11-09T22:33:07.826+01:00 lsst.verifyFlatApply (verifyFlatApply:{instrument: 'LATISS', detector: 0, exposure: 2022031700204, ...})(isrTask.py:1443) - Applying flat correction.
INFO 2022-11-09T22:33:08.562+01:00 lsst.verifyFlatApply (verifyFlatApply:{instrument: 'LATISS', detector: 0, exposure: 2022031700204, ...})(isrTask.py:1506) - Set 6478 BAD pixels to 22933.912109.
INFO 2022-11-09T22:33:08.562+01:00 lsst.verifyFlatApply (verifyFlatApply:{instrument: 'LATISS', detector: 0, exposure: 2022031700204, ...})(isrTask.py:1509) - Interpolating masked pixels.
WARNING 2022-11-09T22:33:09.406+01:00 lsst.verifyFlatApply (verifyFlatApply:{instrument: 'LATISS', detector: 0, exposure: 2022031700204, ...})(isrTask.py:2272) - No rough magnitude zero point defined for filter empty~empty.
INFO 2022-11-09T22:33:09.406+01:00 lsst.verifyFlatApply (verifyFlatApply:{instrument: 'LATISS', detector: 0, exposure: 2022031700204, ...})(isrTask.py:2280) - Setting rough magnitude zero point for filter empty~empty: 31.692803
INFO 2022-11-09T22:33:12.343+01:00 lsst.ctrl.mpexec.singleQuantumExecutor (verifyFlatApply:{instrument: 'LATISS', detector: 0, exposure: 2022031700204, ...})(singleQuantumExecutor.py:233) - Execution of task 'verifyFlatApply' on quantum {instrument: 'LATISS', detector: 0, exposure: 2022031700204, ...} took 9.944 seconds
INFO 2022-11-09T22:33:12.654+01:00 lsst.ctrl.mpexec.mpGraphExecutor ()(mpGraphExecutor.py:516) - Executed 5 quanta successfully, 0 failed and 29 remain out of total 34 quanta.
WARNING 2022-11-09T22:33:14.863+01:00 py.warnings (verifyFlatApply:{instrument: 'LATISS', detector: 0, exposure: 2022031700206, ...})(warnings.py:109) - /cvmfs/sw.lsst.eu/linux-x86_64/lsst_distrib/w_2022_39/conda/envs/lsst-scipipe-4.1.0/share/eups/Linux64/obs_base/g188f660963+6ea671c325/python/lsst/obs/base/formatters/fitsExposure.py:659: UserWarning: Reading file:///sps/lsst/groups/auxtel/softs/shared/auxteldm_gen3/data/u/czw/DM-28920/flatGen.20210720Xb/20210720T225330Z/flat/white/empty~empty/flat_LATISS_white_empty~empty_RXX_S00_u_czw_DM-28920_flatGen_20210720Xb_20210720T225330Z.fits with data ID {instrument: 'LATISS', detector: 0, physical_filter: 'empty~empty', ...}: filter label mismatch (file is None, data ID is FilterLabel(band="white", physical="empty~empty")).  This is probably a bug in the code that produced it.
  warnings.warn(

WARNING 2022-11-09T22:33:16.291+01:00 lsst.obs.lsst.assembly (verifyFlatApply:{instrument: 'LATISS', detector: 0, exposure: 2022031700206, ...})(assembly.py:230) - /sps/lsst/groups/auxtel/softs/shared/auxteldm_gen3/data/LATISS/raw/all/raw/20220317/AT_O_20220317_000206/raw_LATISS_empty~empty_AT_O_20220317_000206_RXX_S00_LATISS_raw_all.fits: outAmp.getRawBBox() != data.getBBox(); patching. ((minimum=(0, 0), maximum=(543, 2047)) v. (minimum=(0, 0), maximum=(575, 2047)))
WARNING 2022-11-09T22:33:16.712+01:00 lsst.verifyFlatApply (verifyFlatApply:{instrument: 'LATISS', detector: 0, exposure: 2022031700206, ...})(isrTask.py:997) - Constructing linearizer from cameraGeom information.
INFO 2022-11-09T22:33:16.714+01:00 lsst.verifyFlatApply (verifyFlatApply:{instrument: 'LATISS', detector: 0, exposure: 2022031700206, ...})(isrTask.py:1231) - Converting exposure to floating point values.
INFO 2022-11-09T22:33:17.089+01:00 lsst.verifyFlatApply (verifyFlatApply:{instrument: 'LATISS', detector: 0, exposure: 2022031700206, ...})(isrTask.py:1291) - Assembling CCD from amplifiers.
WARNING 2022-11-09T22:33:17.389+01:00 lsst.verifyFlatApply (verifyFlatApply:{instrument: 'LATISS', detector: 0, exposure: 2022031700206, ...})(isrTask.py:1295) - No WCS found in input exposure.
INFO 2022-11-09T22:33:17.390+01:00 lsst.verifyFlatApply (verifyFlatApply:{instrument: 'LATISS', detector: 0, exposure: 2022031700206, ...})(isrTask.py:1303) - Applying bias correction.
INFO 2022-11-09T22:33:18.078+01:00 lsst.verifyFlatApply (verifyFlatApply:{instrument: 'LATISS', detector: 0, exposure: 2022031700206, ...})(isrTask.py:1335) - Applying linearizer.
INFO 2022-11-09T22:33:18.080+01:00 lsst.verifyFlatApply (verifyFlatApply:{instrument: 'LATISS', detector: 0, exposure: 2022031700206, ...})(isrTask.py:1349) - Masking defects.
INFO 2022-11-09T22:33:18.082+01:00 lsst.verifyFlatApply (verifyFlatApply:{instrument: 'LATISS', detector: 0, exposure: 2022031700206, ...})(isrTask.py:1358) - Masking non-finite (NAN, inf) value pixels.
INFO 2022-11-09T22:33:18.114+01:00 lsst.verifyFlatApply (verifyFlatApply:{instrument: 'LATISS', detector: 0, exposure: 2022031700206, ...})(isrTask.py:1362) - Widening saturation trails.
INFO 2022-11-09T22:33:18.170+01:00 lsst.verifyFlatApply (verifyFlatApply:{instrument: 'LATISS', detector: 0, exposure: 2022031700206, ...})(isrTask.py:1428) - Applying dark correction.
WARNING 2022-11-09T22:33:18.171+01:00 lsst.verifyFlatApply (verifyFlatApply:{instrument: 'LATISS', detector: 0, exposure: 2022031700206, ...})(isrTask.py:1923) - darkExposure.getInfo().getVisitInfo() does not exist. Using darkScale = 1.0.
INFO 2022-11-09T22:33:18.233+01:00 lsst.verifyFlatApply (verifyFlatApply:{instrument: 'LATISS', detector: 0, exposure: 2022031700206, ...})(isrTask.py:1443) - Applying flat correction.
INFO 2022-11-09T22:33:18.908+01:00 lsst.verifyFlatApply (verifyFlatApply:{instrument: 'LATISS', detector: 0, exposure: 2022031700206, ...})(isrTask.py:1506) - Set 6478 BAD pixels to 18870.789062.
INFO 2022-11-09T22:33:18.909+01:00 lsst.verifyFlatApply (verifyFlatApply:{instrument: 'LATISS', detector: 0, exposure: 2022031700206, ...})(isrTask.py:1509) - Interpolating masked pixels.
WARNING 2022-11-09T22:33:19.606+01:00 lsst.verifyFlatApply (verifyFlatApply:{instrument: 'LATISS', detector: 0, exposure: 2022031700206, ...})(isrTask.py:2272) - No rough magnitude zero point defined for filter empty~empty.
INFO 2022-11-09T22:33:19.606+01:00 lsst.verifyFlatApply (verifyFlatApply:{instrument: 'LATISS', detector: 0, exposure: 2022031700206, ...})(isrTask.py:2280) - Setting rough magnitude zero point for filter empty~empty: 31.692803
INFO 2022-11-09T22:33:22.128+01:00 lsst.ctrl.mpexec.singleQuantumExecutor (verifyFlatApply:{instrument: 'LATISS', detector: 0, exposure: 2022031700206, ...})(singleQuantumExecutor.py:233) - Execution of task 'verifyFlatApply' on quantum {instrument: 'LATISS', detector: 0, exposure: 2022031700206, ...} took 9.473 seconds
INFO 2022-11-09T22:33:22.380+01:00 lsst.ctrl.mpexec.mpGraphExecutor ()(mpGraphExecutor.py:516) - Executed 6 quanta successfully, 0 failed and 28 remain out of total 34 quanta.
WARNING 2022-11-09T22:33:24.441+01:00 py.warnings (verifyFlatApply:{instrument: 'LATISS', detector: 0, exposure: 2022031700211, ...})(warnings.py:109) - /cvmfs/sw.lsst.eu/linux-x86_64/lsst_distrib/w_2022_39/conda/envs/lsst-scipipe-4.1.0/share/eups/Linux64/obs_base/g188f660963+6ea671c325/python/lsst/obs/base/formatters/fitsExposure.py:659: UserWarning: Reading file:///sps/lsst/groups/auxtel/softs/shared/auxteldm_gen3/data/u/czw/DM-28920/flatGen.20210720Xb/20210720T225330Z/flat/white/empty~empty/flat_LATISS_white_empty~empty_RXX_S00_u_czw_DM-28920_flatGen_20210720Xb_20210720T225330Z.fits with data ID {instrument: 'LATISS', detector: 0, physical_filter: 'empty~empty', ...}: filter label mismatch (file is None, data ID is FilterLabel(band="white", physical="empty~empty")).  This is probably a bug in the code that produced it.
  warnings.warn(

WARNING 2022-11-09T22:33:25.895+01:00 lsst.obs.lsst.assembly (verifyFlatApply:{instrument: 'LATISS', detector: 0, exposure: 2022031700211, ...})(assembly.py:230) - /sps/lsst/groups/auxtel/softs/shared/auxteldm_gen3/data/LATISS/raw/all/raw/20220317/AT_O_20220317_000211/raw_LATISS_empty~empty_AT_O_20220317_000211_RXX_S00_LATISS_raw_all.fits: outAmp.getRawBBox() != data.getBBox(); patching. ((minimum=(0, 0), maximum=(543, 2047)) v. (minimum=(0, 0), maximum=(575, 2047)))
WARNING 2022-11-09T22:33:26.224+01:00 lsst.verifyFlatApply (verifyFlatApply:{instrument: 'LATISS', detector: 0, exposure: 2022031700211, ...})(isrTask.py:997) - Constructing linearizer from cameraGeom information.
INFO 2022-11-09T22:33:26.225+01:00 lsst.verifyFlatApply (verifyFlatApply:{instrument: 'LATISS', detector: 0, exposure: 2022031700211, ...})(isrTask.py:1231) - Converting exposure to floating point values.
INFO 2022-11-09T22:33:26.552+01:00 lsst.verifyFlatApply (verifyFlatApply:{instrument: 'LATISS', detector: 0, exposure: 2022031700211, ...})(isrTask.py:1291) - Assembling CCD from amplifiers.
WARNING 2022-11-09T22:33:26.855+01:00 lsst.verifyFlatApply (verifyFlatApply:{instrument: 'LATISS', detector: 0, exposure: 2022031700211, ...})(isrTask.py:1295) - No WCS found in input exposure.
INFO 2022-11-09T22:33:26.855+01:00 lsst.verifyFlatApply (verifyFlatApply:{instrument: 'LATISS', detector: 0, exposure: 2022031700211, ...})(isrTask.py:1303) - Applying bias correction.
INFO 2022-11-09T22:33:27.439+01:00 lsst.verifyFlatApply (verifyFlatApply:{instrument: 'LATISS', detector: 0, exposure: 2022031700211, ...})(isrTask.py:1335) - Applying linearizer.
INFO 2022-11-09T22:33:27.440+01:00 lsst.verifyFlatApply (verifyFlatApply:{instrument: 'LATISS', detector: 0, exposure: 2022031700211, ...})(isrTask.py:1349) - Masking defects.
INFO 2022-11-09T22:33:27.442+01:00 lsst.verifyFlatApply (verifyFlatApply:{instrument: 'LATISS', detector: 0, exposure: 2022031700211, ...})(isrTask.py:1358) - Masking non-finite (NAN, inf) value pixels.
INFO 2022-11-09T22:33:27.474+01:00 lsst.verifyFlatApply (verifyFlatApply:{instrument: 'LATISS', detector: 0, exposure: 2022031700211, ...})(isrTask.py:1362) - Widening saturation trails.
INFO 2022-11-09T22:33:27.516+01:00 lsst.verifyFlatApply (verifyFlatApply:{instrument: 'LATISS', detector: 0, exposure: 2022031700211, ...})(isrTask.py:1428) - Applying dark correction.
WARNING 2022-11-09T22:33:27.517+01:00 lsst.verifyFlatApply (verifyFlatApply:{instrument: 'LATISS', detector: 0, exposure: 2022031700211, ...})(isrTask.py:1923) - darkExposure.getInfo().getVisitInfo() does not exist. Using darkScale = 1.0.
INFO 2022-11-09T22:33:27.593+01:00 lsst.verifyFlatApply (verifyFlatApply:{instrument: 'LATISS', detector: 0, exposure: 2022031700211, ...})(isrTask.py:1443) - Applying flat correction.
INFO 2022-11-09T22:33:28.339+01:00 lsst.verifyFlatApply (verifyFlatApply:{instrument: 'LATISS', detector: 0, exposure: 2022031700211, ...})(isrTask.py:1506) - Set 6481 BAD pixels to 12309.719727.
INFO 2022-11-09T22:33:28.339+01:00 lsst.verifyFlatApply (verifyFlatApply:{instrument: 'LATISS', detector: 0, exposure: 2022031700211, ...})(isrTask.py:1509) - Interpolating masked pixels.
WARNING 2022-11-09T22:33:29.109+01:00 lsst.verifyFlatApply (verifyFlatApply:{instrument: 'LATISS', detector: 0, exposure: 2022031700211, ...})(isrTask.py:2272) - No rough magnitude zero point defined for filter empty~empty.
INFO 2022-11-09T22:33:29.110+01:00 lsst.verifyFlatApply (verifyFlatApply:{instrument: 'LATISS', detector: 0, exposure: 2022031700211, ...})(isrTask.py:2280) - Setting rough magnitude zero point for filter empty~empty: 31.692803
INFO 2022-11-09T22:33:31.639+01:00 lsst.ctrl.mpexec.singleQuantumExecutor (verifyFlatApply:{instrument: 'LATISS', detector: 0, exposure: 2022031700211, ...})(singleQuantumExecutor.py:233) - Execution of task 'verifyFlatApply' on quantum {instrument: 'LATISS', detector: 0, exposure: 2022031700211, ...} took 9.259 seconds
INFO 2022-11-09T22:33:31.875+01:00 lsst.ctrl.mpexec.mpGraphExecutor ()(mpGraphExecutor.py:516) - Executed 7 quanta successfully, 0 failed and 27 remain out of total 34 quanta.
WARNING 2022-11-09T22:33:33.598+01:00 py.warnings (verifyFlatApply:{instrument: 'LATISS', detector: 0, exposure: 2022031700207, ...})(warnings.py:109) - /cvmfs/sw.lsst.eu/linux-x86_64/lsst_distrib/w_2022_39/conda/envs/lsst-scipipe-4.1.0/share/eups/Linux64/obs_base/g188f660963+6ea671c325/python/lsst/obs/base/formatters/fitsExposure.py:659: UserWarning: Reading file:///sps/lsst/groups/auxtel/softs/shared/auxteldm_gen3/data/u/czw/DM-28920/flatGen.20210720Xb/20210720T225330Z/flat/white/empty~empty/flat_LATISS_white_empty~empty_RXX_S00_u_czw_DM-28920_flatGen_20210720Xb_20210720T225330Z.fits with data ID {instrument: 'LATISS', detector: 0, physical_filter: 'empty~empty', ...}: filter label mismatch (file is None, data ID is FilterLabel(band="white", physical="empty~empty")).  This is probably a bug in the code that produced it.
  warnings.warn(

WARNING 2022-11-09T22:33:34.895+01:00 lsst.obs.lsst.assembly (verifyFlatApply:{instrument: 'LATISS', detector: 0, exposure: 2022031700207, ...})(assembly.py:230) - /sps/lsst/groups/auxtel/softs/shared/auxteldm_gen3/data/LATISS/raw/all/raw/20220317/AT_O_20220317_000207/raw_LATISS_empty~empty_AT_O_20220317_000207_RXX_S00_LATISS_raw_all.fits: outAmp.getRawBBox() != data.getBBox(); patching. ((minimum=(0, 0), maximum=(543, 2047)) v. (minimum=(0, 0), maximum=(575, 2047)))
WARNING 2022-11-09T22:33:35.322+01:00 lsst.verifyFlatApply (verifyFlatApply:{instrument: 'LATISS', detector: 0, exposure: 2022031700207, ...})(isrTask.py:997) - Constructing linearizer from cameraGeom information.
INFO 2022-11-09T22:33:35.323+01:00 lsst.verifyFlatApply (verifyFlatApply:{instrument: 'LATISS', detector: 0, exposure: 2022031700207, ...})(isrTask.py:1231) - Converting exposure to floating point values.
INFO 2022-11-09T22:33:35.777+01:00 lsst.verifyFlatApply (verifyFlatApply:{instrument: 'LATISS', detector: 0, exposure: 2022031700207, ...})(isrTask.py:1291) - Assembling CCD from amplifiers.
WARNING 2022-11-09T22:33:36.258+01:00 lsst.verifyFlatApply (verifyFlatApply:{instrument: 'LATISS', detector: 0, exposure: 2022031700207, ...})(isrTask.py:1295) - No WCS found in input exposure.
INFO 2022-11-09T22:33:36.258+01:00 lsst.verifyFlatApply (verifyFlatApply:{instrument: 'LATISS', detector: 0, exposure: 2022031700207, ...})(isrTask.py:1303) - Applying bias correction.
INFO 2022-11-09T22:33:36.963+01:00 lsst.verifyFlatApply (verifyFlatApply:{instrument: 'LATISS', detector: 0, exposure: 2022031700207, ...})(isrTask.py:1335) - Applying linearizer.
INFO 2022-11-09T22:33:36.964+01:00 lsst.verifyFlatApply (verifyFlatApply:{instrument: 'LATISS', detector: 0, exposure: 2022031700207, ...})(isrTask.py:1349) - Masking defects.
INFO 2022-11-09T22:33:36.966+01:00 lsst.verifyFlatApply (verifyFlatApply:{instrument: 'LATISS', detector: 0, exposure: 2022031700207, ...})(isrTask.py:1358) - Masking non-finite (NAN, inf) value pixels.
INFO 2022-11-09T22:33:37.004+01:00 lsst.verifyFlatApply (verifyFlatApply:{instrument: 'LATISS', detector: 0, exposure: 2022031700207, ...})(isrTask.py:1362) - Widening saturation trails.
INFO 2022-11-09T22:33:37.053+01:00 lsst.verifyFlatApply (verifyFlatApply:{instrument: 'LATISS', detector: 0, exposure: 2022031700207, ...})(isrTask.py:1428) - Applying dark correction.
WARNING 2022-11-09T22:33:37.054+01:00 lsst.verifyFlatApply (verifyFlatApply:{instrument: 'LATISS', detector: 0, exposure: 2022031700207, ...})(isrTask.py:1923) - darkExposure.getInfo().getVisitInfo() does not exist. Using darkScale = 1.0.
INFO 2022-11-09T22:33:37.143+01:00 lsst.verifyFlatApply (verifyFlatApply:{instrument: 'LATISS', detector: 0, exposure: 2022031700207, ...})(isrTask.py:1443) - Applying flat correction.
INFO 2022-11-09T22:33:37.872+01:00 lsst.verifyFlatApply (verifyFlatApply:{instrument: 'LATISS', detector: 0, exposure: 2022031700207, ...})(isrTask.py:1506) - Set 6479 BAD pixels to 17089.744141.
INFO 2022-11-09T22:33:37.872+01:00 lsst.verifyFlatApply (verifyFlatApply:{instrument: 'LATISS', detector: 0, exposure: 2022031700207, ...})(isrTask.py:1509) - Interpolating masked pixels.
WARNING 2022-11-09T22:33:38.630+01:00 lsst.verifyFlatApply (verifyFlatApply:{instrument: 'LATISS', detector: 0, exposure: 2022031700207, ...})(isrTask.py:2272) - No rough magnitude zero point defined for filter empty~empty.
INFO 2022-11-09T22:33:38.630+01:00 lsst.verifyFlatApply (verifyFlatApply:{instrument: 'LATISS', detector: 0, exposure: 2022031700207, ...})(isrTask.py:2280) - Setting rough magnitude zero point for filter empty~empty: 31.692803
INFO 2022-11-09T22:33:41.351+01:00 lsst.ctrl.mpexec.singleQuantumExecutor (verifyFlatApply:{instrument: 'LATISS', detector: 0, exposure: 2022031700207, ...})(singleQuantumExecutor.py:233) - Execution of task 'verifyFlatApply' on quantum {instrument: 'LATISS', detector: 0, exposure: 2022031700207, ...} took 9.476 seconds
INFO 2022-11-09T22:33:41.620+01:00 lsst.ctrl.mpexec.mpGraphExecutor ()(mpGraphExecutor.py:516) - Executed 8 quanta successfully, 0 failed and 26 remain out of total 34 quanta.
WARNING 2022-11-09T22:33:43.599+01:00 py.warnings (verifyFlatApply:{instrument: 'LATISS', detector: 0, exposure: 2022031700208, ...})(warnings.py:109) - /cvmfs/sw.lsst.eu/linux-x86_64/lsst_distrib/w_2022_39/conda/envs/lsst-scipipe-4.1.0/share/eups/Linux64/obs_base/g188f660963+6ea671c325/python/lsst/obs/base/formatters/fitsExposure.py:659: UserWarning: Reading file:///sps/lsst/groups/auxtel/softs/shared/auxteldm_gen3/data/u/czw/DM-28920/flatGen.20210720Xb/20210720T225330Z/flat/white/empty~empty/flat_LATISS_white_empty~empty_RXX_S00_u_czw_DM-28920_flatGen_20210720Xb_20210720T225330Z.fits with data ID {instrument: 'LATISS', detector: 0, physical_filter: 'empty~empty', ...}: filter label mismatch (file is None, data ID is FilterLabel(band="white", physical="empty~empty")).  This is probably a bug in the code that produced it.
  warnings.warn(

WARNING 2022-11-09T22:33:45.107+01:00 lsst.obs.lsst.assembly (verifyFlatApply:{instrument: 'LATISS', detector: 0, exposure: 2022031700208, ...})(assembly.py:230) - /sps/lsst/groups/auxtel/softs/shared/auxteldm_gen3/data/LATISS/raw/all/raw/20220317/AT_O_20220317_000208/raw_LATISS_empty~empty_AT_O_20220317_000208_RXX_S00_LATISS_raw_all.fits: outAmp.getRawBBox() != data.getBBox(); patching. ((minimum=(0, 0), maximum=(543, 2047)) v. (minimum=(0, 0), maximum=(575, 2047)))
WARNING 2022-11-09T22:33:45.494+01:00 lsst.verifyFlatApply (verifyFlatApply:{instrument: 'LATISS', detector: 0, exposure: 2022031700208, ...})(isrTask.py:997) - Constructing linearizer from cameraGeom information.
INFO 2022-11-09T22:33:45.495+01:00 lsst.verifyFlatApply (verifyFlatApply:{instrument: 'LATISS', detector: 0, exposure: 2022031700208, ...})(isrTask.py:1231) - Converting exposure to floating point values.
INFO 2022-11-09T22:33:45.933+01:00 lsst.verifyFlatApply (verifyFlatApply:{instrument: 'LATISS', detector: 0, exposure: 2022031700208, ...})(isrTask.py:1291) - Assembling CCD from amplifiers.
WARNING 2022-11-09T22:33:46.284+01:00 lsst.verifyFlatApply (verifyFlatApply:{instrument: 'LATISS', detector: 0, exposure: 2022031700208, ...})(isrTask.py:1295) - No WCS found in input exposure.
INFO 2022-11-09T22:33:46.284+01:00 lsst.verifyFlatApply (verifyFlatApply:{instrument: 'LATISS', detector: 0, exposure: 2022031700208, ...})(isrTask.py:1303) - Applying bias correction.
INFO 2022-11-09T22:33:46.890+01:00 lsst.verifyFlatApply (verifyFlatApply:{instrument: 'LATISS', detector: 0, exposure: 2022031700208, ...})(isrTask.py:1335) - Applying linearizer.
INFO 2022-11-09T22:33:46.891+01:00 lsst.verifyFlatApply (verifyFlatApply:{instrument: 'LATISS', detector: 0, exposure: 2022031700208, ...})(isrTask.py:1349) - Masking defects.
INFO 2022-11-09T22:33:46.893+01:00 lsst.verifyFlatApply (verifyFlatApply:{instrument: 'LATISS', detector: 0, exposure: 2022031700208, ...})(isrTask.py:1358) - Masking non-finite (NAN, inf) value pixels.
INFO 2022-11-09T22:33:46.925+01:00 lsst.verifyFlatApply (verifyFlatApply:{instrument: 'LATISS', detector: 0, exposure: 2022031700208, ...})(isrTask.py:1362) - Widening saturation trails.
INFO 2022-11-09T22:33:46.967+01:00 lsst.verifyFlatApply (verifyFlatApply:{instrument: 'LATISS', detector: 0, exposure: 2022031700208, ...})(isrTask.py:1428) - Applying dark correction.
WARNING 2022-11-09T22:33:46.968+01:00 lsst.verifyFlatApply (verifyFlatApply:{instrument: 'LATISS', detector: 0, exposure: 2022031700208, ...})(isrTask.py:1923) - darkExposure.getInfo().getVisitInfo() does not exist. Using darkScale = 1.0.
INFO 2022-11-09T22:33:47.044+01:00 lsst.verifyFlatApply (verifyFlatApply:{instrument: 'LATISS', detector: 0, exposure: 2022031700208, ...})(isrTask.py:1443) - Applying flat correction.
INFO 2022-11-09T22:33:47.756+01:00 lsst.verifyFlatApply (verifyFlatApply:{instrument: 'LATISS', detector: 0, exposure: 2022031700208, ...})(isrTask.py:1506) - Set 6479 BAD pixels to 15637.914062.
INFO 2022-11-09T22:33:47.756+01:00 lsst.verifyFlatApply (verifyFlatApply:{instrument: 'LATISS', detector: 0, exposure: 2022031700208, ...})(isrTask.py:1509) - Interpolating masked pixels.
WARNING 2022-11-09T22:33:48.532+01:00 lsst.verifyFlatApply (verifyFlatApply:{instrument: 'LATISS', detector: 0, exposure: 2022031700208, ...})(isrTask.py:2272) - No rough magnitude zero point defined for filter empty~empty.
INFO 2022-11-09T22:33:48.533+01:00 lsst.verifyFlatApply (verifyFlatApply:{instrument: 'LATISS', detector: 0, exposure: 2022031700208, ...})(isrTask.py:2280) - Setting rough magnitude zero point for filter empty~empty: 31.692803
INFO 2022-11-09T22:33:51.396+01:00 lsst.ctrl.mpexec.singleQuantumExecutor (verifyFlatApply:{instrument: 'LATISS', detector: 0, exposure: 2022031700208, ...})(singleQuantumExecutor.py:233) - Execution of task 'verifyFlatApply' on quantum {instrument: 'LATISS', detector: 0, exposure: 2022031700208, ...} took 9.776 seconds
INFO 2022-11-09T22:33:51.701+01:00 lsst.ctrl.mpexec.mpGraphExecutor ()(mpGraphExecutor.py:516) - Executed 9 quanta successfully, 0 failed and 25 remain out of total 34 quanta.
WARNING 2022-11-09T22:33:53.740+01:00 py.warnings (verifyFlatApply:{instrument: 'LATISS', detector: 0, exposure: 2022031700203, ...})(warnings.py:109) - /cvmfs/sw.lsst.eu/linux-x86_64/lsst_distrib/w_2022_39/conda/envs/lsst-scipipe-4.1.0/share/eups/Linux64/obs_base/g188f660963+6ea671c325/python/lsst/obs/base/formatters/fitsExposure.py:659: UserWarning: Reading file:///sps/lsst/groups/auxtel/softs/shared/auxteldm_gen3/data/u/czw/DM-28920/flatGen.20210720Xb/20210720T225330Z/flat/white/empty~empty/flat_LATISS_white_empty~empty_RXX_S00_u_czw_DM-28920_flatGen_20210720Xb_20210720T225330Z.fits with data ID {instrument: 'LATISS', detector: 0, physical_filter: 'empty~empty', ...}: filter label mismatch (file is None, data ID is FilterLabel(band="white", physical="empty~empty")).  This is probably a bug in the code that produced it.
  warnings.warn(

WARNING 2022-11-09T22:33:57.063+01:00 lsst.obs.lsst.assembly (verifyFlatApply:{instrument: 'LATISS', detector: 0, exposure: 2022031700203, ...})(assembly.py:230) - /sps/lsst/groups/auxtel/softs/shared/auxteldm_gen3/data/LATISS/raw/all/raw/20220317/AT_O_20220317_000203/raw_LATISS_empty~empty_AT_O_20220317_000203_RXX_S00_LATISS_raw_all.fits: outAmp.getRawBBox() != data.getBBox(); patching. ((minimum=(0, 0), maximum=(543, 2047)) v. (minimum=(0, 0), maximum=(575, 2047)))
WARNING 2022-11-09T22:33:57.462+01:00 lsst.verifyFlatApply (verifyFlatApply:{instrument: 'LATISS', detector: 0, exposure: 2022031700203, ...})(isrTask.py:997) - Constructing linearizer from cameraGeom information.
INFO 2022-11-09T22:33:57.463+01:00 lsst.verifyFlatApply (verifyFlatApply:{instrument: 'LATISS', detector: 0, exposure: 2022031700203, ...})(isrTask.py:1231) - Converting exposure to floating point values.
INFO 2022-11-09T22:33:57.903+01:00 lsst.verifyFlatApply (verifyFlatApply:{instrument: 'LATISS', detector: 0, exposure: 2022031700203, ...})(isrTask.py:1291) - Assembling CCD from amplifiers.
WARNING 2022-11-09T22:33:58.248+01:00 lsst.verifyFlatApply (verifyFlatApply:{instrument: 'LATISS', detector: 0, exposure: 2022031700203, ...})(isrTask.py:1295) - No WCS found in input exposure.
INFO 2022-11-09T22:33:58.249+01:00 lsst.verifyFlatApply (verifyFlatApply:{instrument: 'LATISS', detector: 0, exposure: 2022031700203, ...})(isrTask.py:1303) - Applying bias correction.
INFO 2022-11-09T22:33:58.864+01:00 lsst.verifyFlatApply (verifyFlatApply:{instrument: 'LATISS', detector: 0, exposure: 2022031700203, ...})(isrTask.py:1335) - Applying linearizer.
INFO 2022-11-09T22:33:58.866+01:00 lsst.verifyFlatApply (verifyFlatApply:{instrument: 'LATISS', detector: 0, exposure: 2022031700203, ...})(isrTask.py:1349) - Masking defects.
INFO 2022-11-09T22:33:58.869+01:00 lsst.verifyFlatApply (verifyFlatApply:{instrument: 'LATISS', detector: 0, exposure: 2022031700203, ...})(isrTask.py:1358) - Masking non-finite (NAN, inf) value pixels.
INFO 2022-11-09T22:33:58.907+01:00 lsst.verifyFlatApply (verifyFlatApply:{instrument: 'LATISS', detector: 0, exposure: 2022031700203, ...})(isrTask.py:1362) - Widening saturation trails.
INFO 2022-11-09T22:33:58.970+01:00 lsst.verifyFlatApply (verifyFlatApply:{instrument: 'LATISS', detector: 0, exposure: 2022031700203, ...})(isrTask.py:1428) - Applying dark correction.
WARNING 2022-11-09T22:33:58.970+01:00 lsst.verifyFlatApply (verifyFlatApply:{instrument: 'LATISS', detector: 0, exposure: 2022031700203, ...})(isrTask.py:1923) - darkExposure.getInfo().getVisitInfo() does not exist. Using darkScale = 1.0.
INFO 2022-11-09T22:33:59.031+01:00 lsst.verifyFlatApply (verifyFlatApply:{instrument: 'LATISS', detector: 0, exposure: 2022031700203, ...})(isrTask.py:1443) - Applying flat correction.
INFO 2022-11-09T22:33:59.770+01:00 lsst.verifyFlatApply (verifyFlatApply:{instrument: 'LATISS', detector: 0, exposure: 2022031700203, ...})(isrTask.py:1506) - Set 6478 BAD pixels to 25290.058594.
INFO 2022-11-09T22:33:59.770+01:00 lsst.verifyFlatApply (verifyFlatApply:{instrument: 'LATISS', detector: 0, exposure: 2022031700203, ...})(isrTask.py:1509) - Interpolating masked pixels.
WARNING 2022-11-09T22:34:00.456+01:00 lsst.verifyFlatApply (verifyFlatApply:{instrument: 'LATISS', detector: 0, exposure: 2022031700203, ...})(isrTask.py:2272) - No rough magnitude zero point defined for filter empty~empty.
INFO 2022-11-09T22:34:00.457+01:00 lsst.verifyFlatApply (verifyFlatApply:{instrument: 'LATISS', detector: 0, exposure: 2022031700203, ...})(isrTask.py:2280) - Setting rough magnitude zero point for filter empty~empty: 31.692803
INFO 2022-11-09T22:34:03.236+01:00 lsst.ctrl.mpexec.singleQuantumExecutor (verifyFlatApply:{instrument: 'LATISS', detector: 0, exposure: 2022031700203, ...})(singleQuantumExecutor.py:233) - Execution of task 'verifyFlatApply' on quantum {instrument: 'LATISS', detector: 0, exposure: 2022031700203, ...} took 11.535 seconds
INFO 2022-11-09T22:34:03.509+01:00 lsst.ctrl.mpexec.mpGraphExecutor ()(mpGraphExecutor.py:516) - Executed 10 quanta successfully, 0 failed and 24 remain out of total 34 quanta.
WARNING 2022-11-09T22:34:05.855+01:00 py.warnings (verifyFlatApply:{instrument: 'LATISS', detector: 0, exposure: 2022031700201, ...})(warnings.py:109) - /cvmfs/sw.lsst.eu/linux-x86_64/lsst_distrib/w_2022_39/conda/envs/lsst-scipipe-4.1.0/share/eups/Linux64/obs_base/g188f660963+6ea671c325/python/lsst/obs/base/formatters/fitsExposure.py:659: UserWarning: Reading file:///sps/lsst/groups/auxtel/softs/shared/auxteldm_gen3/data/u/czw/DM-28920/flatGen.20210720Xb/20210720T225330Z/flat/white/empty~empty/flat_LATISS_white_empty~empty_RXX_S00_u_czw_DM-28920_flatGen_20210720Xb_20210720T225330Z.fits with data ID {instrument: 'LATISS', detector: 0, physical_filter: 'empty~empty', ...}: filter label mismatch (file is None, data ID is FilterLabel(band="white", physical="empty~empty")).  This is probably a bug in the code that produced it.
  warnings.warn(

WARNING 2022-11-09T22:34:07.479+01:00 lsst.obs.lsst.assembly (verifyFlatApply:{instrument: 'LATISS', detector: 0, exposure: 2022031700201, ...})(assembly.py:230) - /sps/lsst/groups/auxtel/softs/shared/auxteldm_gen3/data/LATISS/raw/all/raw/20220317/AT_O_20220317_000201/raw_LATISS_empty~empty_AT_O_20220317_000201_RXX_S00_LATISS_raw_all.fits: outAmp.getRawBBox() != data.getBBox(); patching. ((minimum=(0, 0), maximum=(543, 2047)) v. (minimum=(0, 0), maximum=(575, 2047)))
WARNING 2022-11-09T22:34:07.913+01:00 lsst.verifyFlatApply (verifyFlatApply:{instrument: 'LATISS', detector: 0, exposure: 2022031700201, ...})(isrTask.py:997) - Constructing linearizer from cameraGeom information.
INFO 2022-11-09T22:34:07.914+01:00 lsst.verifyFlatApply (verifyFlatApply:{instrument: 'LATISS', detector: 0, exposure: 2022031700201, ...})(isrTask.py:1231) - Converting exposure to floating point values.
INFO 2022-11-09T22:34:08.373+01:00 lsst.verifyFlatApply (verifyFlatApply:{instrument: 'LATISS', detector: 0, exposure: 2022031700201, ...})(isrTask.py:1291) - Assembling CCD from amplifiers.
WARNING 2022-11-09T22:34:08.611+01:00 lsst.verifyFlatApply (verifyFlatApply:{instrument: 'LATISS', detector: 0, exposure: 2022031700201, ...})(isrTask.py:1295) - No WCS found in input exposure.
INFO 2022-11-09T22:34:08.612+01:00 lsst.verifyFlatApply (verifyFlatApply:{instrument: 'LATISS', detector: 0, exposure: 2022031700201, ...})(isrTask.py:1303) - Applying bias correction.
INFO 2022-11-09T22:34:09.238+01:00 lsst.verifyFlatApply (verifyFlatApply:{instrument: 'LATISS', detector: 0, exposure: 2022031700201, ...})(isrTask.py:1335) - Applying linearizer.
INFO 2022-11-09T22:34:09.240+01:00 lsst.verifyFlatApply (verifyFlatApply:{instrument: 'LATISS', detector: 0, exposure: 2022031700201, ...})(isrTask.py:1349) - Masking defects.
INFO 2022-11-09T22:34:09.241+01:00 lsst.verifyFlatApply (verifyFlatApply:{instrument: 'LATISS', detector: 0, exposure: 2022031700201, ...})(isrTask.py:1358) - Masking non-finite (NAN, inf) value pixels.
INFO 2022-11-09T22:34:09.266+01:00 lsst.verifyFlatApply (verifyFlatApply:{instrument: 'LATISS', detector: 0, exposure: 2022031700201, ...})(isrTask.py:1362) - Widening saturation trails.
INFO 2022-11-09T22:34:09.307+01:00 lsst.verifyFlatApply (verifyFlatApply:{instrument: 'LATISS', detector: 0, exposure: 2022031700201, ...})(isrTask.py:1428) - Applying dark correction.
WARNING 2022-11-09T22:34:09.308+01:00 lsst.verifyFlatApply (verifyFlatApply:{instrument: 'LATISS', detector: 0, exposure: 2022031700201, ...})(isrTask.py:1923) - darkExposure.getInfo().getVisitInfo() does not exist. Using darkScale = 1.0.
INFO 2022-11-09T22:34:09.355+01:00 lsst.verifyFlatApply (verifyFlatApply:{instrument: 'LATISS', detector: 0, exposure: 2022031700201, ...})(isrTask.py:1443) - Applying flat correction.
INFO 2022-11-09T22:34:10.002+01:00 lsst.verifyFlatApply (verifyFlatApply:{instrument: 'LATISS', detector: 0, exposure: 2022031700201, ...})(isrTask.py:1506) - Set 6448 BAD pixels to 11030.107422.
INFO 2022-11-09T22:34:10.002+01:00 lsst.verifyFlatApply (verifyFlatApply:{instrument: 'LATISS', detector: 0, exposure: 2022031700201, ...})(isrTask.py:1509) - Interpolating masked pixels.
WARNING 2022-11-09T22:34:10.751+01:00 lsst.verifyFlatApply (verifyFlatApply:{instrument: 'LATISS', detector: 0, exposure: 2022031700201, ...})(isrTask.py:2272) - No rough magnitude zero point defined for filter empty~empty.
INFO 2022-11-09T22:34:10.751+01:00 lsst.verifyFlatApply (verifyFlatApply:{instrument: 'LATISS', detector: 0, exposure: 2022031700201, ...})(isrTask.py:2280) - Setting rough magnitude zero point for filter empty~empty: 30.500000
INFO 2022-11-09T22:34:13.534+01:00 lsst.ctrl.mpexec.singleQuantumExecutor (verifyFlatApply:{instrument: 'LATISS', detector: 0, exposure: 2022031700201, ...})(singleQuantumExecutor.py:233) - Execution of task 'verifyFlatApply' on quantum {instrument: 'LATISS', detector: 0, exposure: 2022031700201, ...} took 10.025 seconds
INFO 2022-11-09T22:34:13.849+01:00 lsst.ctrl.mpexec.mpGraphExecutor ()(mpGraphExecutor.py:516) - Executed 11 quanta successfully, 0 failed and 23 remain out of total 34 quanta.
INFO 2022-11-09T22:34:15.529+01:00 lsst.ctrl.mpexec.singleQuantumExecutor (verifyFlatChip:{instrument: 'LATISS', detector: 0, exposure: 2022031700209, ...})(singleQuantumExecutor.py:233) - Execution of task 'verifyFlatChip' on quantum {instrument: 'LATISS', detector: 0, exposure: 2022031700209, ...} took 1.680 seconds
INFO 2022-11-09T22:34:15.889+01:00 lsst.ctrl.mpexec.mpGraphExecutor ()(mpGraphExecutor.py:516) - Executed 12 quanta successfully, 0 failed and 22 remain out of total 34 quanta.
INFO 2022-11-09T22:34:17.674+01:00 lsst.ctrl.mpexec.singleQuantumExecutor (verifyFlatChip:{instrument: 'LATISS', detector: 0, exposure: 2022031700210, ...})(singleQuantumExecutor.py:233) - Execution of task 'verifyFlatChip' on quantum {instrument: 'LATISS', detector: 0, exposure: 2022031700210, ...} took 1.785 seconds
INFO 2022-11-09T22:34:17.934+01:00 lsst.ctrl.mpexec.mpGraphExecutor ()(mpGraphExecutor.py:516) - Executed 13 quanta successfully, 0 failed and 21 remain out of total 34 quanta.
INFO 2022-11-09T22:34:19.648+01:00 lsst.ctrl.mpexec.singleQuantumExecutor (verifyFlatChip:{instrument: 'LATISS', detector: 0, exposure: 2022031700202, ...})(singleQuantumExecutor.py:233) - Execution of task 'verifyFlatChip' on quantum {instrument: 'LATISS', detector: 0, exposure: 2022031700202, ...} took 1.714 seconds
INFO 2022-11-09T22:34:19.911+01:00 lsst.ctrl.mpexec.mpGraphExecutor ()(mpGraphExecutor.py:516) - Executed 14 quanta successfully, 0 failed and 20 remain out of total 34 quanta.
INFO 2022-11-09T22:34:21.706+01:00 lsst.ctrl.mpexec.singleQuantumExecutor (verifyFlatChip:{instrument: 'LATISS', detector: 0, exposure: 2022031700205, ...})(singleQuantumExecutor.py:233) - Execution of task 'verifyFlatChip' on quantum {instrument: 'LATISS', detector: 0, exposure: 2022031700205, ...} took 1.794 seconds
INFO 2022-11-09T22:34:22.005+01:00 lsst.ctrl.mpexec.mpGraphExecutor ()(mpGraphExecutor.py:516) - Executed 15 quanta successfully, 0 failed and 19 remain out of total 34 quanta.
INFO 2022-11-09T22:34:23.750+01:00 lsst.ctrl.mpexec.singleQuantumExecutor (verifyFlatChip:{instrument: 'LATISS', detector: 0, exposure: 2022031700204, ...})(singleQuantumExecutor.py:233) - Execution of task 'verifyFlatChip' on quantum {instrument: 'LATISS', detector: 0, exposure: 2022031700204, ...} took 1.744 seconds
INFO 2022-11-09T22:34:24.023+01:00 lsst.ctrl.mpexec.mpGraphExecutor ()(mpGraphExecutor.py:516) - Executed 16 quanta successfully, 0 failed and 18 remain out of total 34 quanta.
INFO 2022-11-09T22:34:25.740+01:00 lsst.ctrl.mpexec.singleQuantumExecutor (verifyFlatChip:{instrument: 'LATISS', detector: 0, exposure: 2022031700206, ...})(singleQuantumExecutor.py:233) - Execution of task 'verifyFlatChip' on quantum {instrument: 'LATISS', detector: 0, exposure: 2022031700206, ...} took 1.717 seconds
INFO 2022-11-09T22:34:26.000+01:00 lsst.ctrl.mpexec.mpGraphExecutor ()(mpGraphExecutor.py:516) - Executed 17 quanta successfully, 0 failed and 17 remain out of total 34 quanta.
INFO 2022-11-09T22:34:27.765+01:00 lsst.ctrl.mpexec.singleQuantumExecutor (verifyFlatChip:{instrument: 'LATISS', detector: 0, exposure: 2022031700211, ...})(singleQuantumExecutor.py:233) - Execution of task 'verifyFlatChip' on quantum {instrument: 'LATISS', detector: 0, exposure: 2022031700211, ...} took 1.765 seconds
INFO 2022-11-09T22:34:28.022+01:00 lsst.ctrl.mpexec.mpGraphExecutor ()(mpGraphExecutor.py:516) - Executed 18 quanta successfully, 0 failed and 16 remain out of total 34 quanta.
INFO 2022-11-09T22:34:29.800+01:00 lsst.ctrl.mpexec.singleQuantumExecutor (verifyFlatChip:{instrument: 'LATISS', detector: 0, exposure: 2022031700207, ...})(singleQuantumExecutor.py:233) - Execution of task 'verifyFlatChip' on quantum {instrument: 'LATISS', detector: 0, exposure: 2022031700207, ...} took 1.777 seconds
INFO 2022-11-09T22:34:30.088+01:00 lsst.ctrl.mpexec.mpGraphExecutor ()(mpGraphExecutor.py:516) - Executed 19 quanta successfully, 0 failed and 15 remain out of total 34 quanta.
INFO 2022-11-09T22:34:31.834+01:00 lsst.ctrl.mpexec.singleQuantumExecutor (verifyFlatChip:{instrument: 'LATISS', detector: 0, exposure: 2022031700208, ...})(singleQuantumExecutor.py:233) - Execution of task 'verifyFlatChip' on quantum {instrument: 'LATISS', detector: 0, exposure: 2022031700208, ...} took 1.746 seconds
INFO 2022-11-09T22:34:32.069+01:00 lsst.ctrl.mpexec.mpGraphExecutor ()(mpGraphExecutor.py:516) - Executed 20 quanta successfully, 0 failed and 14 remain out of total 34 quanta.
INFO 2022-11-09T22:34:33.886+01:00 lsst.ctrl.mpexec.singleQuantumExecutor (verifyFlatChip:{instrument: 'LATISS', detector: 0, exposure: 2022031700203, ...})(singleQuantumExecutor.py:233) - Execution of task 'verifyFlatChip' on quantum {instrument: 'LATISS', detector: 0, exposure: 2022031700203, ...} took 1.817 seconds
INFO 2022-11-09T22:34:34.150+01:00 lsst.ctrl.mpexec.mpGraphExecutor ()(mpGraphExecutor.py:516) - Executed 21 quanta successfully, 0 failed and 13 remain out of total 34 quanta.
INFO 2022-11-09T22:34:35.991+01:00 lsst.ctrl.mpexec.singleQuantumExecutor (verifyFlatChip:{instrument: 'LATISS', detector: 0, exposure: 2022031700201, ...})(singleQuantumExecutor.py:233) - Execution of task 'verifyFlatChip' on quantum {instrument: 'LATISS', detector: 0, exposure: 2022031700201, ...} took 1.840 seconds
INFO 2022-11-09T22:34:36.213+01:00 lsst.ctrl.mpexec.mpGraphExecutor ()(mpGraphExecutor.py:516) - Executed 22 quanta successfully, 0 failed and 12 remain out of total 34 quanta.
INFO 2022-11-09T22:34:36.300+01:00 lsst.ctrl.mpexec.singleQuantumExecutor (verifyFlatExp:{instrument: 'LATISS', exposure: 2022031700209, ...})(singleQuantumExecutor.py:233) - Execution of task 'verifyFlatExp' on quantum {instrument: 'LATISS', exposure: 2022031700209, ...} took 0.087 seconds
INFO 2022-11-09T22:34:36.494+01:00 lsst.ctrl.mpexec.mpGraphExecutor ()(mpGraphExecutor.py:516) - Executed 23 quanta successfully, 0 failed and 11 remain out of total 34 quanta.
INFO 2022-11-09T22:34:36.565+01:00 lsst.ctrl.mpexec.singleQuantumExecutor (verifyFlatExp:{instrument: 'LATISS', exposure: 2022031700210, ...})(singleQuantumExecutor.py:233) - Execution of task 'verifyFlatExp' on quantum {instrument: 'LATISS', exposure: 2022031700210, ...} took 0.070 seconds
INFO 2022-11-09T22:34:36.810+01:00 lsst.ctrl.mpexec.mpGraphExecutor ()(mpGraphExecutor.py:516) - Executed 24 quanta successfully, 0 failed and 10 remain out of total 34 quanta.
INFO 2022-11-09T22:34:36.890+01:00 lsst.ctrl.mpexec.singleQuantumExecutor (verifyFlatExp:{instrument: 'LATISS', exposure: 2022031700202, ...})(singleQuantumExecutor.py:233) - Execution of task 'verifyFlatExp' on quantum {instrument: 'LATISS', exposure: 2022031700202, ...} took 0.080 seconds
INFO 2022-11-09T22:34:37.104+01:00 lsst.ctrl.mpexec.mpGraphExecutor ()(mpGraphExecutor.py:516) - Executed 25 quanta successfully, 0 failed and 9 remain out of total 34 quanta.
INFO 2022-11-09T22:34:37.179+01:00 lsst.ctrl.mpexec.singleQuantumExecutor (verifyFlatExp:{instrument: 'LATISS', exposure: 2022031700205, ...})(singleQuantumExecutor.py:233) - Execution of task 'verifyFlatExp' on quantum {instrument: 'LATISS', exposure: 2022031700205, ...} took 0.075 seconds
INFO 2022-11-09T22:34:37.379+01:00 lsst.ctrl.mpexec.mpGraphExecutor ()(mpGraphExecutor.py:516) - Executed 26 quanta successfully, 0 failed and 8 remain out of total 34 quanta.
INFO 2022-11-09T22:34:37.508+01:00 lsst.ctrl.mpexec.singleQuantumExecutor (verifyFlatExp:{instrument: 'LATISS', exposure: 2022031700204, ...})(singleQuantumExecutor.py:233) - Execution of task 'verifyFlatExp' on quantum {instrument: 'LATISS', exposure: 2022031700204, ...} took 0.129 seconds
INFO 2022-11-09T22:34:37.776+01:00 lsst.ctrl.mpexec.mpGraphExecutor ()(mpGraphExecutor.py:516) - Executed 27 quanta successfully, 0 failed and 7 remain out of total 34 quanta.
INFO 2022-11-09T22:34:37.865+01:00 lsst.ctrl.mpexec.singleQuantumExecutor (verifyFlatExp:{instrument: 'LATISS', exposure: 2022031700206, ...})(singleQuantumExecutor.py:233) - Execution of task 'verifyFlatExp' on quantum {instrument: 'LATISS', exposure: 2022031700206, ...} took 0.089 seconds
INFO 2022-11-09T22:34:38.102+01:00 lsst.ctrl.mpexec.mpGraphExecutor ()(mpGraphExecutor.py:516) - Executed 28 quanta successfully, 0 failed and 6 remain out of total 34 quanta.
INFO 2022-11-09T22:34:38.182+01:00 lsst.ctrl.mpexec.singleQuantumExecutor (verifyFlatExp:{instrument: 'LATISS', exposure: 2022031700211, ...})(singleQuantumExecutor.py:233) - Execution of task 'verifyFlatExp' on quantum {instrument: 'LATISS', exposure: 2022031700211, ...} took 0.080 seconds
INFO 2022-11-09T22:34:38.412+01:00 lsst.ctrl.mpexec.mpGraphExecutor ()(mpGraphExecutor.py:516) - Executed 29 quanta successfully, 0 failed and 5 remain out of total 34 quanta.
INFO 2022-11-09T22:34:38.484+01:00 lsst.ctrl.mpexec.singleQuantumExecutor (verifyFlatExp:{instrument: 'LATISS', exposure: 2022031700207, ...})(singleQuantumExecutor.py:233) - Execution of task 'verifyFlatExp' on quantum {instrument: 'LATISS', exposure: 2022031700207, ...} took 0.072 seconds
INFO 2022-11-09T22:34:38.755+01:00 lsst.ctrl.mpexec.mpGraphExecutor ()(mpGraphExecutor.py:516) - Executed 30 quanta successfully, 0 failed and 4 remain out of total 34 quanta.
INFO 2022-11-09T22:34:38.842+01:00 lsst.ctrl.mpexec.singleQuantumExecutor (verifyFlatExp:{instrument: 'LATISS', exposure: 2022031700208, ...})(singleQuantumExecutor.py:233) - Execution of task 'verifyFlatExp' on quantum {instrument: 'LATISS', exposure: 2022031700208, ...} took 0.087 seconds
INFO 2022-11-09T22:34:39.090+01:00 lsst.ctrl.mpexec.mpGraphExecutor ()(mpGraphExecutor.py:516) - Executed 31 quanta successfully, 0 failed and 3 remain out of total 34 quanta.
INFO 2022-11-09T22:34:39.175+01:00 lsst.ctrl.mpexec.singleQuantumExecutor (verifyFlatExp:{instrument: 'LATISS', exposure: 2022031700203, ...})(singleQuantumExecutor.py:233) - Execution of task 'verifyFlatExp' on quantum {instrument: 'LATISS', exposure: 2022031700203, ...} took 0.084 seconds
INFO 2022-11-09T22:34:39.435+01:00 lsst.ctrl.mpexec.mpGraphExecutor ()(mpGraphExecutor.py:516) - Executed 32 quanta successfully, 0 failed and 2 remain out of total 34 quanta.
INFO 2022-11-09T22:34:39.523+01:00 lsst.ctrl.mpexec.singleQuantumExecutor (verifyFlatExp:{instrument: 'LATISS', exposure: 2022031700201, ...})(singleQuantumExecutor.py:233) - Execution of task 'verifyFlatExp' on quantum {instrument: 'LATISS', exposure: 2022031700201, ...} took 0.088 seconds
INFO 2022-11-09T22:34:39.756+01:00 lsst.ctrl.mpexec.mpGraphExecutor ()(mpGraphExecutor.py:516) - Executed 33 quanta successfully, 0 failed and 1 remain out of total 34 quanta.
INFO 2022-11-09T22:34:39.915+01:00 lsst.ctrl.mpexec.singleQuantumExecutor (verifyFlat:{instrument: 'LATISS'})(singleQuantumExecutor.py:233) - Execution of task 'verifyFlat' on quantum {instrument: 'LATISS'} took 0.159 seconds
INFO 2022-11-09T22:34:40.176+01:00 lsst.ctrl.mpexec.mpGraphExecutor ()(mpGraphExecutor.py:516) - Executed 34 quanta successfully, 0 failed and 0 remain out of total 34 quanta.
