INFO 2022-11-09T22:28:08.494+01:00 lsst.ctrl.mpexec.cmdLineFwk ()(cmdLineFwk.py:581) - QuantumGraph contains 10 quanta for 2 tasks, graph ID: '1668029288.486858-32602'
WARNING 2022-11-09T22:28:21.367+01:00 lsst.obs.lsst.assembly (isr:{instrument: 'LATISS', detector: 0, exposure: 2022031700205, ...})(assembly.py:230) - /sps/lsst/groups/auxtel/softs/shared/auxteldm_gen3/data/LATISS/raw/all/raw/20220317/AT_O_20220317_000205/raw_LATISS_empty~empty_AT_O_20220317_000205_RXX_S00_LATISS_raw_all.fits: outAmp.getRawBBox() != data.getBBox(); patching. ((minimum=(0, 0), maximum=(543, 2047)) v. (minimum=(0, 0), maximum=(575, 2047)))
INFO 2022-11-09T22:28:27.439+01:00 lsst.isr (isr:{instrument: 'LATISS', detector: 0, exposure: 2022031700205, ...})(isrTask.py:1231) - Converting exposure to floating point values.
INFO 2022-11-09T22:28:28.132+01:00 lsst.isr (isr:{instrument: 'LATISS', detector: 0, exposure: 2022031700205, ...})(isrTask.py:1291) - Assembling CCD from amplifiers.
WARNING 2022-11-09T22:28:28.478+01:00 lsst.isr (isr:{instrument: 'LATISS', detector: 0, exposure: 2022031700205, ...})(isrTask.py:1295) - No WCS found in input exposure.
INFO 2022-11-09T22:28:28.479+01:00 lsst.isr (isr:{instrument: 'LATISS', detector: 0, exposure: 2022031700205, ...})(isrTask.py:1303) - Applying bias correction.
INFO 2022-11-09T22:28:29.280+01:00 lsst.isr (isr:{instrument: 'LATISS', detector: 0, exposure: 2022031700205, ...})(isrTask.py:1349) - Masking defects.
INFO 2022-11-09T22:28:29.282+01:00 lsst.isr (isr:{instrument: 'LATISS', detector: 0, exposure: 2022031700205, ...})(isrTask.py:1358) - Masking non-finite (NAN, inf) value pixels.
INFO 2022-11-09T22:28:29.314+01:00 lsst.isr (isr:{instrument: 'LATISS', detector: 0, exposure: 2022031700205, ...})(isrTask.py:1362) - Widening saturation trails.
INFO 2022-11-09T22:28:29.361+01:00 lsst.isr (isr:{instrument: 'LATISS', detector: 0, exposure: 2022031700205, ...})(isrTask.py:1428) - Applying dark correction.
WARNING 2022-11-09T22:28:29.361+01:00 lsst.isr (isr:{instrument: 'LATISS', detector: 0, exposure: 2022031700205, ...})(isrTask.py:1923) - darkExposure.getInfo().getVisitInfo() does not exist. Using darkScale = 1.0.
INFO 2022-11-09T22:28:30.023+01:00 lsst.isr (isr:{instrument: 'LATISS', detector: 0, exposure: 2022031700205, ...})(isrTask.py:1506) - Set 6478 BAD pixels to 20833.316406.
INFO 2022-11-09T22:28:30.023+01:00 lsst.isr (isr:{instrument: 'LATISS', detector: 0, exposure: 2022031700205, ...})(isrTask.py:1509) - Interpolating masked pixels.
WARNING 2022-11-09T22:28:30.854+01:00 lsst.isr (isr:{instrument: 'LATISS', detector: 0, exposure: 2022031700205, ...})(isrTask.py:2272) - No rough magnitude zero point defined for filter empty~empty.
INFO 2022-11-09T22:28:30.855+01:00 lsst.isr (isr:{instrument: 'LATISS', detector: 0, exposure: 2022031700205, ...})(isrTask.py:2280) - Setting rough magnitude zero point for filter empty~empty: 31.692803
INFO 2022-11-09T22:28:33.534+01:00 lsst.ctrl.mpexec.singleQuantumExecutor (isr:{instrument: 'LATISS', detector: 0, exposure: 2022031700205, ...})(singleQuantumExecutor.py:233) - Execution of task 'isr' on quantum {instrument: 'LATISS', detector: 0, exposure: 2022031700205, ...} took 14.709 seconds
INFO 2022-11-09T22:28:33.951+01:00 lsst.ctrl.mpexec.mpGraphExecutor ()(mpGraphExecutor.py:516) - Executed 1 quanta successfully, 0 failed and 9 remain out of total 10 quanta.
WARNING 2022-11-09T22:28:35.697+01:00 lsst.obs.lsst.assembly (isr:{instrument: 'LATISS', detector: 0, exposure: 2022031700208, ...})(assembly.py:230) - /sps/lsst/groups/auxtel/softs/shared/auxteldm_gen3/data/LATISS/raw/all/raw/20220317/AT_O_20220317_000208/raw_LATISS_empty~empty_AT_O_20220317_000208_RXX_S00_LATISS_raw_all.fits: outAmp.getRawBBox() != data.getBBox(); patching. ((minimum=(0, 0), maximum=(543, 2047)) v. (minimum=(0, 0), maximum=(575, 2047)))
INFO 2022-11-09T22:28:38.604+01:00 lsst.isr (isr:{instrument: 'LATISS', detector: 0, exposure: 2022031700208, ...})(isrTask.py:1231) - Converting exposure to floating point values.
INFO 2022-11-09T22:28:39.251+01:00 lsst.isr (isr:{instrument: 'LATISS', detector: 0, exposure: 2022031700208, ...})(isrTask.py:1291) - Assembling CCD from amplifiers.
WARNING 2022-11-09T22:28:39.489+01:00 lsst.isr (isr:{instrument: 'LATISS', detector: 0, exposure: 2022031700208, ...})(isrTask.py:1295) - No WCS found in input exposure.
INFO 2022-11-09T22:28:39.490+01:00 lsst.isr (isr:{instrument: 'LATISS', detector: 0, exposure: 2022031700208, ...})(isrTask.py:1303) - Applying bias correction.
INFO 2022-11-09T22:28:40.070+01:00 lsst.isr (isr:{instrument: 'LATISS', detector: 0, exposure: 2022031700208, ...})(isrTask.py:1349) - Masking defects.
INFO 2022-11-09T22:28:40.072+01:00 lsst.isr (isr:{instrument: 'LATISS', detector: 0, exposure: 2022031700208, ...})(isrTask.py:1358) - Masking non-finite (NAN, inf) value pixels.
INFO 2022-11-09T22:28:40.091+01:00 lsst.isr (isr:{instrument: 'LATISS', detector: 0, exposure: 2022031700208, ...})(isrTask.py:1362) - Widening saturation trails.
INFO 2022-11-09T22:28:40.134+01:00 lsst.isr (isr:{instrument: 'LATISS', detector: 0, exposure: 2022031700208, ...})(isrTask.py:1428) - Applying dark correction.
WARNING 2022-11-09T22:28:40.134+01:00 lsst.isr (isr:{instrument: 'LATISS', detector: 0, exposure: 2022031700208, ...})(isrTask.py:1923) - darkExposure.getInfo().getVisitInfo() does not exist. Using darkScale = 1.0.
INFO 2022-11-09T22:28:40.682+01:00 lsst.isr (isr:{instrument: 'LATISS', detector: 0, exposure: 2022031700208, ...})(isrTask.py:1506) - Set 6479 BAD pixels to 15603.822266.
INFO 2022-11-09T22:28:40.683+01:00 lsst.isr (isr:{instrument: 'LATISS', detector: 0, exposure: 2022031700208, ...})(isrTask.py:1509) - Interpolating masked pixels.
WARNING 2022-11-09T22:28:41.365+01:00 lsst.isr (isr:{instrument: 'LATISS', detector: 0, exposure: 2022031700208, ...})(isrTask.py:2272) - No rough magnitude zero point defined for filter empty~empty.
INFO 2022-11-09T22:28:41.366+01:00 lsst.isr (isr:{instrument: 'LATISS', detector: 0, exposure: 2022031700208, ...})(isrTask.py:2280) - Setting rough magnitude zero point for filter empty~empty: 31.692803
INFO 2022-11-09T22:28:44.271+01:00 lsst.ctrl.mpexec.singleQuantumExecutor (isr:{instrument: 'LATISS', detector: 0, exposure: 2022031700208, ...})(singleQuantumExecutor.py:233) - Execution of task 'isr' on quantum {instrument: 'LATISS', detector: 0, exposure: 2022031700208, ...} took 10.319 seconds
INFO 2022-11-09T22:28:44.560+01:00 lsst.ctrl.mpexec.mpGraphExecutor ()(mpGraphExecutor.py:516) - Executed 2 quanta successfully, 0 failed and 8 remain out of total 10 quanta.
WARNING 2022-11-09T22:28:46.923+01:00 lsst.obs.lsst.assembly (isr:{instrument: 'LATISS', detector: 0, exposure: 2022031700204, ...})(assembly.py:230) - /sps/lsst/groups/auxtel/softs/shared/auxteldm_gen3/data/LATISS/raw/all/raw/20220317/AT_O_20220317_000204/raw_LATISS_empty~empty_AT_O_20220317_000204_RXX_S00_LATISS_raw_all.fits: outAmp.getRawBBox() != data.getBBox(); patching. ((minimum=(0, 0), maximum=(543, 2047)) v. (minimum=(0, 0), maximum=(575, 2047)))
INFO 2022-11-09T22:28:49.484+01:00 lsst.isr (isr:{instrument: 'LATISS', detector: 0, exposure: 2022031700204, ...})(isrTask.py:1231) - Converting exposure to floating point values.
INFO 2022-11-09T22:28:49.980+01:00 lsst.isr (isr:{instrument: 'LATISS', detector: 0, exposure: 2022031700204, ...})(isrTask.py:1291) - Assembling CCD from amplifiers.
WARNING 2022-11-09T22:28:50.284+01:00 lsst.isr (isr:{instrument: 'LATISS', detector: 0, exposure: 2022031700204, ...})(isrTask.py:1295) - No WCS found in input exposure.
INFO 2022-11-09T22:28:50.285+01:00 lsst.isr (isr:{instrument: 'LATISS', detector: 0, exposure: 2022031700204, ...})(isrTask.py:1303) - Applying bias correction.
INFO 2022-11-09T22:28:50.912+01:00 lsst.isr (isr:{instrument: 'LATISS', detector: 0, exposure: 2022031700204, ...})(isrTask.py:1349) - Masking defects.
INFO 2022-11-09T22:28:50.913+01:00 lsst.isr (isr:{instrument: 'LATISS', detector: 0, exposure: 2022031700204, ...})(isrTask.py:1358) - Masking non-finite (NAN, inf) value pixels.
INFO 2022-11-09T22:28:50.945+01:00 lsst.isr (isr:{instrument: 'LATISS', detector: 0, exposure: 2022031700204, ...})(isrTask.py:1362) - Widening saturation trails.
INFO 2022-11-09T22:28:50.988+01:00 lsst.isr (isr:{instrument: 'LATISS', detector: 0, exposure: 2022031700204, ...})(isrTask.py:1428) - Applying dark correction.
WARNING 2022-11-09T22:28:50.989+01:00 lsst.isr (isr:{instrument: 'LATISS', detector: 0, exposure: 2022031700204, ...})(isrTask.py:1923) - darkExposure.getInfo().getVisitInfo() does not exist. Using darkScale = 1.0.
INFO 2022-11-09T22:28:51.688+01:00 lsst.isr (isr:{instrument: 'LATISS', detector: 0, exposure: 2022031700204, ...})(isrTask.py:1506) - Set 6478 BAD pixels to 22880.367188.
INFO 2022-11-09T22:28:51.689+01:00 lsst.isr (isr:{instrument: 'LATISS', detector: 0, exposure: 2022031700204, ...})(isrTask.py:1509) - Interpolating masked pixels.
WARNING 2022-11-09T22:28:52.478+01:00 lsst.isr (isr:{instrument: 'LATISS', detector: 0, exposure: 2022031700204, ...})(isrTask.py:2272) - No rough magnitude zero point defined for filter empty~empty.
INFO 2022-11-09T22:28:52.478+01:00 lsst.isr (isr:{instrument: 'LATISS', detector: 0, exposure: 2022031700204, ...})(isrTask.py:2280) - Setting rough magnitude zero point for filter empty~empty: 31.692803
INFO 2022-11-09T22:28:55.571+01:00 lsst.ctrl.mpexec.singleQuantumExecutor (isr:{instrument: 'LATISS', detector: 0, exposure: 2022031700204, ...})(singleQuantumExecutor.py:233) - Execution of task 'isr' on quantum {instrument: 'LATISS', detector: 0, exposure: 2022031700204, ...} took 11.011 seconds
INFO 2022-11-09T22:28:55.820+01:00 lsst.ctrl.mpexec.mpGraphExecutor ()(mpGraphExecutor.py:516) - Executed 3 quanta successfully, 0 failed and 7 remain out of total 10 quanta.
WARNING 2022-11-09T22:28:57.766+01:00 lsst.obs.lsst.assembly (isr:{instrument: 'LATISS', detector: 0, exposure: 2022031700211, ...})(assembly.py:230) - /sps/lsst/groups/auxtel/softs/shared/auxteldm_gen3/data/LATISS/raw/all/raw/20220317/AT_O_20220317_000211/raw_LATISS_empty~empty_AT_O_20220317_000211_RXX_S00_LATISS_raw_all.fits: outAmp.getRawBBox() != data.getBBox(); patching. ((minimum=(0, 0), maximum=(543, 2047)) v. (minimum=(0, 0), maximum=(575, 2047)))
INFO 2022-11-09T22:29:00.365+01:00 lsst.isr (isr:{instrument: 'LATISS', detector: 0, exposure: 2022031700211, ...})(isrTask.py:1231) - Converting exposure to floating point values.
INFO 2022-11-09T22:29:00.961+01:00 lsst.isr (isr:{instrument: 'LATISS', detector: 0, exposure: 2022031700211, ...})(isrTask.py:1291) - Assembling CCD from amplifiers.
WARNING 2022-11-09T22:29:01.288+01:00 lsst.isr (isr:{instrument: 'LATISS', detector: 0, exposure: 2022031700211, ...})(isrTask.py:1295) - No WCS found in input exposure.
INFO 2022-11-09T22:29:01.289+01:00 lsst.isr (isr:{instrument: 'LATISS', detector: 0, exposure: 2022031700211, ...})(isrTask.py:1303) - Applying bias correction.
INFO 2022-11-09T22:29:01.932+01:00 lsst.isr (isr:{instrument: 'LATISS', detector: 0, exposure: 2022031700211, ...})(isrTask.py:1349) - Masking defects.
INFO 2022-11-09T22:29:01.934+01:00 lsst.isr (isr:{instrument: 'LATISS', detector: 0, exposure: 2022031700211, ...})(isrTask.py:1358) - Masking non-finite (NAN, inf) value pixels.
INFO 2022-11-09T22:29:01.966+01:00 lsst.isr (isr:{instrument: 'LATISS', detector: 0, exposure: 2022031700211, ...})(isrTask.py:1362) - Widening saturation trails.
INFO 2022-11-09T22:29:02.008+01:00 lsst.isr (isr:{instrument: 'LATISS', detector: 0, exposure: 2022031700211, ...})(isrTask.py:1428) - Applying dark correction.
WARNING 2022-11-09T22:29:02.008+01:00 lsst.isr (isr:{instrument: 'LATISS', detector: 0, exposure: 2022031700211, ...})(isrTask.py:1923) - darkExposure.getInfo().getVisitInfo() does not exist. Using darkScale = 1.0.
INFO 2022-11-09T22:29:02.686+01:00 lsst.isr (isr:{instrument: 'LATISS', detector: 0, exposure: 2022031700211, ...})(isrTask.py:1506) - Set 6481 BAD pixels to 12284.161133.
INFO 2022-11-09T22:29:02.686+01:00 lsst.isr (isr:{instrument: 'LATISS', detector: 0, exposure: 2022031700211, ...})(isrTask.py:1509) - Interpolating masked pixels.
WARNING 2022-11-09T22:29:03.489+01:00 lsst.isr (isr:{instrument: 'LATISS', detector: 0, exposure: 2022031700211, ...})(isrTask.py:2272) - No rough magnitude zero point defined for filter empty~empty.
INFO 2022-11-09T22:29:03.490+01:00 lsst.isr (isr:{instrument: 'LATISS', detector: 0, exposure: 2022031700211, ...})(isrTask.py:2280) - Setting rough magnitude zero point for filter empty~empty: 31.692803
INFO 2022-11-09T22:29:06.237+01:00 lsst.ctrl.mpexec.singleQuantumExecutor (isr:{instrument: 'LATISS', detector: 0, exposure: 2022031700211, ...})(singleQuantumExecutor.py:233) - Execution of task 'isr' on quantum {instrument: 'LATISS', detector: 0, exposure: 2022031700211, ...} took 10.417 seconds
INFO 2022-11-09T22:29:06.522+01:00 lsst.ctrl.mpexec.mpGraphExecutor ()(mpGraphExecutor.py:516) - Executed 4 quanta successfully, 0 failed and 6 remain out of total 10 quanta.
WARNING 2022-11-09T22:29:08.213+01:00 lsst.obs.lsst.assembly (isr:{instrument: 'LATISS', detector: 0, exposure: 2022031700210, ...})(assembly.py:230) - /sps/lsst/groups/auxtel/softs/shared/auxteldm_gen3/data/LATISS/raw/all/raw/20220317/AT_O_20220317_000210/raw_LATISS_empty~empty_AT_O_20220317_000210_RXX_S00_LATISS_raw_all.fits: outAmp.getRawBBox() != data.getBBox(); patching. ((minimum=(0, 0), maximum=(543, 2047)) v. (minimum=(0, 0), maximum=(575, 2047)))
INFO 2022-11-09T22:29:11.222+01:00 lsst.isr (isr:{instrument: 'LATISS', detector: 0, exposure: 2022031700210, ...})(isrTask.py:1231) - Converting exposure to floating point values.
INFO 2022-11-09T22:29:11.864+01:00 lsst.isr (isr:{instrument: 'LATISS', detector: 0, exposure: 2022031700210, ...})(isrTask.py:1291) - Assembling CCD from amplifiers.
WARNING 2022-11-09T22:29:12.191+01:00 lsst.isr (isr:{instrument: 'LATISS', detector: 0, exposure: 2022031700210, ...})(isrTask.py:1295) - No WCS found in input exposure.
INFO 2022-11-09T22:29:12.192+01:00 lsst.isr (isr:{instrument: 'LATISS', detector: 0, exposure: 2022031700210, ...})(isrTask.py:1303) - Applying bias correction.
INFO 2022-11-09T22:29:12.814+01:00 lsst.isr (isr:{instrument: 'LATISS', detector: 0, exposure: 2022031700210, ...})(isrTask.py:1349) - Masking defects.
INFO 2022-11-09T22:29:12.816+01:00 lsst.isr (isr:{instrument: 'LATISS', detector: 0, exposure: 2022031700210, ...})(isrTask.py:1358) - Masking non-finite (NAN, inf) value pixels.
INFO 2022-11-09T22:29:12.867+01:00 lsst.isr (isr:{instrument: 'LATISS', detector: 0, exposure: 2022031700210, ...})(isrTask.py:1362) - Widening saturation trails.
INFO 2022-11-09T22:29:12.930+01:00 lsst.isr (isr:{instrument: 'LATISS', detector: 0, exposure: 2022031700210, ...})(isrTask.py:1428) - Applying dark correction.
WARNING 2022-11-09T22:29:12.930+01:00 lsst.isr (isr:{instrument: 'LATISS', detector: 0, exposure: 2022031700210, ...})(isrTask.py:1923) - darkExposure.getInfo().getVisitInfo() does not exist. Using darkScale = 1.0.
INFO 2022-11-09T22:29:13.640+01:00 lsst.isr (isr:{instrument: 'LATISS', detector: 0, exposure: 2022031700210, ...})(isrTask.py:1506) - Set 6480 BAD pixels to 13318.769531.
INFO 2022-11-09T22:29:13.641+01:00 lsst.isr (isr:{instrument: 'LATISS', detector: 0, exposure: 2022031700210, ...})(isrTask.py:1509) - Interpolating masked pixels.
WARNING 2022-11-09T22:29:14.437+01:00 lsst.isr (isr:{instrument: 'LATISS', detector: 0, exposure: 2022031700210, ...})(isrTask.py:2272) - No rough magnitude zero point defined for filter empty~empty.
INFO 2022-11-09T22:29:14.438+01:00 lsst.isr (isr:{instrument: 'LATISS', detector: 0, exposure: 2022031700210, ...})(isrTask.py:2280) - Setting rough magnitude zero point for filter empty~empty: 31.692803
INFO 2022-11-09T22:29:17.442+01:00 lsst.ctrl.mpexec.singleQuantumExecutor (isr:{instrument: 'LATISS', detector: 0, exposure: 2022031700210, ...})(singleQuantumExecutor.py:233) - Execution of task 'isr' on quantum {instrument: 'LATISS', detector: 0, exposure: 2022031700210, ...} took 10.920 seconds
INFO 2022-11-09T22:29:17.706+01:00 lsst.ctrl.mpexec.mpGraphExecutor ()(mpGraphExecutor.py:516) - Executed 5 quanta successfully, 0 failed and 5 remain out of total 10 quanta.
WARNING 2022-11-09T22:29:19.570+01:00 lsst.obs.lsst.assembly (isr:{instrument: 'LATISS', detector: 0, exposure: 2022031700201, ...})(assembly.py:230) - /sps/lsst/groups/auxtel/softs/shared/auxteldm_gen3/data/LATISS/raw/all/raw/20220317/AT_O_20220317_000201/raw_LATISS_empty~empty_AT_O_20220317_000201_RXX_S00_LATISS_raw_all.fits: outAmp.getRawBBox() != data.getBBox(); patching. ((minimum=(0, 0), maximum=(543, 2047)) v. (minimum=(0, 0), maximum=(575, 2047)))
INFO 2022-11-09T22:29:22.067+01:00 lsst.isr (isr:{instrument: 'LATISS', detector: 0, exposure: 2022031700201, ...})(isrTask.py:1231) - Converting exposure to floating point values.
INFO 2022-11-09T22:29:22.629+01:00 lsst.isr (isr:{instrument: 'LATISS', detector: 0, exposure: 2022031700201, ...})(isrTask.py:1291) - Assembling CCD from amplifiers.
WARNING 2022-11-09T22:29:22.955+01:00 lsst.isr (isr:{instrument: 'LATISS', detector: 0, exposure: 2022031700201, ...})(isrTask.py:1295) - No WCS found in input exposure.
INFO 2022-11-09T22:29:22.956+01:00 lsst.isr (isr:{instrument: 'LATISS', detector: 0, exposure: 2022031700201, ...})(isrTask.py:1303) - Applying bias correction.
INFO 2022-11-09T22:29:23.748+01:00 lsst.isr (isr:{instrument: 'LATISS', detector: 0, exposure: 2022031700201, ...})(isrTask.py:1349) - Masking defects.
INFO 2022-11-09T22:29:23.751+01:00 lsst.isr (isr:{instrument: 'LATISS', detector: 0, exposure: 2022031700201, ...})(isrTask.py:1358) - Masking non-finite (NAN, inf) value pixels.
INFO 2022-11-09T22:29:23.775+01:00 lsst.isr (isr:{instrument: 'LATISS', detector: 0, exposure: 2022031700201, ...})(isrTask.py:1362) - Widening saturation trails.
INFO 2022-11-09T22:29:23.823+01:00 lsst.isr (isr:{instrument: 'LATISS', detector: 0, exposure: 2022031700201, ...})(isrTask.py:1428) - Applying dark correction.
WARNING 2022-11-09T22:29:23.824+01:00 lsst.isr (isr:{instrument: 'LATISS', detector: 0, exposure: 2022031700201, ...})(isrTask.py:1923) - darkExposure.getInfo().getVisitInfo() does not exist. Using darkScale = 1.0.
INFO 2022-11-09T22:29:24.364+01:00 lsst.isr (isr:{instrument: 'LATISS', detector: 0, exposure: 2022031700201, ...})(isrTask.py:1506) - Set 6448 BAD pixels to 11006.715820.
INFO 2022-11-09T22:29:24.365+01:00 lsst.isr (isr:{instrument: 'LATISS', detector: 0, exposure: 2022031700201, ...})(isrTask.py:1509) - Interpolating masked pixels.
WARNING 2022-11-09T22:29:25.080+01:00 lsst.isr (isr:{instrument: 'LATISS', detector: 0, exposure: 2022031700201, ...})(isrTask.py:2272) - No rough magnitude zero point defined for filter empty~empty.
INFO 2022-11-09T22:29:25.080+01:00 lsst.isr (isr:{instrument: 'LATISS', detector: 0, exposure: 2022031700201, ...})(isrTask.py:2280) - Setting rough magnitude zero point for filter empty~empty: 30.500000
INFO 2022-11-09T22:29:28.010+01:00 lsst.ctrl.mpexec.singleQuantumExecutor (isr:{instrument: 'LATISS', detector: 0, exposure: 2022031700201, ...})(singleQuantumExecutor.py:233) - Execution of task 'isr' on quantum {instrument: 'LATISS', detector: 0, exposure: 2022031700201, ...} took 10.303 seconds
INFO 2022-11-09T22:29:28.335+01:00 lsst.ctrl.mpexec.mpGraphExecutor ()(mpGraphExecutor.py:516) - Executed 6 quanta successfully, 0 failed and 4 remain out of total 10 quanta.
WARNING 2022-11-09T22:29:30.246+01:00 lsst.obs.lsst.assembly (isr:{instrument: 'LATISS', detector: 0, exposure: 2022031700206, ...})(assembly.py:230) - /sps/lsst/groups/auxtel/softs/shared/auxteldm_gen3/data/LATISS/raw/all/raw/20220317/AT_O_20220317_000206/raw_LATISS_empty~empty_AT_O_20220317_000206_RXX_S00_LATISS_raw_all.fits: outAmp.getRawBBox() != data.getBBox(); patching. ((minimum=(0, 0), maximum=(543, 2047)) v. (minimum=(0, 0), maximum=(575, 2047)))
INFO 2022-11-09T22:29:33.121+01:00 lsst.isr (isr:{instrument: 'LATISS', detector: 0, exposure: 2022031700206, ...})(isrTask.py:1231) - Converting exposure to floating point values.
INFO 2022-11-09T22:29:33.785+01:00 lsst.isr (isr:{instrument: 'LATISS', detector: 0, exposure: 2022031700206, ...})(isrTask.py:1291) - Assembling CCD from amplifiers.
WARNING 2022-11-09T22:29:34.113+01:00 lsst.isr (isr:{instrument: 'LATISS', detector: 0, exposure: 2022031700206, ...})(isrTask.py:1295) - No WCS found in input exposure.
INFO 2022-11-09T22:29:34.114+01:00 lsst.isr (isr:{instrument: 'LATISS', detector: 0, exposure: 2022031700206, ...})(isrTask.py:1303) - Applying bias correction.
INFO 2022-11-09T22:29:34.889+01:00 lsst.isr (isr:{instrument: 'LATISS', detector: 0, exposure: 2022031700206, ...})(isrTask.py:1349) - Masking defects.
INFO 2022-11-09T22:29:34.891+01:00 lsst.isr (isr:{instrument: 'LATISS', detector: 0, exposure: 2022031700206, ...})(isrTask.py:1358) - Masking non-finite (NAN, inf) value pixels.
INFO 2022-11-09T22:29:34.917+01:00 lsst.isr (isr:{instrument: 'LATISS', detector: 0, exposure: 2022031700206, ...})(isrTask.py:1362) - Widening saturation trails.
INFO 2022-11-09T22:29:34.961+01:00 lsst.isr (isr:{instrument: 'LATISS', detector: 0, exposure: 2022031700206, ...})(isrTask.py:1428) - Applying dark correction.
WARNING 2022-11-09T22:29:34.962+01:00 lsst.isr (isr:{instrument: 'LATISS', detector: 0, exposure: 2022031700206, ...})(isrTask.py:1923) - darkExposure.getInfo().getVisitInfo() does not exist. Using darkScale = 1.0.
INFO 2022-11-09T22:29:35.587+01:00 lsst.isr (isr:{instrument: 'LATISS', detector: 0, exposure: 2022031700206, ...})(isrTask.py:1506) - Set 6478 BAD pixels to 18827.841797.
INFO 2022-11-09T22:29:35.587+01:00 lsst.isr (isr:{instrument: 'LATISS', detector: 0, exposure: 2022031700206, ...})(isrTask.py:1509) - Interpolating masked pixels.
WARNING 2022-11-09T22:29:36.296+01:00 lsst.isr (isr:{instrument: 'LATISS', detector: 0, exposure: 2022031700206, ...})(isrTask.py:2272) - No rough magnitude zero point defined for filter empty~empty.
INFO 2022-11-09T22:29:36.297+01:00 lsst.isr (isr:{instrument: 'LATISS', detector: 0, exposure: 2022031700206, ...})(isrTask.py:2280) - Setting rough magnitude zero point for filter empty~empty: 31.692803
INFO 2022-11-09T22:29:39.057+01:00 lsst.ctrl.mpexec.singleQuantumExecutor (isr:{instrument: 'LATISS', detector: 0, exposure: 2022031700206, ...})(singleQuantumExecutor.py:233) - Execution of task 'isr' on quantum {instrument: 'LATISS', detector: 0, exposure: 2022031700206, ...} took 10.722 seconds
INFO 2022-11-09T22:29:39.312+01:00 lsst.ctrl.mpexec.mpGraphExecutor ()(mpGraphExecutor.py:516) - Executed 7 quanta successfully, 0 failed and 3 remain out of total 10 quanta.
WARNING 2022-11-09T22:29:41.266+01:00 lsst.obs.lsst.assembly (isr:{instrument: 'LATISS', detector: 0, exposure: 2022031700207, ...})(assembly.py:230) - /sps/lsst/groups/auxtel/softs/shared/auxteldm_gen3/data/LATISS/raw/all/raw/20220317/AT_O_20220317_000207/raw_LATISS_empty~empty_AT_O_20220317_000207_RXX_S00_LATISS_raw_all.fits: outAmp.getRawBBox() != data.getBBox(); patching. ((minimum=(0, 0), maximum=(543, 2047)) v. (minimum=(0, 0), maximum=(575, 2047)))
INFO 2022-11-09T22:29:43.848+01:00 lsst.isr (isr:{instrument: 'LATISS', detector: 0, exposure: 2022031700207, ...})(isrTask.py:1231) - Converting exposure to floating point values.
INFO 2022-11-09T22:29:44.511+01:00 lsst.isr (isr:{instrument: 'LATISS', detector: 0, exposure: 2022031700207, ...})(isrTask.py:1291) - Assembling CCD from amplifiers.
WARNING 2022-11-09T22:29:44.738+01:00 lsst.isr (isr:{instrument: 'LATISS', detector: 0, exposure: 2022031700207, ...})(isrTask.py:1295) - No WCS found in input exposure.
INFO 2022-11-09T22:29:44.738+01:00 lsst.isr (isr:{instrument: 'LATISS', detector: 0, exposure: 2022031700207, ...})(isrTask.py:1303) - Applying bias correction.
INFO 2022-11-09T22:29:45.302+01:00 lsst.isr (isr:{instrument: 'LATISS', detector: 0, exposure: 2022031700207, ...})(isrTask.py:1349) - Masking defects.
INFO 2022-11-09T22:29:45.304+01:00 lsst.isr (isr:{instrument: 'LATISS', detector: 0, exposure: 2022031700207, ...})(isrTask.py:1358) - Masking non-finite (NAN, inf) value pixels.
INFO 2022-11-09T22:29:45.328+01:00 lsst.isr (isr:{instrument: 'LATISS', detector: 0, exposure: 2022031700207, ...})(isrTask.py:1362) - Widening saturation trails.
INFO 2022-11-09T22:29:45.372+01:00 lsst.isr (isr:{instrument: 'LATISS', detector: 0, exposure: 2022031700207, ...})(isrTask.py:1428) - Applying dark correction.
WARNING 2022-11-09T22:29:45.372+01:00 lsst.isr (isr:{instrument: 'LATISS', detector: 0, exposure: 2022031700207, ...})(isrTask.py:1923) - darkExposure.getInfo().getVisitInfo() does not exist. Using darkScale = 1.0.
INFO 2022-11-09T22:29:45.893+01:00 lsst.isr (isr:{instrument: 'LATISS', detector: 0, exposure: 2022031700207, ...})(isrTask.py:1506) - Set 6479 BAD pixels to 17051.951172.
INFO 2022-11-09T22:29:45.893+01:00 lsst.isr (isr:{instrument: 'LATISS', detector: 0, exposure: 2022031700207, ...})(isrTask.py:1509) - Interpolating masked pixels.
WARNING 2022-11-09T22:29:46.604+01:00 lsst.isr (isr:{instrument: 'LATISS', detector: 0, exposure: 2022031700207, ...})(isrTask.py:2272) - No rough magnitude zero point defined for filter empty~empty.
INFO 2022-11-09T22:29:46.605+01:00 lsst.isr (isr:{instrument: 'LATISS', detector: 0, exposure: 2022031700207, ...})(isrTask.py:2280) - Setting rough magnitude zero point for filter empty~empty: 31.692803
INFO 2022-11-09T22:29:49.348+01:00 lsst.ctrl.mpexec.singleQuantumExecutor (isr:{instrument: 'LATISS', detector: 0, exposure: 2022031700207, ...})(singleQuantumExecutor.py:233) - Execution of task 'isr' on quantum {instrument: 'LATISS', detector: 0, exposure: 2022031700207, ...} took 10.035 seconds
INFO 2022-11-09T22:29:49.666+01:00 lsst.ctrl.mpexec.mpGraphExecutor ()(mpGraphExecutor.py:516) - Executed 8 quanta successfully, 0 failed and 2 remain out of total 10 quanta.
WARNING 2022-11-09T22:29:51.785+01:00 lsst.obs.lsst.assembly (isr:{instrument: 'LATISS', detector: 0, exposure: 2022031700209, ...})(assembly.py:230) - /sps/lsst/groups/auxtel/softs/shared/auxteldm_gen3/data/LATISS/raw/all/raw/20220317/AT_O_20220317_000209/raw_LATISS_empty~empty_AT_O_20220317_000209_RXX_S00_LATISS_raw_all.fits: outAmp.getRawBBox() != data.getBBox(); patching. ((minimum=(0, 0), maximum=(543, 2047)) v. (minimum=(0, 0), maximum=(575, 2047)))
INFO 2022-11-09T22:29:54.341+01:00 lsst.isr (isr:{instrument: 'LATISS', detector: 0, exposure: 2022031700209, ...})(isrTask.py:1231) - Converting exposure to floating point values.
INFO 2022-11-09T22:29:54.948+01:00 lsst.isr (isr:{instrument: 'LATISS', detector: 0, exposure: 2022031700209, ...})(isrTask.py:1291) - Assembling CCD from amplifiers.
WARNING 2022-11-09T22:29:55.158+01:00 lsst.isr (isr:{instrument: 'LATISS', detector: 0, exposure: 2022031700209, ...})(isrTask.py:1295) - No WCS found in input exposure.
INFO 2022-11-09T22:29:55.159+01:00 lsst.isr (isr:{instrument: 'LATISS', detector: 0, exposure: 2022031700209, ...})(isrTask.py:1303) - Applying bias correction.
INFO 2022-11-09T22:29:55.710+01:00 lsst.isr (isr:{instrument: 'LATISS', detector: 0, exposure: 2022031700209, ...})(isrTask.py:1349) - Masking defects.
INFO 2022-11-09T22:29:55.712+01:00 lsst.isr (isr:{instrument: 'LATISS', detector: 0, exposure: 2022031700209, ...})(isrTask.py:1358) - Masking non-finite (NAN, inf) value pixels.
INFO 2022-11-09T22:29:55.731+01:00 lsst.isr (isr:{instrument: 'LATISS', detector: 0, exposure: 2022031700209, ...})(isrTask.py:1362) - Widening saturation trails.
INFO 2022-11-09T22:29:55.773+01:00 lsst.isr (isr:{instrument: 'LATISS', detector: 0, exposure: 2022031700209, ...})(isrTask.py:1428) - Applying dark correction.
WARNING 2022-11-09T22:29:55.774+01:00 lsst.isr (isr:{instrument: 'LATISS', detector: 0, exposure: 2022031700209, ...})(isrTask.py:1923) - darkExposure.getInfo().getVisitInfo() does not exist. Using darkScale = 1.0.
INFO 2022-11-09T22:29:56.408+01:00 lsst.isr (isr:{instrument: 'LATISS', detector: 0, exposure: 2022031700209, ...})(isrTask.py:1506) - Set 6480 BAD pixels to 14412.151367.
INFO 2022-11-09T22:29:56.408+01:00 lsst.isr (isr:{instrument: 'LATISS', detector: 0, exposure: 2022031700209, ...})(isrTask.py:1509) - Interpolating masked pixels.
WARNING 2022-11-09T22:29:57.099+01:00 lsst.isr (isr:{instrument: 'LATISS', detector: 0, exposure: 2022031700209, ...})(isrTask.py:2272) - No rough magnitude zero point defined for filter empty~empty.
INFO 2022-11-09T22:29:57.099+01:00 lsst.isr (isr:{instrument: 'LATISS', detector: 0, exposure: 2022031700209, ...})(isrTask.py:2280) - Setting rough magnitude zero point for filter empty~empty: 31.692803
INFO 2022-11-09T22:29:59.904+01:00 lsst.ctrl.mpexec.singleQuantumExecutor (isr:{instrument: 'LATISS', detector: 0, exposure: 2022031700209, ...})(singleQuantumExecutor.py:233) - Execution of task 'isr' on quantum {instrument: 'LATISS', detector: 0, exposure: 2022031700209, ...} took 10.238 seconds
INFO 2022-11-09T22:30:00.147+01:00 lsst.ctrl.mpexec.mpGraphExecutor ()(mpGraphExecutor.py:516) - Executed 9 quanta successfully, 0 failed and 1 remain out of total 10 quanta.
INFO 2022-11-09T22:30:02.116+01:00 lsst.cpFlatCombine (cpFlatCombine:{instrument: 'LATISS', detector: 0, physical_filter: 'empty~empty', ...})(cpCombine.py:330) - Scaling input 0 by 11031.288942537314
INFO 2022-11-09T22:30:03.883+01:00 lsst.cpFlatCombine (cpFlatCombine:{instrument: 'LATISS', detector: 0, physical_filter: 'empty~empty', ...})(cpCombine.py:330) - Scaling input 1 by 22935.908609855633
INFO 2022-11-09T22:30:05.906+01:00 lsst.cpFlatCombine (cpFlatCombine:{instrument: 'LATISS', detector: 0, physical_filter: 'empty~empty', ...})(cpCombine.py:330) - Scaling input 2 by 20882.564928753032
INFO 2022-11-09T22:30:07.882+01:00 lsst.cpFlatCombine (cpFlatCombine:{instrument: 'LATISS', detector: 0, physical_filter: 'empty~empty', ...})(cpCombine.py:330) - Scaling input 3 by 18872.151619081662
INFO 2022-11-09T22:30:09.565+01:00 lsst.cpFlatCombine (cpFlatCombine:{instrument: 'LATISS', detector: 0, physical_filter: 'empty~empty', ...})(cpCombine.py:330) - Scaling input 4 by 17090.435444914463
INFO 2022-11-09T22:30:11.275+01:00 lsst.cpFlatCombine (cpFlatCombine:{instrument: 'LATISS', detector: 0, physical_filter: 'empty~empty', ...})(cpCombine.py:330) - Scaling input 5 by 15638.686438343075
INFO 2022-11-09T22:30:12.869+01:00 lsst.cpFlatCombine (cpFlatCombine:{instrument: 'LATISS', detector: 0, physical_filter: 'empty~empty', ...})(cpCombine.py:330) - Scaling input 6 by 14443.934199479523
INFO 2022-11-09T22:30:14.389+01:00 lsst.cpFlatCombine (cpFlatCombine:{instrument: 'LATISS', detector: 0, physical_filter: 'empty~empty', ...})(cpCombine.py:330) - Scaling input 7 by 13347.764940190182
INFO 2022-11-09T22:30:15.857+01:00 lsst.cpFlatCombine (cpFlatCombine:{instrument: 'LATISS', detector: 0, physical_filter: 'empty~empty', ...})(cpCombine.py:330) - Scaling input 8 by 12311.048830295626
WARNING 2022-11-09T22:30:45.333+01:00 lsst.cpFlatCombine (cpFlatCombine:{instrument: 'LATISS', detector: 0, physical_filter: 'empty~empty', ...})(cpCombine.py:588) - Found and fixed 7435 NAN pixels
WARNING 2022-11-09T22:30:45.494+01:00 lsst.cpFlatCombine (cpFlatCombine:{instrument: 'LATISS', detector: 0, physical_filter: 'empty~empty', ...})(cpCombine.py:557) - Exception making an obs group for headers. Continuing.
WARNING 2022-11-09T22:30:45.501+01:00 py.warnings (cpFlatCombine:{instrument: 'LATISS', detector: 0, physical_filter: 'empty~empty', ...})(warnings.py:109) - /cvmfs/sw.lsst.eu/linux-x86_64/lsst_distrib/w_2022_39/conda/envs/lsst-scipipe-4.1.0/share/eups/Linux64/obs_base/g188f660963+6ea671c325/python/lsst/obs/base/formatters/fitsExposure.py:94: FutureWarning: Exposure.filterLabel component is deprecated; use .filter instead. Will be removed after v24.
  return self.readComponent(component)

INFO 2022-11-09T22:30:48.586+01:00 lsst.ctrl.mpexec.singleQuantumExecutor (cpFlatCombine:{instrument: 'LATISS', detector: 0, physical_filter: 'empty~empty', ...})(singleQuantumExecutor.py:233) - Execution of task 'cpFlatCombine' on quantum {instrument: 'LATISS', detector: 0, physical_filter: 'empty~empty', ...} took 48.439 seconds
INFO 2022-11-09T22:30:48.894+01:00 lsst.ctrl.mpexec.mpGraphExecutor ()(mpGraphExecutor.py:516) - Executed 10 quanta successfully, 0 failed and 0 remain out of total 10 quanta.
