INFO 2022-11-22T15:53:38.945+01:00 lsst.ctrl.mpexec.cmdLineFwk ()(cmdLineFwk.py:581) - QuantumGraph contains 34 quanta for 4 tasks, graph ID: '1669128818.9368348-32755'
WARNING 2022-11-22T15:53:49.579+01:00 lsst.obs.lsst.assembly (verifyFlatApply:{instrument: 'LATISS', detector: 0, exposure: 2022031700210, ...})(assembly.py:230) - /sps/lsst/groups/auxtel/softs/shared/auxteldm_gen3/data/LATISS/raw/all/raw/20220317/AT_O_20220317_000210/raw_LATISS_empty~empty_AT_O_20220317_000210_RXX_S00_LATISS_raw_all.fits: outAmp.getRawBBox() != data.getBBox(); patching. ((minimum=(0, 0), maximum=(543, 2047)) v. (minimum=(0, 0), maximum=(575, 2047)))
WARNING 2022-11-22T15:53:52.640+01:00 py.warnings (verifyFlatApply:{instrument: 'LATISS', detector: 0, exposure: 2022031700210, ...})(warnings.py:109) - /cvmfs/sw.lsst.eu/linux-x86_64/lsst_distrib/w_2022_39/conda/envs/lsst-scipipe-4.1.0/share/eups/Linux64/obs_base/g188f660963+6ea671c325/python/lsst/obs/base/formatters/fitsExposure.py:659: UserWarning: Reading file:///sps/lsst/groups/auxtel/softs/shared/auxteldm_gen3/data/u/czw/DM-28920/flatGen.20210720Xb/20210720T225330Z/flat/white/empty~empty/flat_LATISS_white_empty~empty_RXX_S00_u_czw_DM-28920_flatGen_20210720Xb_20210720T225330Z.fits with data ID {instrument: 'LATISS', detector: 0, physical_filter: 'empty~empty', ...}: filter label mismatch (file is None, data ID is FilterLabel(band="white", physical="empty~empty")).  This is probably a bug in the code that produced it.
  warnings.warn(

WARNING 2022-11-22T15:53:53.616+01:00 lsst.verifyFlatApply (verifyFlatApply:{instrument: 'LATISS', detector: 0, exposure: 2022031700210, ...})(isrTask.py:997) - Constructing linearizer from cameraGeom information.
INFO 2022-11-22T15:53:53.617+01:00 lsst.verifyFlatApply (verifyFlatApply:{instrument: 'LATISS', detector: 0, exposure: 2022031700210, ...})(isrTask.py:1231) - Converting exposure to floating point values.
INFO 2022-11-22T15:53:53.922+01:00 lsst.verifyFlatApply (verifyFlatApply:{instrument: 'LATISS', detector: 0, exposure: 2022031700210, ...})(isrTask.py:1291) - Assembling CCD from amplifiers.
WARNING 2022-11-22T15:53:54.341+01:00 lsst.verifyFlatApply (verifyFlatApply:{instrument: 'LATISS', detector: 0, exposure: 2022031700210, ...})(isrTask.py:1295) - No WCS found in input exposure.
INFO 2022-11-22T15:53:54.341+01:00 lsst.verifyFlatApply (verifyFlatApply:{instrument: 'LATISS', detector: 0, exposure: 2022031700210, ...})(isrTask.py:1303) - Applying bias correction.
INFO 2022-11-22T15:53:55.101+01:00 lsst.verifyFlatApply (verifyFlatApply:{instrument: 'LATISS', detector: 0, exposure: 2022031700210, ...})(isrTask.py:1335) - Applying linearizer.
INFO 2022-11-22T15:53:55.103+01:00 lsst.verifyFlatApply (verifyFlatApply:{instrument: 'LATISS', detector: 0, exposure: 2022031700210, ...})(isrTask.py:1349) - Masking defects.
INFO 2022-11-22T15:53:55.105+01:00 lsst.verifyFlatApply (verifyFlatApply:{instrument: 'LATISS', detector: 0, exposure: 2022031700210, ...})(isrTask.py:1358) - Masking non-finite (NAN, inf) value pixels.
INFO 2022-11-22T15:53:55.139+01:00 lsst.verifyFlatApply (verifyFlatApply:{instrument: 'LATISS', detector: 0, exposure: 2022031700210, ...})(isrTask.py:1362) - Widening saturation trails.
INFO 2022-11-22T15:53:55.195+01:00 lsst.verifyFlatApply (verifyFlatApply:{instrument: 'LATISS', detector: 0, exposure: 2022031700210, ...})(isrTask.py:1428) - Applying dark correction.
WARNING 2022-11-22T15:53:55.195+01:00 lsst.verifyFlatApply (verifyFlatApply:{instrument: 'LATISS', detector: 0, exposure: 2022031700210, ...})(isrTask.py:1923) - darkExposure.getInfo().getVisitInfo() does not exist. Using darkScale = 1.0.
INFO 2022-11-22T15:53:55.288+01:00 lsst.verifyFlatApply (verifyFlatApply:{instrument: 'LATISS', detector: 0, exposure: 2022031700210, ...})(isrTask.py:1443) - Applying flat correction.
INFO 2022-11-22T15:53:56.306+01:00 lsst.verifyFlatApply (verifyFlatApply:{instrument: 'LATISS', detector: 0, exposure: 2022031700210, ...})(isrTask.py:1506) - Set 6480 BAD pixels to 13347.324219.
INFO 2022-11-22T15:53:56.308+01:00 lsst.verifyFlatApply (verifyFlatApply:{instrument: 'LATISS', detector: 0, exposure: 2022031700210, ...})(isrTask.py:1509) - Interpolating masked pixels.
WARNING 2022-11-22T15:53:57.170+01:00 lsst.verifyFlatApply (verifyFlatApply:{instrument: 'LATISS', detector: 0, exposure: 2022031700210, ...})(isrTask.py:2272) - No rough magnitude zero point defined for filter empty~empty.
INFO 2022-11-22T15:53:57.170+01:00 lsst.verifyFlatApply (verifyFlatApply:{instrument: 'LATISS', detector: 0, exposure: 2022031700210, ...})(isrTask.py:2280) - Setting rough magnitude zero point for filter empty~empty: 31.692803
INFO 2022-11-22T15:54:01.188+01:00 lsst.ctrl.mpexec.singleQuantumExecutor (verifyFlatApply:{instrument: 'LATISS', detector: 0, exposure: 2022031700210, ...})(singleQuantumExecutor.py:233) - Execution of task 'verifyFlatApply' on quantum {instrument: 'LATISS', detector: 0, exposure: 2022031700210, ...} took 13.645 seconds
INFO 2022-11-22T15:54:01.627+01:00 lsst.ctrl.mpexec.mpGraphExecutor ()(mpGraphExecutor.py:516) - Executed 1 quanta successfully, 0 failed and 33 remain out of total 34 quanta.
WARNING 2022-11-22T15:54:03.232+01:00 lsst.obs.lsst.assembly (verifyFlatApply:{instrument: 'LATISS', detector: 0, exposure: 2022031700206, ...})(assembly.py:230) - /sps/lsst/groups/auxtel/softs/shared/auxteldm_gen3/data/LATISS/raw/all/raw/20220317/AT_O_20220317_000206/raw_LATISS_empty~empty_AT_O_20220317_000206_RXX_S00_LATISS_raw_all.fits: outAmp.getRawBBox() != data.getBBox(); patching. ((minimum=(0, 0), maximum=(543, 2047)) v. (minimum=(0, 0), maximum=(575, 2047)))
WARNING 2022-11-22T15:54:04.692+01:00 py.warnings (verifyFlatApply:{instrument: 'LATISS', detector: 0, exposure: 2022031700206, ...})(warnings.py:109) - /cvmfs/sw.lsst.eu/linux-x86_64/lsst_distrib/w_2022_39/conda/envs/lsst-scipipe-4.1.0/share/eups/Linux64/obs_base/g188f660963+6ea671c325/python/lsst/obs/base/formatters/fitsExposure.py:659: UserWarning: Reading file:///sps/lsst/groups/auxtel/softs/shared/auxteldm_gen3/data/u/czw/DM-28920/flatGen.20210720Xb/20210720T225330Z/flat/white/empty~empty/flat_LATISS_white_empty~empty_RXX_S00_u_czw_DM-28920_flatGen_20210720Xb_20210720T225330Z.fits with data ID {instrument: 'LATISS', detector: 0, physical_filter: 'empty~empty', ...}: filter label mismatch (file is None, data ID is FilterLabel(band="white", physical="empty~empty")).  This is probably a bug in the code that produced it.
  warnings.warn(

WARNING 2022-11-22T15:54:05.902+01:00 lsst.verifyFlatApply (verifyFlatApply:{instrument: 'LATISS', detector: 0, exposure: 2022031700206, ...})(isrTask.py:997) - Constructing linearizer from cameraGeom information.
INFO 2022-11-22T15:54:05.903+01:00 lsst.verifyFlatApply (verifyFlatApply:{instrument: 'LATISS', detector: 0, exposure: 2022031700206, ...})(isrTask.py:1231) - Converting exposure to floating point values.
INFO 2022-11-22T15:54:06.426+01:00 lsst.verifyFlatApply (verifyFlatApply:{instrument: 'LATISS', detector: 0, exposure: 2022031700206, ...})(isrTask.py:1291) - Assembling CCD from amplifiers.
WARNING 2022-11-22T15:54:06.707+01:00 lsst.verifyFlatApply (verifyFlatApply:{instrument: 'LATISS', detector: 0, exposure: 2022031700206, ...})(isrTask.py:1295) - No WCS found in input exposure.
INFO 2022-11-22T15:54:06.708+01:00 lsst.verifyFlatApply (verifyFlatApply:{instrument: 'LATISS', detector: 0, exposure: 2022031700206, ...})(isrTask.py:1303) - Applying bias correction.
INFO 2022-11-22T15:54:07.318+01:00 lsst.verifyFlatApply (verifyFlatApply:{instrument: 'LATISS', detector: 0, exposure: 2022031700206, ...})(isrTask.py:1335) - Applying linearizer.
INFO 2022-11-22T15:54:07.320+01:00 lsst.verifyFlatApply (verifyFlatApply:{instrument: 'LATISS', detector: 0, exposure: 2022031700206, ...})(isrTask.py:1349) - Masking defects.
INFO 2022-11-22T15:54:07.322+01:00 lsst.verifyFlatApply (verifyFlatApply:{instrument: 'LATISS', detector: 0, exposure: 2022031700206, ...})(isrTask.py:1358) - Masking non-finite (NAN, inf) value pixels.
INFO 2022-11-22T15:54:07.346+01:00 lsst.verifyFlatApply (verifyFlatApply:{instrument: 'LATISS', detector: 0, exposure: 2022031700206, ...})(isrTask.py:1362) - Widening saturation trails.
INFO 2022-11-22T15:54:07.390+01:00 lsst.verifyFlatApply (verifyFlatApply:{instrument: 'LATISS', detector: 0, exposure: 2022031700206, ...})(isrTask.py:1428) - Applying dark correction.
WARNING 2022-11-22T15:54:07.391+01:00 lsst.verifyFlatApply (verifyFlatApply:{instrument: 'LATISS', detector: 0, exposure: 2022031700206, ...})(isrTask.py:1923) - darkExposure.getInfo().getVisitInfo() does not exist. Using darkScale = 1.0.
INFO 2022-11-22T15:54:07.491+01:00 lsst.verifyFlatApply (verifyFlatApply:{instrument: 'LATISS', detector: 0, exposure: 2022031700206, ...})(isrTask.py:1443) - Applying flat correction.
INFO 2022-11-22T15:54:08.234+01:00 lsst.verifyFlatApply (verifyFlatApply:{instrument: 'LATISS', detector: 0, exposure: 2022031700206, ...})(isrTask.py:1506) - Set 6478 BAD pixels to 18870.789062.
INFO 2022-11-22T15:54:08.236+01:00 lsst.verifyFlatApply (verifyFlatApply:{instrument: 'LATISS', detector: 0, exposure: 2022031700206, ...})(isrTask.py:1509) - Interpolating masked pixels.
WARNING 2022-11-22T15:54:08.942+01:00 lsst.verifyFlatApply (verifyFlatApply:{instrument: 'LATISS', detector: 0, exposure: 2022031700206, ...})(isrTask.py:2272) - No rough magnitude zero point defined for filter empty~empty.
INFO 2022-11-22T15:54:08.943+01:00 lsst.verifyFlatApply (verifyFlatApply:{instrument: 'LATISS', detector: 0, exposure: 2022031700206, ...})(isrTask.py:2280) - Setting rough magnitude zero point for filter empty~empty: 31.692803
INFO 2022-11-22T15:54:11.711+01:00 lsst.ctrl.mpexec.singleQuantumExecutor (verifyFlatApply:{instrument: 'LATISS', detector: 0, exposure: 2022031700206, ...})(singleQuantumExecutor.py:233) - Execution of task 'verifyFlatApply' on quantum {instrument: 'LATISS', detector: 0, exposure: 2022031700206, ...} took 10.083 seconds
INFO 2022-11-22T15:54:12.176+01:00 lsst.ctrl.mpexec.mpGraphExecutor ()(mpGraphExecutor.py:516) - Executed 2 quanta successfully, 0 failed and 32 remain out of total 34 quanta.
WARNING 2022-11-22T15:54:13.869+01:00 lsst.obs.lsst.assembly (verifyFlatApply:{instrument: 'LATISS', detector: 0, exposure: 2022031700208, ...})(assembly.py:230) - /sps/lsst/groups/auxtel/softs/shared/auxteldm_gen3/data/LATISS/raw/all/raw/20220317/AT_O_20220317_000208/raw_LATISS_empty~empty_AT_O_20220317_000208_RXX_S00_LATISS_raw_all.fits: outAmp.getRawBBox() != data.getBBox(); patching. ((minimum=(0, 0), maximum=(543, 2047)) v. (minimum=(0, 0), maximum=(575, 2047)))
WARNING 2022-11-22T15:54:15.392+01:00 py.warnings (verifyFlatApply:{instrument: 'LATISS', detector: 0, exposure: 2022031700208, ...})(warnings.py:109) - /cvmfs/sw.lsst.eu/linux-x86_64/lsst_distrib/w_2022_39/conda/envs/lsst-scipipe-4.1.0/share/eups/Linux64/obs_base/g188f660963+6ea671c325/python/lsst/obs/base/formatters/fitsExposure.py:659: UserWarning: Reading file:///sps/lsst/groups/auxtel/softs/shared/auxteldm_gen3/data/u/czw/DM-28920/flatGen.20210720Xb/20210720T225330Z/flat/white/empty~empty/flat_LATISS_white_empty~empty_RXX_S00_u_czw_DM-28920_flatGen_20210720Xb_20210720T225330Z.fits with data ID {instrument: 'LATISS', detector: 0, physical_filter: 'empty~empty', ...}: filter label mismatch (file is None, data ID is FilterLabel(band="white", physical="empty~empty")).  This is probably a bug in the code that produced it.
  warnings.warn(

WARNING 2022-11-22T15:54:16.682+01:00 lsst.verifyFlatApply (verifyFlatApply:{instrument: 'LATISS', detector: 0, exposure: 2022031700208, ...})(isrTask.py:997) - Constructing linearizer from cameraGeom information.
INFO 2022-11-22T15:54:16.683+01:00 lsst.verifyFlatApply (verifyFlatApply:{instrument: 'LATISS', detector: 0, exposure: 2022031700208, ...})(isrTask.py:1231) - Converting exposure to floating point values.
INFO 2022-11-22T15:54:17.105+01:00 lsst.verifyFlatApply (verifyFlatApply:{instrument: 'LATISS', detector: 0, exposure: 2022031700208, ...})(isrTask.py:1291) - Assembling CCD from amplifiers.
WARNING 2022-11-22T15:54:17.329+01:00 lsst.verifyFlatApply (verifyFlatApply:{instrument: 'LATISS', detector: 0, exposure: 2022031700208, ...})(isrTask.py:1295) - No WCS found in input exposure.
INFO 2022-11-22T15:54:17.331+01:00 lsst.verifyFlatApply (verifyFlatApply:{instrument: 'LATISS', detector: 0, exposure: 2022031700208, ...})(isrTask.py:1303) - Applying bias correction.
INFO 2022-11-22T15:54:17.972+01:00 lsst.verifyFlatApply (verifyFlatApply:{instrument: 'LATISS', detector: 0, exposure: 2022031700208, ...})(isrTask.py:1335) - Applying linearizer.
INFO 2022-11-22T15:54:17.974+01:00 lsst.verifyFlatApply (verifyFlatApply:{instrument: 'LATISS', detector: 0, exposure: 2022031700208, ...})(isrTask.py:1349) - Masking defects.
INFO 2022-11-22T15:54:17.976+01:00 lsst.verifyFlatApply (verifyFlatApply:{instrument: 'LATISS', detector: 0, exposure: 2022031700208, ...})(isrTask.py:1358) - Masking non-finite (NAN, inf) value pixels.
INFO 2022-11-22T15:54:18.000+01:00 lsst.verifyFlatApply (verifyFlatApply:{instrument: 'LATISS', detector: 0, exposure: 2022031700208, ...})(isrTask.py:1362) - Widening saturation trails.
INFO 2022-11-22T15:54:18.044+01:00 lsst.verifyFlatApply (verifyFlatApply:{instrument: 'LATISS', detector: 0, exposure: 2022031700208, ...})(isrTask.py:1428) - Applying dark correction.
WARNING 2022-11-22T15:54:18.045+01:00 lsst.verifyFlatApply (verifyFlatApply:{instrument: 'LATISS', detector: 0, exposure: 2022031700208, ...})(isrTask.py:1923) - darkExposure.getInfo().getVisitInfo() does not exist. Using darkScale = 1.0.
INFO 2022-11-22T15:54:18.176+01:00 lsst.verifyFlatApply (verifyFlatApply:{instrument: 'LATISS', detector: 0, exposure: 2022031700208, ...})(isrTask.py:1443) - Applying flat correction.
INFO 2022-11-22T15:54:19.137+01:00 lsst.verifyFlatApply (verifyFlatApply:{instrument: 'LATISS', detector: 0, exposure: 2022031700208, ...})(isrTask.py:1506) - Set 6479 BAD pixels to 15637.914062.
INFO 2022-11-22T15:54:19.138+01:00 lsst.verifyFlatApply (verifyFlatApply:{instrument: 'LATISS', detector: 0, exposure: 2022031700208, ...})(isrTask.py:1509) - Interpolating masked pixels.
WARNING 2022-11-22T15:54:20.095+01:00 lsst.verifyFlatApply (verifyFlatApply:{instrument: 'LATISS', detector: 0, exposure: 2022031700208, ...})(isrTask.py:2272) - No rough magnitude zero point defined for filter empty~empty.
INFO 2022-11-22T15:54:20.096+01:00 lsst.verifyFlatApply (verifyFlatApply:{instrument: 'LATISS', detector: 0, exposure: 2022031700208, ...})(isrTask.py:2280) - Setting rough magnitude zero point for filter empty~empty: 31.692803
INFO 2022-11-22T15:54:23.045+01:00 lsst.ctrl.mpexec.singleQuantumExecutor (verifyFlatApply:{instrument: 'LATISS', detector: 0, exposure: 2022031700208, ...})(singleQuantumExecutor.py:233) - Execution of task 'verifyFlatApply' on quantum {instrument: 'LATISS', detector: 0, exposure: 2022031700208, ...} took 10.869 seconds
INFO 2022-11-22T15:54:23.439+01:00 lsst.ctrl.mpexec.mpGraphExecutor ()(mpGraphExecutor.py:516) - Executed 3 quanta successfully, 0 failed and 31 remain out of total 34 quanta.
WARNING 2022-11-22T15:54:25.108+01:00 lsst.obs.lsst.assembly (verifyFlatApply:{instrument: 'LATISS', detector: 0, exposure: 2022031700211, ...})(assembly.py:230) - /sps/lsst/groups/auxtel/softs/shared/auxteldm_gen3/data/LATISS/raw/all/raw/20220317/AT_O_20220317_000211/raw_LATISS_empty~empty_AT_O_20220317_000211_RXX_S00_LATISS_raw_all.fits: outAmp.getRawBBox() != data.getBBox(); patching. ((minimum=(0, 0), maximum=(543, 2047)) v. (minimum=(0, 0), maximum=(575, 2047)))
WARNING 2022-11-22T15:54:26.502+01:00 py.warnings (verifyFlatApply:{instrument: 'LATISS', detector: 0, exposure: 2022031700211, ...})(warnings.py:109) - /cvmfs/sw.lsst.eu/linux-x86_64/lsst_distrib/w_2022_39/conda/envs/lsst-scipipe-4.1.0/share/eups/Linux64/obs_base/g188f660963+6ea671c325/python/lsst/obs/base/formatters/fitsExposure.py:659: UserWarning: Reading file:///sps/lsst/groups/auxtel/softs/shared/auxteldm_gen3/data/u/czw/DM-28920/flatGen.20210720Xb/20210720T225330Z/flat/white/empty~empty/flat_LATISS_white_empty~empty_RXX_S00_u_czw_DM-28920_flatGen_20210720Xb_20210720T225330Z.fits with data ID {instrument: 'LATISS', detector: 0, physical_filter: 'empty~empty', ...}: filter label mismatch (file is None, data ID is FilterLabel(band="white", physical="empty~empty")).  This is probably a bug in the code that produced it.
  warnings.warn(

WARNING 2022-11-22T15:54:27.737+01:00 lsst.verifyFlatApply (verifyFlatApply:{instrument: 'LATISS', detector: 0, exposure: 2022031700211, ...})(isrTask.py:997) - Constructing linearizer from cameraGeom information.
INFO 2022-11-22T15:54:27.738+01:00 lsst.verifyFlatApply (verifyFlatApply:{instrument: 'LATISS', detector: 0, exposure: 2022031700211, ...})(isrTask.py:1231) - Converting exposure to floating point values.
INFO 2022-11-22T15:54:28.156+01:00 lsst.verifyFlatApply (verifyFlatApply:{instrument: 'LATISS', detector: 0, exposure: 2022031700211, ...})(isrTask.py:1291) - Assembling CCD from amplifiers.
WARNING 2022-11-22T15:54:28.393+01:00 lsst.verifyFlatApply (verifyFlatApply:{instrument: 'LATISS', detector: 0, exposure: 2022031700211, ...})(isrTask.py:1295) - No WCS found in input exposure.
INFO 2022-11-22T15:54:28.394+01:00 lsst.verifyFlatApply (verifyFlatApply:{instrument: 'LATISS', detector: 0, exposure: 2022031700211, ...})(isrTask.py:1303) - Applying bias correction.
INFO 2022-11-22T15:54:29.204+01:00 lsst.verifyFlatApply (verifyFlatApply:{instrument: 'LATISS', detector: 0, exposure: 2022031700211, ...})(isrTask.py:1335) - Applying linearizer.
INFO 2022-11-22T15:54:29.207+01:00 lsst.verifyFlatApply (verifyFlatApply:{instrument: 'LATISS', detector: 0, exposure: 2022031700211, ...})(isrTask.py:1349) - Masking defects.
INFO 2022-11-22T15:54:29.209+01:00 lsst.verifyFlatApply (verifyFlatApply:{instrument: 'LATISS', detector: 0, exposure: 2022031700211, ...})(isrTask.py:1358) - Masking non-finite (NAN, inf) value pixels.
INFO 2022-11-22T15:54:29.241+01:00 lsst.verifyFlatApply (verifyFlatApply:{instrument: 'LATISS', detector: 0, exposure: 2022031700211, ...})(isrTask.py:1362) - Widening saturation trails.
INFO 2022-11-22T15:54:29.285+01:00 lsst.verifyFlatApply (verifyFlatApply:{instrument: 'LATISS', detector: 0, exposure: 2022031700211, ...})(isrTask.py:1428) - Applying dark correction.
WARNING 2022-11-22T15:54:29.285+01:00 lsst.verifyFlatApply (verifyFlatApply:{instrument: 'LATISS', detector: 0, exposure: 2022031700211, ...})(isrTask.py:1923) - darkExposure.getInfo().getVisitInfo() does not exist. Using darkScale = 1.0.
INFO 2022-11-22T15:54:29.379+01:00 lsst.verifyFlatApply (verifyFlatApply:{instrument: 'LATISS', detector: 0, exposure: 2022031700211, ...})(isrTask.py:1443) - Applying flat correction.
INFO 2022-11-22T15:54:30.284+01:00 lsst.verifyFlatApply (verifyFlatApply:{instrument: 'LATISS', detector: 0, exposure: 2022031700211, ...})(isrTask.py:1506) - Set 6481 BAD pixels to 12309.719727.
INFO 2022-11-22T15:54:30.285+01:00 lsst.verifyFlatApply (verifyFlatApply:{instrument: 'LATISS', detector: 0, exposure: 2022031700211, ...})(isrTask.py:1509) - Interpolating masked pixels.
WARNING 2022-11-22T15:54:31.016+01:00 lsst.verifyFlatApply (verifyFlatApply:{instrument: 'LATISS', detector: 0, exposure: 2022031700211, ...})(isrTask.py:2272) - No rough magnitude zero point defined for filter empty~empty.
INFO 2022-11-22T15:54:31.016+01:00 lsst.verifyFlatApply (verifyFlatApply:{instrument: 'LATISS', detector: 0, exposure: 2022031700211, ...})(isrTask.py:2280) - Setting rough magnitude zero point for filter empty~empty: 31.692803
INFO 2022-11-22T15:54:34.167+01:00 lsst.ctrl.mpexec.singleQuantumExecutor (verifyFlatApply:{instrument: 'LATISS', detector: 0, exposure: 2022031700211, ...})(singleQuantumExecutor.py:233) - Execution of task 'verifyFlatApply' on quantum {instrument: 'LATISS', detector: 0, exposure: 2022031700211, ...} took 10.728 seconds
INFO 2022-11-22T15:54:34.513+01:00 lsst.ctrl.mpexec.mpGraphExecutor ()(mpGraphExecutor.py:516) - Executed 4 quanta successfully, 0 failed and 30 remain out of total 34 quanta.
WARNING 2022-11-22T15:54:36.164+01:00 lsst.obs.lsst.assembly (verifyFlatApply:{instrument: 'LATISS', detector: 0, exposure: 2022031700209, ...})(assembly.py:230) - /sps/lsst/groups/auxtel/softs/shared/auxteldm_gen3/data/LATISS/raw/all/raw/20220317/AT_O_20220317_000209/raw_LATISS_empty~empty_AT_O_20220317_000209_RXX_S00_LATISS_raw_all.fits: outAmp.getRawBBox() != data.getBBox(); patching. ((minimum=(0, 0), maximum=(543, 2047)) v. (minimum=(0, 0), maximum=(575, 2047)))
WARNING 2022-11-22T15:54:37.350+01:00 py.warnings (verifyFlatApply:{instrument: 'LATISS', detector: 0, exposure: 2022031700209, ...})(warnings.py:109) - /cvmfs/sw.lsst.eu/linux-x86_64/lsst_distrib/w_2022_39/conda/envs/lsst-scipipe-4.1.0/share/eups/Linux64/obs_base/g188f660963+6ea671c325/python/lsst/obs/base/formatters/fitsExposure.py:659: UserWarning: Reading file:///sps/lsst/groups/auxtel/softs/shared/auxteldm_gen3/data/u/czw/DM-28920/flatGen.20210720Xb/20210720T225330Z/flat/white/empty~empty/flat_LATISS_white_empty~empty_RXX_S00_u_czw_DM-28920_flatGen_20210720Xb_20210720T225330Z.fits with data ID {instrument: 'LATISS', detector: 0, physical_filter: 'empty~empty', ...}: filter label mismatch (file is None, data ID is FilterLabel(band="white", physical="empty~empty")).  This is probably a bug in the code that produced it.
  warnings.warn(

WARNING 2022-11-22T15:54:38.355+01:00 lsst.verifyFlatApply (verifyFlatApply:{instrument: 'LATISS', detector: 0, exposure: 2022031700209, ...})(isrTask.py:997) - Constructing linearizer from cameraGeom information.
INFO 2022-11-22T15:54:38.357+01:00 lsst.verifyFlatApply (verifyFlatApply:{instrument: 'LATISS', detector: 0, exposure: 2022031700209, ...})(isrTask.py:1231) - Converting exposure to floating point values.
INFO 2022-11-22T15:54:38.722+01:00 lsst.verifyFlatApply (verifyFlatApply:{instrument: 'LATISS', detector: 0, exposure: 2022031700209, ...})(isrTask.py:1291) - Assembling CCD from amplifiers.
WARNING 2022-11-22T15:54:38.970+01:00 lsst.verifyFlatApply (verifyFlatApply:{instrument: 'LATISS', detector: 0, exposure: 2022031700209, ...})(isrTask.py:1295) - No WCS found in input exposure.
INFO 2022-11-22T15:54:38.971+01:00 lsst.verifyFlatApply (verifyFlatApply:{instrument: 'LATISS', detector: 0, exposure: 2022031700209, ...})(isrTask.py:1303) - Applying bias correction.
INFO 2022-11-22T15:54:39.690+01:00 lsst.verifyFlatApply (verifyFlatApply:{instrument: 'LATISS', detector: 0, exposure: 2022031700209, ...})(isrTask.py:1335) - Applying linearizer.
INFO 2022-11-22T15:54:39.692+01:00 lsst.verifyFlatApply (verifyFlatApply:{instrument: 'LATISS', detector: 0, exposure: 2022031700209, ...})(isrTask.py:1349) - Masking defects.
INFO 2022-11-22T15:54:39.694+01:00 lsst.verifyFlatApply (verifyFlatApply:{instrument: 'LATISS', detector: 0, exposure: 2022031700209, ...})(isrTask.py:1358) - Masking non-finite (NAN, inf) value pixels.
INFO 2022-11-22T15:54:39.714+01:00 lsst.verifyFlatApply (verifyFlatApply:{instrument: 'LATISS', detector: 0, exposure: 2022031700209, ...})(isrTask.py:1362) - Widening saturation trails.
INFO 2022-11-22T15:54:39.765+01:00 lsst.verifyFlatApply (verifyFlatApply:{instrument: 'LATISS', detector: 0, exposure: 2022031700209, ...})(isrTask.py:1428) - Applying dark correction.
WARNING 2022-11-22T15:54:39.765+01:00 lsst.verifyFlatApply (verifyFlatApply:{instrument: 'LATISS', detector: 0, exposure: 2022031700209, ...})(isrTask.py:1923) - darkExposure.getInfo().getVisitInfo() does not exist. Using darkScale = 1.0.
INFO 2022-11-22T15:54:39.813+01:00 lsst.verifyFlatApply (verifyFlatApply:{instrument: 'LATISS', detector: 0, exposure: 2022031700209, ...})(isrTask.py:1443) - Applying flat correction.
INFO 2022-11-22T15:54:40.555+01:00 lsst.verifyFlatApply (verifyFlatApply:{instrument: 'LATISS', detector: 0, exposure: 2022031700209, ...})(isrTask.py:1506) - Set 6480 BAD pixels to 14443.187500.
INFO 2022-11-22T15:54:40.555+01:00 lsst.verifyFlatApply (verifyFlatApply:{instrument: 'LATISS', detector: 0, exposure: 2022031700209, ...})(isrTask.py:1509) - Interpolating masked pixels.
WARNING 2022-11-22T15:54:41.320+01:00 lsst.verifyFlatApply (verifyFlatApply:{instrument: 'LATISS', detector: 0, exposure: 2022031700209, ...})(isrTask.py:2272) - No rough magnitude zero point defined for filter empty~empty.
INFO 2022-11-22T15:54:41.320+01:00 lsst.verifyFlatApply (verifyFlatApply:{instrument: 'LATISS', detector: 0, exposure: 2022031700209, ...})(isrTask.py:2280) - Setting rough magnitude zero point for filter empty~empty: 31.692803
INFO 2022-11-22T15:54:44.397+01:00 lsst.ctrl.mpexec.singleQuantumExecutor (verifyFlatApply:{instrument: 'LATISS', detector: 0, exposure: 2022031700209, ...})(singleQuantumExecutor.py:233) - Execution of task 'verifyFlatApply' on quantum {instrument: 'LATISS', detector: 0, exposure: 2022031700209, ...} took 9.884 seconds
INFO 2022-11-22T15:54:44.777+01:00 lsst.ctrl.mpexec.mpGraphExecutor ()(mpGraphExecutor.py:516) - Executed 5 quanta successfully, 0 failed and 29 remain out of total 34 quanta.
WARNING 2022-11-22T15:54:48.234+01:00 lsst.obs.lsst.assembly (verifyFlatApply:{instrument: 'LATISS', detector: 0, exposure: 2022031700202, ...})(assembly.py:230) - /sps/lsst/groups/auxtel/softs/shared/auxteldm_gen3/data/LATISS/raw/all/raw/20220317/AT_O_20220317_000202/raw_LATISS_empty~empty_AT_O_20220317_000202_RXX_S00_LATISS_raw_all.fits: outAmp.getRawBBox() != data.getBBox(); patching. ((minimum=(0, 0), maximum=(543, 2047)) v. (minimum=(0, 0), maximum=(575, 2047)))
WARNING 2022-11-22T15:54:49.709+01:00 py.warnings (verifyFlatApply:{instrument: 'LATISS', detector: 0, exposure: 2022031700202, ...})(warnings.py:109) - /cvmfs/sw.lsst.eu/linux-x86_64/lsst_distrib/w_2022_39/conda/envs/lsst-scipipe-4.1.0/share/eups/Linux64/obs_base/g188f660963+6ea671c325/python/lsst/obs/base/formatters/fitsExposure.py:659: UserWarning: Reading file:///sps/lsst/groups/auxtel/softs/shared/auxteldm_gen3/data/u/czw/DM-28920/flatGen.20210720Xb/20210720T225330Z/flat/white/empty~empty/flat_LATISS_white_empty~empty_RXX_S00_u_czw_DM-28920_flatGen_20210720Xb_20210720T225330Z.fits with data ID {instrument: 'LATISS', detector: 0, physical_filter: 'empty~empty', ...}: filter label mismatch (file is None, data ID is FilterLabel(band="white", physical="empty~empty")).  This is probably a bug in the code that produced it.
  warnings.warn(

WARNING 2022-11-22T15:54:50.894+01:00 lsst.verifyFlatApply (verifyFlatApply:{instrument: 'LATISS', detector: 0, exposure: 2022031700202, ...})(isrTask.py:997) - Constructing linearizer from cameraGeom information.
INFO 2022-11-22T15:54:50.895+01:00 lsst.verifyFlatApply (verifyFlatApply:{instrument: 'LATISS', detector: 0, exposure: 2022031700202, ...})(isrTask.py:1231) - Converting exposure to floating point values.
INFO 2022-11-22T15:54:51.313+01:00 lsst.verifyFlatApply (verifyFlatApply:{instrument: 'LATISS', detector: 0, exposure: 2022031700202, ...})(isrTask.py:1291) - Assembling CCD from amplifiers.
WARNING 2022-11-22T15:54:51.658+01:00 lsst.verifyFlatApply (verifyFlatApply:{instrument: 'LATISS', detector: 0, exposure: 2022031700202, ...})(isrTask.py:1295) - No WCS found in input exposure.
INFO 2022-11-22T15:54:51.658+01:00 lsst.verifyFlatApply (verifyFlatApply:{instrument: 'LATISS', detector: 0, exposure: 2022031700202, ...})(isrTask.py:1303) - Applying bias correction.
INFO 2022-11-22T15:54:52.427+01:00 lsst.verifyFlatApply (verifyFlatApply:{instrument: 'LATISS', detector: 0, exposure: 2022031700202, ...})(isrTask.py:1335) - Applying linearizer.
INFO 2022-11-22T15:54:52.428+01:00 lsst.verifyFlatApply (verifyFlatApply:{instrument: 'LATISS', detector: 0, exposure: 2022031700202, ...})(isrTask.py:1349) - Masking defects.
INFO 2022-11-22T15:54:52.430+01:00 lsst.verifyFlatApply (verifyFlatApply:{instrument: 'LATISS', detector: 0, exposure: 2022031700202, ...})(isrTask.py:1358) - Masking non-finite (NAN, inf) value pixels.
INFO 2022-11-22T15:54:52.456+01:00 lsst.verifyFlatApply (verifyFlatApply:{instrument: 'LATISS', detector: 0, exposure: 2022031700202, ...})(isrTask.py:1362) - Widening saturation trails.
INFO 2022-11-22T15:54:52.512+01:00 lsst.verifyFlatApply (verifyFlatApply:{instrument: 'LATISS', detector: 0, exposure: 2022031700202, ...})(isrTask.py:1428) - Applying dark correction.
WARNING 2022-11-22T15:54:52.512+01:00 lsst.verifyFlatApply (verifyFlatApply:{instrument: 'LATISS', detector: 0, exposure: 2022031700202, ...})(isrTask.py:1923) - darkExposure.getInfo().getVisitInfo() does not exist. Using darkScale = 1.0.
INFO 2022-11-22T15:54:52.754+01:00 lsst.verifyFlatApply (verifyFlatApply:{instrument: 'LATISS', detector: 0, exposure: 2022031700202, ...})(isrTask.py:1443) - Applying flat correction.
INFO 2022-11-22T15:54:53.738+01:00 lsst.verifyFlatApply (verifyFlatApply:{instrument: 'LATISS', detector: 0, exposure: 2022031700202, ...})(isrTask.py:1506) - Set 6448 BAD pixels to 28008.400391.
INFO 2022-11-22T15:54:53.739+01:00 lsst.verifyFlatApply (verifyFlatApply:{instrument: 'LATISS', detector: 0, exposure: 2022031700202, ...})(isrTask.py:1509) - Interpolating masked pixels.
WARNING 2022-11-22T15:54:54.729+01:00 lsst.verifyFlatApply (verifyFlatApply:{instrument: 'LATISS', detector: 0, exposure: 2022031700202, ...})(isrTask.py:2272) - No rough magnitude zero point defined for filter empty~empty.
INFO 2022-11-22T15:54:54.730+01:00 lsst.verifyFlatApply (verifyFlatApply:{instrument: 'LATISS', detector: 0, exposure: 2022031700202, ...})(isrTask.py:2280) - Setting rough magnitude zero point for filter empty~empty: 31.692803
INFO 2022-11-22T15:54:57.925+01:00 lsst.ctrl.mpexec.singleQuantumExecutor (verifyFlatApply:{instrument: 'LATISS', detector: 0, exposure: 2022031700202, ...})(singleQuantumExecutor.py:233) - Execution of task 'verifyFlatApply' on quantum {instrument: 'LATISS', detector: 0, exposure: 2022031700202, ...} took 13.148 seconds
INFO 2022-11-22T15:54:58.221+01:00 lsst.ctrl.mpexec.mpGraphExecutor ()(mpGraphExecutor.py:516) - Executed 6 quanta successfully, 0 failed and 28 remain out of total 34 quanta.
WARNING 2022-11-22T15:54:59.834+01:00 lsst.obs.lsst.assembly (verifyFlatApply:{instrument: 'LATISS', detector: 0, exposure: 2022031700207, ...})(assembly.py:230) - /sps/lsst/groups/auxtel/softs/shared/auxteldm_gen3/data/LATISS/raw/all/raw/20220317/AT_O_20220317_000207/raw_LATISS_empty~empty_AT_O_20220317_000207_RXX_S00_LATISS_raw_all.fits: outAmp.getRawBBox() != data.getBBox(); patching. ((minimum=(0, 0), maximum=(543, 2047)) v. (minimum=(0, 0), maximum=(575, 2047)))
WARNING 2022-11-22T15:55:01.244+01:00 py.warnings (verifyFlatApply:{instrument: 'LATISS', detector: 0, exposure: 2022031700207, ...})(warnings.py:109) - /cvmfs/sw.lsst.eu/linux-x86_64/lsst_distrib/w_2022_39/conda/envs/lsst-scipipe-4.1.0/share/eups/Linux64/obs_base/g188f660963+6ea671c325/python/lsst/obs/base/formatters/fitsExposure.py:659: UserWarning: Reading file:///sps/lsst/groups/auxtel/softs/shared/auxteldm_gen3/data/u/czw/DM-28920/flatGen.20210720Xb/20210720T225330Z/flat/white/empty~empty/flat_LATISS_white_empty~empty_RXX_S00_u_czw_DM-28920_flatGen_20210720Xb_20210720T225330Z.fits with data ID {instrument: 'LATISS', detector: 0, physical_filter: 'empty~empty', ...}: filter label mismatch (file is None, data ID is FilterLabel(band="white", physical="empty~empty")).  This is probably a bug in the code that produced it.
  warnings.warn(

WARNING 2022-11-22T15:55:02.425+01:00 lsst.verifyFlatApply (verifyFlatApply:{instrument: 'LATISS', detector: 0, exposure: 2022031700207, ...})(isrTask.py:997) - Constructing linearizer from cameraGeom information.
INFO 2022-11-22T15:55:02.426+01:00 lsst.verifyFlatApply (verifyFlatApply:{instrument: 'LATISS', detector: 0, exposure: 2022031700207, ...})(isrTask.py:1231) - Converting exposure to floating point values.
INFO 2022-11-22T15:55:02.817+01:00 lsst.verifyFlatApply (verifyFlatApply:{instrument: 'LATISS', detector: 0, exposure: 2022031700207, ...})(isrTask.py:1291) - Assembling CCD from amplifiers.
WARNING 2022-11-22T15:55:03.037+01:00 lsst.verifyFlatApply (verifyFlatApply:{instrument: 'LATISS', detector: 0, exposure: 2022031700207, ...})(isrTask.py:1295) - No WCS found in input exposure.
INFO 2022-11-22T15:55:03.037+01:00 lsst.verifyFlatApply (verifyFlatApply:{instrument: 'LATISS', detector: 0, exposure: 2022031700207, ...})(isrTask.py:1303) - Applying bias correction.
INFO 2022-11-22T15:55:03.821+01:00 lsst.verifyFlatApply (verifyFlatApply:{instrument: 'LATISS', detector: 0, exposure: 2022031700207, ...})(isrTask.py:1335) - Applying linearizer.
INFO 2022-11-22T15:55:03.823+01:00 lsst.verifyFlatApply (verifyFlatApply:{instrument: 'LATISS', detector: 0, exposure: 2022031700207, ...})(isrTask.py:1349) - Masking defects.
INFO 2022-11-22T15:55:03.827+01:00 lsst.verifyFlatApply (verifyFlatApply:{instrument: 'LATISS', detector: 0, exposure: 2022031700207, ...})(isrTask.py:1358) - Masking non-finite (NAN, inf) value pixels.
INFO 2022-11-22T15:55:03.877+01:00 lsst.verifyFlatApply (verifyFlatApply:{instrument: 'LATISS', detector: 0, exposure: 2022031700207, ...})(isrTask.py:1362) - Widening saturation trails.
INFO 2022-11-22T15:55:03.931+01:00 lsst.verifyFlatApply (verifyFlatApply:{instrument: 'LATISS', detector: 0, exposure: 2022031700207, ...})(isrTask.py:1428) - Applying dark correction.
WARNING 2022-11-22T15:55:03.932+01:00 lsst.verifyFlatApply (verifyFlatApply:{instrument: 'LATISS', detector: 0, exposure: 2022031700207, ...})(isrTask.py:1923) - darkExposure.getInfo().getVisitInfo() does not exist. Using darkScale = 1.0.
INFO 2022-11-22T15:55:04.146+01:00 lsst.verifyFlatApply (verifyFlatApply:{instrument: 'LATISS', detector: 0, exposure: 2022031700207, ...})(isrTask.py:1443) - Applying flat correction.
INFO 2022-11-22T15:55:05.083+01:00 lsst.verifyFlatApply (verifyFlatApply:{instrument: 'LATISS', detector: 0, exposure: 2022031700207, ...})(isrTask.py:1506) - Set 6479 BAD pixels to 17089.744141.
INFO 2022-11-22T15:55:05.084+01:00 lsst.verifyFlatApply (verifyFlatApply:{instrument: 'LATISS', detector: 0, exposure: 2022031700207, ...})(isrTask.py:1509) - Interpolating masked pixels.
WARNING 2022-11-22T15:55:06.120+01:00 lsst.verifyFlatApply (verifyFlatApply:{instrument: 'LATISS', detector: 0, exposure: 2022031700207, ...})(isrTask.py:2272) - No rough magnitude zero point defined for filter empty~empty.
INFO 2022-11-22T15:55:06.121+01:00 lsst.verifyFlatApply (verifyFlatApply:{instrument: 'LATISS', detector: 0, exposure: 2022031700207, ...})(isrTask.py:2280) - Setting rough magnitude zero point for filter empty~empty: 31.692803
INFO 2022-11-22T15:55:09.278+01:00 lsst.ctrl.mpexec.singleQuantumExecutor (verifyFlatApply:{instrument: 'LATISS', detector: 0, exposure: 2022031700207, ...})(singleQuantumExecutor.py:233) - Execution of task 'verifyFlatApply' on quantum {instrument: 'LATISS', detector: 0, exposure: 2022031700207, ...} took 11.056 seconds
INFO 2022-11-22T15:55:09.562+01:00 lsst.ctrl.mpexec.mpGraphExecutor ()(mpGraphExecutor.py:516) - Executed 7 quanta successfully, 0 failed and 27 remain out of total 34 quanta.
WARNING 2022-11-22T15:55:11.285+01:00 lsst.obs.lsst.assembly (verifyFlatApply:{instrument: 'LATISS', detector: 0, exposure: 2022031700204, ...})(assembly.py:230) - /sps/lsst/groups/auxtel/softs/shared/auxteldm_gen3/data/LATISS/raw/all/raw/20220317/AT_O_20220317_000204/raw_LATISS_empty~empty_AT_O_20220317_000204_RXX_S00_LATISS_raw_all.fits: outAmp.getRawBBox() != data.getBBox(); patching. ((minimum=(0, 0), maximum=(543, 2047)) v. (minimum=(0, 0), maximum=(575, 2047)))
WARNING 2022-11-22T15:55:12.586+01:00 py.warnings (verifyFlatApply:{instrument: 'LATISS', detector: 0, exposure: 2022031700204, ...})(warnings.py:109) - /cvmfs/sw.lsst.eu/linux-x86_64/lsst_distrib/w_2022_39/conda/envs/lsst-scipipe-4.1.0/share/eups/Linux64/obs_base/g188f660963+6ea671c325/python/lsst/obs/base/formatters/fitsExposure.py:659: UserWarning: Reading file:///sps/lsst/groups/auxtel/softs/shared/auxteldm_gen3/data/u/czw/DM-28920/flatGen.20210720Xb/20210720T225330Z/flat/white/empty~empty/flat_LATISS_white_empty~empty_RXX_S00_u_czw_DM-28920_flatGen_20210720Xb_20210720T225330Z.fits with data ID {instrument: 'LATISS', detector: 0, physical_filter: 'empty~empty', ...}: filter label mismatch (file is None, data ID is FilterLabel(band="white", physical="empty~empty")).  This is probably a bug in the code that produced it.
  warnings.warn(

WARNING 2022-11-22T15:55:13.726+01:00 lsst.verifyFlatApply (verifyFlatApply:{instrument: 'LATISS', detector: 0, exposure: 2022031700204, ...})(isrTask.py:997) - Constructing linearizer from cameraGeom information.
INFO 2022-11-22T15:55:13.727+01:00 lsst.verifyFlatApply (verifyFlatApply:{instrument: 'LATISS', detector: 0, exposure: 2022031700204, ...})(isrTask.py:1231) - Converting exposure to floating point values.
INFO 2022-11-22T15:55:14.101+01:00 lsst.verifyFlatApply (verifyFlatApply:{instrument: 'LATISS', detector: 0, exposure: 2022031700204, ...})(isrTask.py:1291) - Assembling CCD from amplifiers.
WARNING 2022-11-22T15:55:14.336+01:00 lsst.verifyFlatApply (verifyFlatApply:{instrument: 'LATISS', detector: 0, exposure: 2022031700204, ...})(isrTask.py:1295) - No WCS found in input exposure.
INFO 2022-11-22T15:55:14.337+01:00 lsst.verifyFlatApply (verifyFlatApply:{instrument: 'LATISS', detector: 0, exposure: 2022031700204, ...})(isrTask.py:1303) - Applying bias correction.
INFO 2022-11-22T15:55:15.126+01:00 lsst.verifyFlatApply (verifyFlatApply:{instrument: 'LATISS', detector: 0, exposure: 2022031700204, ...})(isrTask.py:1335) - Applying linearizer.
INFO 2022-11-22T15:55:15.128+01:00 lsst.verifyFlatApply (verifyFlatApply:{instrument: 'LATISS', detector: 0, exposure: 2022031700204, ...})(isrTask.py:1349) - Masking defects.
INFO 2022-11-22T15:55:15.130+01:00 lsst.verifyFlatApply (verifyFlatApply:{instrument: 'LATISS', detector: 0, exposure: 2022031700204, ...})(isrTask.py:1358) - Masking non-finite (NAN, inf) value pixels.
INFO 2022-11-22T15:55:15.155+01:00 lsst.verifyFlatApply (verifyFlatApply:{instrument: 'LATISS', detector: 0, exposure: 2022031700204, ...})(isrTask.py:1362) - Widening saturation trails.
INFO 2022-11-22T15:55:15.210+01:00 lsst.verifyFlatApply (verifyFlatApply:{instrument: 'LATISS', detector: 0, exposure: 2022031700204, ...})(isrTask.py:1428) - Applying dark correction.
WARNING 2022-11-22T15:55:15.210+01:00 lsst.verifyFlatApply (verifyFlatApply:{instrument: 'LATISS', detector: 0, exposure: 2022031700204, ...})(isrTask.py:1923) - darkExposure.getInfo().getVisitInfo() does not exist. Using darkScale = 1.0.
INFO 2022-11-22T15:55:15.323+01:00 lsst.verifyFlatApply (verifyFlatApply:{instrument: 'LATISS', detector: 0, exposure: 2022031700204, ...})(isrTask.py:1443) - Applying flat correction.
INFO 2022-11-22T15:55:16.063+01:00 lsst.verifyFlatApply (verifyFlatApply:{instrument: 'LATISS', detector: 0, exposure: 2022031700204, ...})(isrTask.py:1506) - Set 6478 BAD pixels to 22933.912109.
INFO 2022-11-22T15:55:16.064+01:00 lsst.verifyFlatApply (verifyFlatApply:{instrument: 'LATISS', detector: 0, exposure: 2022031700204, ...})(isrTask.py:1509) - Interpolating masked pixels.
WARNING 2022-11-22T15:55:16.873+01:00 lsst.verifyFlatApply (verifyFlatApply:{instrument: 'LATISS', detector: 0, exposure: 2022031700204, ...})(isrTask.py:2272) - No rough magnitude zero point defined for filter empty~empty.
INFO 2022-11-22T15:55:16.874+01:00 lsst.verifyFlatApply (verifyFlatApply:{instrument: 'LATISS', detector: 0, exposure: 2022031700204, ...})(isrTask.py:2280) - Setting rough magnitude zero point for filter empty~empty: 31.692803
INFO 2022-11-22T15:55:20.292+01:00 lsst.ctrl.mpexec.singleQuantumExecutor (verifyFlatApply:{instrument: 'LATISS', detector: 0, exposure: 2022031700204, ...})(singleQuantumExecutor.py:233) - Execution of task 'verifyFlatApply' on quantum {instrument: 'LATISS', detector: 0, exposure: 2022031700204, ...} took 10.729 seconds
INFO 2022-11-22T15:55:20.752+01:00 lsst.ctrl.mpexec.mpGraphExecutor ()(mpGraphExecutor.py:516) - Executed 8 quanta successfully, 0 failed and 26 remain out of total 34 quanta.
WARNING 2022-11-22T15:55:22.234+01:00 lsst.obs.lsst.assembly (verifyFlatApply:{instrument: 'LATISS', detector: 0, exposure: 2022031700205, ...})(assembly.py:230) - /sps/lsst/groups/auxtel/softs/shared/auxteldm_gen3/data/LATISS/raw/all/raw/20220317/AT_O_20220317_000205/raw_LATISS_empty~empty_AT_O_20220317_000205_RXX_S00_LATISS_raw_all.fits: outAmp.getRawBBox() != data.getBBox(); patching. ((minimum=(0, 0), maximum=(543, 2047)) v. (minimum=(0, 0), maximum=(575, 2047)))
WARNING 2022-11-22T15:55:23.469+01:00 py.warnings (verifyFlatApply:{instrument: 'LATISS', detector: 0, exposure: 2022031700205, ...})(warnings.py:109) - /cvmfs/sw.lsst.eu/linux-x86_64/lsst_distrib/w_2022_39/conda/envs/lsst-scipipe-4.1.0/share/eups/Linux64/obs_base/g188f660963+6ea671c325/python/lsst/obs/base/formatters/fitsExposure.py:659: UserWarning: Reading file:///sps/lsst/groups/auxtel/softs/shared/auxteldm_gen3/data/u/czw/DM-28920/flatGen.20210720Xb/20210720T225330Z/flat/white/empty~empty/flat_LATISS_white_empty~empty_RXX_S00_u_czw_DM-28920_flatGen_20210720Xb_20210720T225330Z.fits with data ID {instrument: 'LATISS', detector: 0, physical_filter: 'empty~empty', ...}: filter label mismatch (file is None, data ID is FilterLabel(band="white", physical="empty~empty")).  This is probably a bug in the code that produced it.
  warnings.warn(

WARNING 2022-11-22T15:55:24.496+01:00 lsst.verifyFlatApply (verifyFlatApply:{instrument: 'LATISS', detector: 0, exposure: 2022031700205, ...})(isrTask.py:997) - Constructing linearizer from cameraGeom information.
INFO 2022-11-22T15:55:24.498+01:00 lsst.verifyFlatApply (verifyFlatApply:{instrument: 'LATISS', detector: 0, exposure: 2022031700205, ...})(isrTask.py:1231) - Converting exposure to floating point values.
INFO 2022-11-22T15:55:24.956+01:00 lsst.verifyFlatApply (verifyFlatApply:{instrument: 'LATISS', detector: 0, exposure: 2022031700205, ...})(isrTask.py:1291) - Assembling CCD from amplifiers.
WARNING 2022-11-22T15:55:25.202+01:00 lsst.verifyFlatApply (verifyFlatApply:{instrument: 'LATISS', detector: 0, exposure: 2022031700205, ...})(isrTask.py:1295) - No WCS found in input exposure.
INFO 2022-11-22T15:55:25.203+01:00 lsst.verifyFlatApply (verifyFlatApply:{instrument: 'LATISS', detector: 0, exposure: 2022031700205, ...})(isrTask.py:1303) - Applying bias correction.
INFO 2022-11-22T15:55:25.867+01:00 lsst.verifyFlatApply (verifyFlatApply:{instrument: 'LATISS', detector: 0, exposure: 2022031700205, ...})(isrTask.py:1335) - Applying linearizer.
INFO 2022-11-22T15:55:25.869+01:00 lsst.verifyFlatApply (verifyFlatApply:{instrument: 'LATISS', detector: 0, exposure: 2022031700205, ...})(isrTask.py:1349) - Masking defects.
INFO 2022-11-22T15:55:25.870+01:00 lsst.verifyFlatApply (verifyFlatApply:{instrument: 'LATISS', detector: 0, exposure: 2022031700205, ...})(isrTask.py:1358) - Masking non-finite (NAN, inf) value pixels.
INFO 2022-11-22T15:55:25.892+01:00 lsst.verifyFlatApply (verifyFlatApply:{instrument: 'LATISS', detector: 0, exposure: 2022031700205, ...})(isrTask.py:1362) - Widening saturation trails.
INFO 2022-11-22T15:55:25.941+01:00 lsst.verifyFlatApply (verifyFlatApply:{instrument: 'LATISS', detector: 0, exposure: 2022031700205, ...})(isrTask.py:1428) - Applying dark correction.
WARNING 2022-11-22T15:55:25.942+01:00 lsst.verifyFlatApply (verifyFlatApply:{instrument: 'LATISS', detector: 0, exposure: 2022031700205, ...})(isrTask.py:1923) - darkExposure.getInfo().getVisitInfo() does not exist. Using darkScale = 1.0.
INFO 2022-11-22T15:55:25.984+01:00 lsst.verifyFlatApply (verifyFlatApply:{instrument: 'LATISS', detector: 0, exposure: 2022031700205, ...})(isrTask.py:1443) - Applying flat correction.
INFO 2022-11-22T15:55:26.634+01:00 lsst.verifyFlatApply (verifyFlatApply:{instrument: 'LATISS', detector: 0, exposure: 2022031700205, ...})(isrTask.py:1506) - Set 6478 BAD pixels to 20881.564453.
INFO 2022-11-22T15:55:26.635+01:00 lsst.verifyFlatApply (verifyFlatApply:{instrument: 'LATISS', detector: 0, exposure: 2022031700205, ...})(isrTask.py:1509) - Interpolating masked pixels.
WARNING 2022-11-22T15:55:27.380+01:00 lsst.verifyFlatApply (verifyFlatApply:{instrument: 'LATISS', detector: 0, exposure: 2022031700205, ...})(isrTask.py:2272) - No rough magnitude zero point defined for filter empty~empty.
INFO 2022-11-22T15:55:27.381+01:00 lsst.verifyFlatApply (verifyFlatApply:{instrument: 'LATISS', detector: 0, exposure: 2022031700205, ...})(isrTask.py:2280) - Setting rough magnitude zero point for filter empty~empty: 31.692803
INFO 2022-11-22T15:55:30.164+01:00 lsst.ctrl.mpexec.singleQuantumExecutor (verifyFlatApply:{instrument: 'LATISS', detector: 0, exposure: 2022031700205, ...})(singleQuantumExecutor.py:233) - Execution of task 'verifyFlatApply' on quantum {instrument: 'LATISS', detector: 0, exposure: 2022031700205, ...} took 9.411 seconds
INFO 2022-11-22T15:55:30.488+01:00 lsst.ctrl.mpexec.mpGraphExecutor ()(mpGraphExecutor.py:516) - Executed 9 quanta successfully, 0 failed and 25 remain out of total 34 quanta.
WARNING 2022-11-22T15:55:33.957+01:00 lsst.obs.lsst.assembly (verifyFlatApply:{instrument: 'LATISS', detector: 0, exposure: 2022031700203, ...})(assembly.py:230) - /sps/lsst/groups/auxtel/softs/shared/auxteldm_gen3/data/LATISS/raw/all/raw/20220317/AT_O_20220317_000203/raw_LATISS_empty~empty_AT_O_20220317_000203_RXX_S00_LATISS_raw_all.fits: outAmp.getRawBBox() != data.getBBox(); patching. ((minimum=(0, 0), maximum=(543, 2047)) v. (minimum=(0, 0), maximum=(575, 2047)))
WARNING 2022-11-22T15:55:35.274+01:00 py.warnings (verifyFlatApply:{instrument: 'LATISS', detector: 0, exposure: 2022031700203, ...})(warnings.py:109) - /cvmfs/sw.lsst.eu/linux-x86_64/lsst_distrib/w_2022_39/conda/envs/lsst-scipipe-4.1.0/share/eups/Linux64/obs_base/g188f660963+6ea671c325/python/lsst/obs/base/formatters/fitsExposure.py:659: UserWarning: Reading file:///sps/lsst/groups/auxtel/softs/shared/auxteldm_gen3/data/u/czw/DM-28920/flatGen.20210720Xb/20210720T225330Z/flat/white/empty~empty/flat_LATISS_white_empty~empty_RXX_S00_u_czw_DM-28920_flatGen_20210720Xb_20210720T225330Z.fits with data ID {instrument: 'LATISS', detector: 0, physical_filter: 'empty~empty', ...}: filter label mismatch (file is None, data ID is FilterLabel(band="white", physical="empty~empty")).  This is probably a bug in the code that produced it.
  warnings.warn(

WARNING 2022-11-22T15:55:36.339+01:00 lsst.verifyFlatApply (verifyFlatApply:{instrument: 'LATISS', detector: 0, exposure: 2022031700203, ...})(isrTask.py:997) - Constructing linearizer from cameraGeom information.
INFO 2022-11-22T15:55:36.340+01:00 lsst.verifyFlatApply (verifyFlatApply:{instrument: 'LATISS', detector: 0, exposure: 2022031700203, ...})(isrTask.py:1231) - Converting exposure to floating point values.
INFO 2022-11-22T15:55:36.701+01:00 lsst.verifyFlatApply (verifyFlatApply:{instrument: 'LATISS', detector: 0, exposure: 2022031700203, ...})(isrTask.py:1291) - Assembling CCD from amplifiers.
WARNING 2022-11-22T15:55:36.907+01:00 lsst.verifyFlatApply (verifyFlatApply:{instrument: 'LATISS', detector: 0, exposure: 2022031700203, ...})(isrTask.py:1295) - No WCS found in input exposure.
INFO 2022-11-22T15:55:36.908+01:00 lsst.verifyFlatApply (verifyFlatApply:{instrument: 'LATISS', detector: 0, exposure: 2022031700203, ...})(isrTask.py:1303) - Applying bias correction.
INFO 2022-11-22T15:55:37.589+01:00 lsst.verifyFlatApply (verifyFlatApply:{instrument: 'LATISS', detector: 0, exposure: 2022031700203, ...})(isrTask.py:1335) - Applying linearizer.
INFO 2022-11-22T15:55:37.590+01:00 lsst.verifyFlatApply (verifyFlatApply:{instrument: 'LATISS', detector: 0, exposure: 2022031700203, ...})(isrTask.py:1349) - Masking defects.
INFO 2022-11-22T15:55:37.594+01:00 lsst.verifyFlatApply (verifyFlatApply:{instrument: 'LATISS', detector: 0, exposure: 2022031700203, ...})(isrTask.py:1358) - Masking non-finite (NAN, inf) value pixels.
INFO 2022-11-22T15:55:37.626+01:00 lsst.verifyFlatApply (verifyFlatApply:{instrument: 'LATISS', detector: 0, exposure: 2022031700203, ...})(isrTask.py:1362) - Widening saturation trails.
INFO 2022-11-22T15:55:37.672+01:00 lsst.verifyFlatApply (verifyFlatApply:{instrument: 'LATISS', detector: 0, exposure: 2022031700203, ...})(isrTask.py:1428) - Applying dark correction.
WARNING 2022-11-22T15:55:37.672+01:00 lsst.verifyFlatApply (verifyFlatApply:{instrument: 'LATISS', detector: 0, exposure: 2022031700203, ...})(isrTask.py:1923) - darkExposure.getInfo().getVisitInfo() does not exist. Using darkScale = 1.0.
INFO 2022-11-22T15:55:37.712+01:00 lsst.verifyFlatApply (verifyFlatApply:{instrument: 'LATISS', detector: 0, exposure: 2022031700203, ...})(isrTask.py:1443) - Applying flat correction.
INFO 2022-11-22T15:55:38.365+01:00 lsst.verifyFlatApply (verifyFlatApply:{instrument: 'LATISS', detector: 0, exposure: 2022031700203, ...})(isrTask.py:1506) - Set 6478 BAD pixels to 25290.058594.
INFO 2022-11-22T15:55:38.366+01:00 lsst.verifyFlatApply (verifyFlatApply:{instrument: 'LATISS', detector: 0, exposure: 2022031700203, ...})(isrTask.py:1509) - Interpolating masked pixels.
WARNING 2022-11-22T15:55:39.116+01:00 lsst.verifyFlatApply (verifyFlatApply:{instrument: 'LATISS', detector: 0, exposure: 2022031700203, ...})(isrTask.py:2272) - No rough magnitude zero point defined for filter empty~empty.
INFO 2022-11-22T15:55:39.117+01:00 lsst.verifyFlatApply (verifyFlatApply:{instrument: 'LATISS', detector: 0, exposure: 2022031700203, ...})(isrTask.py:2280) - Setting rough magnitude zero point for filter empty~empty: 31.692803
INFO 2022-11-22T15:55:41.899+01:00 lsst.ctrl.mpexec.singleQuantumExecutor (verifyFlatApply:{instrument: 'LATISS', detector: 0, exposure: 2022031700203, ...})(singleQuantumExecutor.py:233) - Execution of task 'verifyFlatApply' on quantum {instrument: 'LATISS', detector: 0, exposure: 2022031700203, ...} took 11.411 seconds
INFO 2022-11-22T15:55:42.228+01:00 lsst.ctrl.mpexec.mpGraphExecutor ()(mpGraphExecutor.py:516) - Executed 10 quanta successfully, 0 failed and 24 remain out of total 34 quanta.
WARNING 2022-11-22T15:55:43.585+01:00 lsst.obs.lsst.assembly (verifyFlatApply:{instrument: 'LATISS', detector: 0, exposure: 2022031700201, ...})(assembly.py:230) - /sps/lsst/groups/auxtel/softs/shared/auxteldm_gen3/data/LATISS/raw/all/raw/20220317/AT_O_20220317_000201/raw_LATISS_empty~empty_AT_O_20220317_000201_RXX_S00_LATISS_raw_all.fits: outAmp.getRawBBox() != data.getBBox(); patching. ((minimum=(0, 0), maximum=(543, 2047)) v. (minimum=(0, 0), maximum=(575, 2047)))
WARNING 2022-11-22T15:55:44.810+01:00 py.warnings (verifyFlatApply:{instrument: 'LATISS', detector: 0, exposure: 2022031700201, ...})(warnings.py:109) - /cvmfs/sw.lsst.eu/linux-x86_64/lsst_distrib/w_2022_39/conda/envs/lsst-scipipe-4.1.0/share/eups/Linux64/obs_base/g188f660963+6ea671c325/python/lsst/obs/base/formatters/fitsExposure.py:659: UserWarning: Reading file:///sps/lsst/groups/auxtel/softs/shared/auxteldm_gen3/data/u/czw/DM-28920/flatGen.20210720Xb/20210720T225330Z/flat/white/empty~empty/flat_LATISS_white_empty~empty_RXX_S00_u_czw_DM-28920_flatGen_20210720Xb_20210720T225330Z.fits with data ID {instrument: 'LATISS', detector: 0, physical_filter: 'empty~empty', ...}: filter label mismatch (file is None, data ID is FilterLabel(band="white", physical="empty~empty")).  This is probably a bug in the code that produced it.
  warnings.warn(

WARNING 2022-11-22T15:55:45.811+01:00 lsst.verifyFlatApply (verifyFlatApply:{instrument: 'LATISS', detector: 0, exposure: 2022031700201, ...})(isrTask.py:997) - Constructing linearizer from cameraGeom information.
INFO 2022-11-22T15:55:45.812+01:00 lsst.verifyFlatApply (verifyFlatApply:{instrument: 'LATISS', detector: 0, exposure: 2022031700201, ...})(isrTask.py:1231) - Converting exposure to floating point values.
INFO 2022-11-22T15:55:46.135+01:00 lsst.verifyFlatApply (verifyFlatApply:{instrument: 'LATISS', detector: 0, exposure: 2022031700201, ...})(isrTask.py:1291) - Assembling CCD from amplifiers.
WARNING 2022-11-22T15:55:46.347+01:00 lsst.verifyFlatApply (verifyFlatApply:{instrument: 'LATISS', detector: 0, exposure: 2022031700201, ...})(isrTask.py:1295) - No WCS found in input exposure.
INFO 2022-11-22T15:55:46.347+01:00 lsst.verifyFlatApply (verifyFlatApply:{instrument: 'LATISS', detector: 0, exposure: 2022031700201, ...})(isrTask.py:1303) - Applying bias correction.
INFO 2022-11-22T15:55:46.994+01:00 lsst.verifyFlatApply (verifyFlatApply:{instrument: 'LATISS', detector: 0, exposure: 2022031700201, ...})(isrTask.py:1335) - Applying linearizer.
INFO 2022-11-22T15:55:46.997+01:00 lsst.verifyFlatApply (verifyFlatApply:{instrument: 'LATISS', detector: 0, exposure: 2022031700201, ...})(isrTask.py:1349) - Masking defects.
INFO 2022-11-22T15:55:46.999+01:00 lsst.verifyFlatApply (verifyFlatApply:{instrument: 'LATISS', detector: 0, exposure: 2022031700201, ...})(isrTask.py:1358) - Masking non-finite (NAN, inf) value pixels.
INFO 2022-11-22T15:55:47.037+01:00 lsst.verifyFlatApply (verifyFlatApply:{instrument: 'LATISS', detector: 0, exposure: 2022031700201, ...})(isrTask.py:1362) - Widening saturation trails.
INFO 2022-11-22T15:55:47.093+01:00 lsst.verifyFlatApply (verifyFlatApply:{instrument: 'LATISS', detector: 0, exposure: 2022031700201, ...})(isrTask.py:1428) - Applying dark correction.
WARNING 2022-11-22T15:55:47.093+01:00 lsst.verifyFlatApply (verifyFlatApply:{instrument: 'LATISS', detector: 0, exposure: 2022031700201, ...})(isrTask.py:1923) - darkExposure.getInfo().getVisitInfo() does not exist. Using darkScale = 1.0.
INFO 2022-11-22T15:55:47.176+01:00 lsst.verifyFlatApply (verifyFlatApply:{instrument: 'LATISS', detector: 0, exposure: 2022031700201, ...})(isrTask.py:1443) - Applying flat correction.
INFO 2022-11-22T15:55:47.930+01:00 lsst.verifyFlatApply (verifyFlatApply:{instrument: 'LATISS', detector: 0, exposure: 2022031700201, ...})(isrTask.py:1506) - Set 6448 BAD pixels to 11030.107422.
INFO 2022-11-22T15:55:47.930+01:00 lsst.verifyFlatApply (verifyFlatApply:{instrument: 'LATISS', detector: 0, exposure: 2022031700201, ...})(isrTask.py:1509) - Interpolating masked pixels.
WARNING 2022-11-22T15:55:48.743+01:00 lsst.verifyFlatApply (verifyFlatApply:{instrument: 'LATISS', detector: 0, exposure: 2022031700201, ...})(isrTask.py:2272) - No rough magnitude zero point defined for filter empty~empty.
INFO 2022-11-22T15:55:48.744+01:00 lsst.verifyFlatApply (verifyFlatApply:{instrument: 'LATISS', detector: 0, exposure: 2022031700201, ...})(isrTask.py:2280) - Setting rough magnitude zero point for filter empty~empty: 30.500000
INFO 2022-11-22T15:55:52.054+01:00 lsst.ctrl.mpexec.singleQuantumExecutor (verifyFlatApply:{instrument: 'LATISS', detector: 0, exposure: 2022031700201, ...})(singleQuantumExecutor.py:233) - Execution of task 'verifyFlatApply' on quantum {instrument: 'LATISS', detector: 0, exposure: 2022031700201, ...} took 9.826 seconds
INFO 2022-11-22T15:55:52.355+01:00 lsst.ctrl.mpexec.mpGraphExecutor ()(mpGraphExecutor.py:516) - Executed 11 quanta successfully, 0 failed and 23 remain out of total 34 quanta.
INFO 2022-11-22T15:55:54.330+01:00 lsst.ctrl.mpexec.singleQuantumExecutor (verifyFlatChip:{instrument: 'LATISS', detector: 0, exposure: 2022031700210, ...})(singleQuantumExecutor.py:233) - Execution of task 'verifyFlatChip' on quantum {instrument: 'LATISS', detector: 0, exposure: 2022031700210, ...} took 1.975 seconds
INFO 2022-11-22T15:55:54.604+01:00 lsst.ctrl.mpexec.mpGraphExecutor ()(mpGraphExecutor.py:516) - Executed 12 quanta successfully, 0 failed and 22 remain out of total 34 quanta.
INFO 2022-11-22T15:55:56.513+01:00 lsst.ctrl.mpexec.singleQuantumExecutor (verifyFlatChip:{instrument: 'LATISS', detector: 0, exposure: 2022031700206, ...})(singleQuantumExecutor.py:233) - Execution of task 'verifyFlatChip' on quantum {instrument: 'LATISS', detector: 0, exposure: 2022031700206, ...} took 1.909 seconds
INFO 2022-11-22T15:55:56.852+01:00 lsst.ctrl.mpexec.mpGraphExecutor ()(mpGraphExecutor.py:516) - Executed 13 quanta successfully, 0 failed and 21 remain out of total 34 quanta.
INFO 2022-11-22T15:55:58.570+01:00 lsst.ctrl.mpexec.singleQuantumExecutor (verifyFlatChip:{instrument: 'LATISS', detector: 0, exposure: 2022031700208, ...})(singleQuantumExecutor.py:233) - Execution of task 'verifyFlatChip' on quantum {instrument: 'LATISS', detector: 0, exposure: 2022031700208, ...} took 1.718 seconds
INFO 2022-11-22T15:55:58.922+01:00 lsst.ctrl.mpexec.mpGraphExecutor ()(mpGraphExecutor.py:516) - Executed 14 quanta successfully, 0 failed and 20 remain out of total 34 quanta.
INFO 2022-11-22T15:56:00.638+01:00 lsst.ctrl.mpexec.singleQuantumExecutor (verifyFlatChip:{instrument: 'LATISS', detector: 0, exposure: 2022031700211, ...})(singleQuantumExecutor.py:233) - Execution of task 'verifyFlatChip' on quantum {instrument: 'LATISS', detector: 0, exposure: 2022031700211, ...} took 1.716 seconds
INFO 2022-11-22T15:56:00.858+01:00 lsst.ctrl.mpexec.mpGraphExecutor ()(mpGraphExecutor.py:516) - Executed 15 quanta successfully, 0 failed and 19 remain out of total 34 quanta.
INFO 2022-11-22T15:56:02.493+01:00 lsst.ctrl.mpexec.singleQuantumExecutor (verifyFlatChip:{instrument: 'LATISS', detector: 0, exposure: 2022031700209, ...})(singleQuantumExecutor.py:233) - Execution of task 'verifyFlatChip' on quantum {instrument: 'LATISS', detector: 0, exposure: 2022031700209, ...} took 1.635 seconds
INFO 2022-11-22T15:56:02.733+01:00 lsst.ctrl.mpexec.mpGraphExecutor ()(mpGraphExecutor.py:516) - Executed 16 quanta successfully, 0 failed and 18 remain out of total 34 quanta.
INFO 2022-11-22T15:56:04.139+01:00 lsst.ctrl.mpexec.singleQuantumExecutor (verifyFlatChip:{instrument: 'LATISS', detector: 0, exposure: 2022031700202, ...})(singleQuantumExecutor.py:233) - Execution of task 'verifyFlatChip' on quantum {instrument: 'LATISS', detector: 0, exposure: 2022031700202, ...} took 1.405 seconds
INFO 2022-11-22T15:56:04.380+01:00 lsst.ctrl.mpexec.mpGraphExecutor ()(mpGraphExecutor.py:516) - Executed 17 quanta successfully, 0 failed and 17 remain out of total 34 quanta.
INFO 2022-11-22T15:56:06.043+01:00 lsst.ctrl.mpexec.singleQuantumExecutor (verifyFlatChip:{instrument: 'LATISS', detector: 0, exposure: 2022031700207, ...})(singleQuantumExecutor.py:233) - Execution of task 'verifyFlatChip' on quantum {instrument: 'LATISS', detector: 0, exposure: 2022031700207, ...} took 1.663 seconds
INFO 2022-11-22T15:56:06.281+01:00 lsst.ctrl.mpexec.mpGraphExecutor ()(mpGraphExecutor.py:516) - Executed 18 quanta successfully, 0 failed and 16 remain out of total 34 quanta.
INFO 2022-11-22T15:56:07.979+01:00 lsst.ctrl.mpexec.singleQuantumExecutor (verifyFlatChip:{instrument: 'LATISS', detector: 0, exposure: 2022031700204, ...})(singleQuantumExecutor.py:233) - Execution of task 'verifyFlatChip' on quantum {instrument: 'LATISS', detector: 0, exposure: 2022031700204, ...} took 1.698 seconds
INFO 2022-11-22T15:56:08.315+01:00 lsst.ctrl.mpexec.mpGraphExecutor ()(mpGraphExecutor.py:516) - Executed 19 quanta successfully, 0 failed and 15 remain out of total 34 quanta.
INFO 2022-11-22T15:56:10.041+01:00 lsst.ctrl.mpexec.singleQuantumExecutor (verifyFlatChip:{instrument: 'LATISS', detector: 0, exposure: 2022031700205, ...})(singleQuantumExecutor.py:233) - Execution of task 'verifyFlatChip' on quantum {instrument: 'LATISS', detector: 0, exposure: 2022031700205, ...} took 1.725 seconds
INFO 2022-11-22T15:56:10.306+01:00 lsst.ctrl.mpexec.mpGraphExecutor ()(mpGraphExecutor.py:516) - Executed 20 quanta successfully, 0 failed and 14 remain out of total 34 quanta.
INFO 2022-11-22T15:56:12.185+01:00 lsst.ctrl.mpexec.singleQuantumExecutor (verifyFlatChip:{instrument: 'LATISS', detector: 0, exposure: 2022031700203, ...})(singleQuantumExecutor.py:233) - Execution of task 'verifyFlatChip' on quantum {instrument: 'LATISS', detector: 0, exposure: 2022031700203, ...} took 1.879 seconds
INFO 2022-11-22T15:56:12.470+01:00 lsst.ctrl.mpexec.mpGraphExecutor ()(mpGraphExecutor.py:516) - Executed 21 quanta successfully, 0 failed and 13 remain out of total 34 quanta.
INFO 2022-11-22T15:56:14.091+01:00 lsst.ctrl.mpexec.singleQuantumExecutor (verifyFlatChip:{instrument: 'LATISS', detector: 0, exposure: 2022031700201, ...})(singleQuantumExecutor.py:233) - Execution of task 'verifyFlatChip' on quantum {instrument: 'LATISS', detector: 0, exposure: 2022031700201, ...} took 1.622 seconds
INFO 2022-11-22T15:56:14.354+01:00 lsst.ctrl.mpexec.mpGraphExecutor ()(mpGraphExecutor.py:516) - Executed 22 quanta successfully, 0 failed and 12 remain out of total 34 quanta.
INFO 2022-11-22T15:56:14.447+01:00 lsst.ctrl.mpexec.singleQuantumExecutor (verifyFlatExp:{instrument: 'LATISS', exposure: 2022031700210, ...})(singleQuantumExecutor.py:233) - Execution of task 'verifyFlatExp' on quantum {instrument: 'LATISS', exposure: 2022031700210, ...} took 0.093 seconds
INFO 2022-11-22T15:56:14.657+01:00 lsst.ctrl.mpexec.mpGraphExecutor ()(mpGraphExecutor.py:516) - Executed 23 quanta successfully, 0 failed and 11 remain out of total 34 quanta.
INFO 2022-11-22T15:56:14.765+01:00 lsst.ctrl.mpexec.singleQuantumExecutor (verifyFlatExp:{instrument: 'LATISS', exposure: 2022031700206, ...})(singleQuantumExecutor.py:233) - Execution of task 'verifyFlatExp' on quantum {instrument: 'LATISS', exposure: 2022031700206, ...} took 0.108 seconds
INFO 2022-11-22T15:56:14.979+01:00 lsst.ctrl.mpexec.mpGraphExecutor ()(mpGraphExecutor.py:516) - Executed 24 quanta successfully, 0 failed and 10 remain out of total 34 quanta.
INFO 2022-11-22T15:56:15.039+01:00 lsst.ctrl.mpexec.singleQuantumExecutor (verifyFlatExp:{instrument: 'LATISS', exposure: 2022031700208, ...})(singleQuantumExecutor.py:233) - Execution of task 'verifyFlatExp' on quantum {instrument: 'LATISS', exposure: 2022031700208, ...} took 0.060 seconds
INFO 2022-11-22T15:56:15.315+01:00 lsst.ctrl.mpexec.mpGraphExecutor ()(mpGraphExecutor.py:516) - Executed 25 quanta successfully, 0 failed and 9 remain out of total 34 quanta.
INFO 2022-11-22T15:56:15.384+01:00 lsst.ctrl.mpexec.singleQuantumExecutor (verifyFlatExp:{instrument: 'LATISS', exposure: 2022031700211, ...})(singleQuantumExecutor.py:233) - Execution of task 'verifyFlatExp' on quantum {instrument: 'LATISS', exposure: 2022031700211, ...} took 0.069 seconds
INFO 2022-11-22T15:56:15.640+01:00 lsst.ctrl.mpexec.mpGraphExecutor ()(mpGraphExecutor.py:516) - Executed 26 quanta successfully, 0 failed and 8 remain out of total 34 quanta.
INFO 2022-11-22T15:56:15.725+01:00 lsst.ctrl.mpexec.singleQuantumExecutor (verifyFlatExp:{instrument: 'LATISS', exposure: 2022031700209, ...})(singleQuantumExecutor.py:233) - Execution of task 'verifyFlatExp' on quantum {instrument: 'LATISS', exposure: 2022031700209, ...} took 0.085 seconds
INFO 2022-11-22T15:56:15.960+01:00 lsst.ctrl.mpexec.mpGraphExecutor ()(mpGraphExecutor.py:516) - Executed 27 quanta successfully, 0 failed and 7 remain out of total 34 quanta.
INFO 2022-11-22T15:56:16.044+01:00 lsst.ctrl.mpexec.singleQuantumExecutor (verifyFlatExp:{instrument: 'LATISS', exposure: 2022031700202, ...})(singleQuantumExecutor.py:233) - Execution of task 'verifyFlatExp' on quantum {instrument: 'LATISS', exposure: 2022031700202, ...} took 0.084 seconds
INFO 2022-11-22T15:56:16.347+01:00 lsst.ctrl.mpexec.mpGraphExecutor ()(mpGraphExecutor.py:516) - Executed 28 quanta successfully, 0 failed and 6 remain out of total 34 quanta.
INFO 2022-11-22T15:56:16.423+01:00 lsst.ctrl.mpexec.singleQuantumExecutor (verifyFlatExp:{instrument: 'LATISS', exposure: 2022031700207, ...})(singleQuantumExecutor.py:233) - Execution of task 'verifyFlatExp' on quantum {instrument: 'LATISS', exposure: 2022031700207, ...} took 0.075 seconds
INFO 2022-11-22T15:56:16.673+01:00 lsst.ctrl.mpexec.mpGraphExecutor ()(mpGraphExecutor.py:516) - Executed 29 quanta successfully, 0 failed and 5 remain out of total 34 quanta.
INFO 2022-11-22T15:56:16.755+01:00 lsst.ctrl.mpexec.singleQuantumExecutor (verifyFlatExp:{instrument: 'LATISS', exposure: 2022031700204, ...})(singleQuantumExecutor.py:233) - Execution of task 'verifyFlatExp' on quantum {instrument: 'LATISS', exposure: 2022031700204, ...} took 0.083 seconds
INFO 2022-11-22T15:56:16.965+01:00 lsst.ctrl.mpexec.mpGraphExecutor ()(mpGraphExecutor.py:516) - Executed 30 quanta successfully, 0 failed and 4 remain out of total 34 quanta.
INFO 2022-11-22T15:56:17.041+01:00 lsst.ctrl.mpexec.singleQuantumExecutor (verifyFlatExp:{instrument: 'LATISS', exposure: 2022031700205, ...})(singleQuantumExecutor.py:233) - Execution of task 'verifyFlatExp' on quantum {instrument: 'LATISS', exposure: 2022031700205, ...} took 0.076 seconds
INFO 2022-11-22T15:56:17.240+01:00 lsst.ctrl.mpexec.mpGraphExecutor ()(mpGraphExecutor.py:516) - Executed 31 quanta successfully, 0 failed and 3 remain out of total 34 quanta.
INFO 2022-11-22T15:56:17.314+01:00 lsst.ctrl.mpexec.singleQuantumExecutor (verifyFlatExp:{instrument: 'LATISS', exposure: 2022031700203, ...})(singleQuantumExecutor.py:233) - Execution of task 'verifyFlatExp' on quantum {instrument: 'LATISS', exposure: 2022031700203, ...} took 0.074 seconds
INFO 2022-11-22T15:56:17.525+01:00 lsst.ctrl.mpexec.mpGraphExecutor ()(mpGraphExecutor.py:516) - Executed 32 quanta successfully, 0 failed and 2 remain out of total 34 quanta.
INFO 2022-11-22T15:56:17.599+01:00 lsst.ctrl.mpexec.singleQuantumExecutor (verifyFlatExp:{instrument: 'LATISS', exposure: 2022031700201, ...})(singleQuantumExecutor.py:233) - Execution of task 'verifyFlatExp' on quantum {instrument: 'LATISS', exposure: 2022031700201, ...} took 0.074 seconds
INFO 2022-11-22T15:56:17.836+01:00 lsst.ctrl.mpexec.mpGraphExecutor ()(mpGraphExecutor.py:516) - Executed 33 quanta successfully, 0 failed and 1 remain out of total 34 quanta.
INFO 2022-11-22T15:56:17.998+01:00 lsst.ctrl.mpexec.singleQuantumExecutor (verifyFlat:{instrument: 'LATISS'})(singleQuantumExecutor.py:233) - Execution of task 'verifyFlat' on quantum {instrument: 'LATISS'} took 0.162 seconds
INFO 2022-11-22T15:56:18.209+01:00 lsst.ctrl.mpexec.mpGraphExecutor ()(mpGraphExecutor.py:516) - Executed 34 quanta successfully, 0 failed and 0 remain out of total 34 quanta.
