INFO 2022-11-22T15:43:16.123+01:00 lsst.ctrl.mpexec.cmdLineFwk ()(cmdLineFwk.py:581) - QuantumGraph contains 10 quanta for 2 tasks, graph ID: '1669128196.1191385-19438'
WARNING 2022-11-22T15:43:38.418+01:00 lsst.obs.lsst.assembly (isr:{instrument: 'LATISS', detector: 0, exposure: 2022031700208, ...})(assembly.py:230) - /sps/lsst/groups/auxtel/softs/shared/auxteldm_gen3/data/LATISS/raw/all/raw/20220317/AT_O_20220317_000208/raw_LATISS_empty~empty_AT_O_20220317_000208_RXX_S00_LATISS_raw_all.fits: outAmp.getRawBBox() != data.getBBox(); patching. ((minimum=(0, 0), maximum=(543, 2047)) v. (minimum=(0, 0), maximum=(575, 2047)))
INFO 2022-11-22T15:43:40.900+01:00 lsst.isr (isr:{instrument: 'LATISS', detector: 0, exposure: 2022031700208, ...})(isrTask.py:1231) - Converting exposure to floating point values.
INFO 2022-11-22T15:43:41.621+01:00 lsst.isr (isr:{instrument: 'LATISS', detector: 0, exposure: 2022031700208, ...})(isrTask.py:1291) - Assembling CCD from amplifiers.
WARNING 2022-11-22T15:43:41.821+01:00 lsst.isr (isr:{instrument: 'LATISS', detector: 0, exposure: 2022031700208, ...})(isrTask.py:1295) - No WCS found in input exposure.
INFO 2022-11-22T15:43:41.821+01:00 lsst.isr (isr:{instrument: 'LATISS', detector: 0, exposure: 2022031700208, ...})(isrTask.py:1303) - Applying bias correction.
INFO 2022-11-22T15:43:42.685+01:00 lsst.isr (isr:{instrument: 'LATISS', detector: 0, exposure: 2022031700208, ...})(isrTask.py:1349) - Masking defects.
INFO 2022-11-22T15:43:42.687+01:00 lsst.isr (isr:{instrument: 'LATISS', detector: 0, exposure: 2022031700208, ...})(isrTask.py:1358) - Masking non-finite (NAN, inf) value pixels.
INFO 2022-11-22T15:43:42.717+01:00 lsst.isr (isr:{instrument: 'LATISS', detector: 0, exposure: 2022031700208, ...})(isrTask.py:1362) - Widening saturation trails.
INFO 2022-11-22T15:43:42.772+01:00 lsst.isr (isr:{instrument: 'LATISS', detector: 0, exposure: 2022031700208, ...})(isrTask.py:1428) - Applying dark correction.
WARNING 2022-11-22T15:43:42.772+01:00 lsst.isr (isr:{instrument: 'LATISS', detector: 0, exposure: 2022031700208, ...})(isrTask.py:1923) - darkExposure.getInfo().getVisitInfo() does not exist. Using darkScale = 1.0.
INFO 2022-11-22T15:43:43.579+01:00 lsst.isr (isr:{instrument: 'LATISS', detector: 0, exposure: 2022031700208, ...})(isrTask.py:1506) - Set 6479 BAD pixels to 15603.822266.
INFO 2022-11-22T15:43:43.580+01:00 lsst.isr (isr:{instrument: 'LATISS', detector: 0, exposure: 2022031700208, ...})(isrTask.py:1509) - Interpolating masked pixels.
WARNING 2022-11-22T15:43:44.650+01:00 lsst.isr (isr:{instrument: 'LATISS', detector: 0, exposure: 2022031700208, ...})(isrTask.py:2272) - No rough magnitude zero point defined for filter empty~empty.
INFO 2022-11-22T15:43:44.652+01:00 lsst.isr (isr:{instrument: 'LATISS', detector: 0, exposure: 2022031700208, ...})(isrTask.py:2280) - Setting rough magnitude zero point for filter empty~empty: 31.692803
INFO 2022-11-22T15:43:47.577+01:00 lsst.ctrl.mpexec.singleQuantumExecutor (isr:{instrument: 'LATISS', detector: 0, exposure: 2022031700208, ...})(singleQuantumExecutor.py:233) - Execution of task 'isr' on quantum {instrument: 'LATISS', detector: 0, exposure: 2022031700208, ...} took 17.008 seconds
INFO 2022-11-22T15:43:47.894+01:00 lsst.ctrl.mpexec.mpGraphExecutor ()(mpGraphExecutor.py:516) - Executed 1 quanta successfully, 0 failed and 9 remain out of total 10 quanta.
WARNING 2022-11-22T15:43:52.339+01:00 lsst.obs.lsst.assembly (isr:{instrument: 'LATISS', detector: 0, exposure: 2022031700209, ...})(assembly.py:230) - /sps/lsst/groups/auxtel/softs/shared/auxteldm_gen3/data/LATISS/raw/all/raw/20220317/AT_O_20220317_000209/raw_LATISS_empty~empty_AT_O_20220317_000209_RXX_S00_LATISS_raw_all.fits: outAmp.getRawBBox() != data.getBBox(); patching. ((minimum=(0, 0), maximum=(543, 2047)) v. (minimum=(0, 0), maximum=(575, 2047)))
INFO 2022-11-22T15:43:52.847+01:00 lsst.isr (isr:{instrument: 'LATISS', detector: 0, exposure: 2022031700209, ...})(isrTask.py:1231) - Converting exposure to floating point values.
INFO 2022-11-22T15:43:53.309+01:00 lsst.isr (isr:{instrument: 'LATISS', detector: 0, exposure: 2022031700209, ...})(isrTask.py:1291) - Assembling CCD from amplifiers.
WARNING 2022-11-22T15:43:53.547+01:00 lsst.isr (isr:{instrument: 'LATISS', detector: 0, exposure: 2022031700209, ...})(isrTask.py:1295) - No WCS found in input exposure.
INFO 2022-11-22T15:43:53.547+01:00 lsst.isr (isr:{instrument: 'LATISS', detector: 0, exposure: 2022031700209, ...})(isrTask.py:1303) - Applying bias correction.
INFO 2022-11-22T15:43:54.120+01:00 lsst.isr (isr:{instrument: 'LATISS', detector: 0, exposure: 2022031700209, ...})(isrTask.py:1349) - Masking defects.
INFO 2022-11-22T15:43:54.121+01:00 lsst.isr (isr:{instrument: 'LATISS', detector: 0, exposure: 2022031700209, ...})(isrTask.py:1358) - Masking non-finite (NAN, inf) value pixels.
INFO 2022-11-22T15:43:54.143+01:00 lsst.isr (isr:{instrument: 'LATISS', detector: 0, exposure: 2022031700209, ...})(isrTask.py:1362) - Widening saturation trails.
INFO 2022-11-22T15:43:54.191+01:00 lsst.isr (isr:{instrument: 'LATISS', detector: 0, exposure: 2022031700209, ...})(isrTask.py:1428) - Applying dark correction.
WARNING 2022-11-22T15:43:54.192+01:00 lsst.isr (isr:{instrument: 'LATISS', detector: 0, exposure: 2022031700209, ...})(isrTask.py:1923) - darkExposure.getInfo().getVisitInfo() does not exist. Using darkScale = 1.0.
INFO 2022-11-22T15:43:54.698+01:00 lsst.isr (isr:{instrument: 'LATISS', detector: 0, exposure: 2022031700209, ...})(isrTask.py:1506) - Set 6480 BAD pixels to 14412.151367.
INFO 2022-11-22T15:43:54.698+01:00 lsst.isr (isr:{instrument: 'LATISS', detector: 0, exposure: 2022031700209, ...})(isrTask.py:1509) - Interpolating masked pixels.
WARNING 2022-11-22T15:43:55.359+01:00 lsst.isr (isr:{instrument: 'LATISS', detector: 0, exposure: 2022031700209, ...})(isrTask.py:2272) - No rough magnitude zero point defined for filter empty~empty.
INFO 2022-11-22T15:43:55.359+01:00 lsst.isr (isr:{instrument: 'LATISS', detector: 0, exposure: 2022031700209, ...})(isrTask.py:2280) - Setting rough magnitude zero point for filter empty~empty: 31.692803
INFO 2022-11-22T15:43:58.704+01:00 lsst.ctrl.mpexec.singleQuantumExecutor (isr:{instrument: 'LATISS', detector: 0, exposure: 2022031700209, ...})(singleQuantumExecutor.py:233) - Execution of task 'isr' on quantum {instrument: 'LATISS', detector: 0, exposure: 2022031700209, ...} took 10.810 seconds
INFO 2022-11-22T15:43:58.911+01:00 lsst.ctrl.mpexec.mpGraphExecutor ()(mpGraphExecutor.py:516) - Executed 2 quanta successfully, 0 failed and 8 remain out of total 10 quanta.
WARNING 2022-11-22T15:44:03.278+01:00 lsst.obs.lsst.assembly (isr:{instrument: 'LATISS', detector: 0, exposure: 2022031700201, ...})(assembly.py:230) - /sps/lsst/groups/auxtel/softs/shared/auxteldm_gen3/data/LATISS/raw/all/raw/20220317/AT_O_20220317_000201/raw_LATISS_empty~empty_AT_O_20220317_000201_RXX_S00_LATISS_raw_all.fits: outAmp.getRawBBox() != data.getBBox(); patching. ((minimum=(0, 0), maximum=(543, 2047)) v. (minimum=(0, 0), maximum=(575, 2047)))
INFO 2022-11-22T15:44:03.787+01:00 lsst.isr (isr:{instrument: 'LATISS', detector: 0, exposure: 2022031700201, ...})(isrTask.py:1231) - Converting exposure to floating point values.
INFO 2022-11-22T15:44:04.344+01:00 lsst.isr (isr:{instrument: 'LATISS', detector: 0, exposure: 2022031700201, ...})(isrTask.py:1291) - Assembling CCD from amplifiers.
WARNING 2022-11-22T15:44:04.543+01:00 lsst.isr (isr:{instrument: 'LATISS', detector: 0, exposure: 2022031700201, ...})(isrTask.py:1295) - No WCS found in input exposure.
INFO 2022-11-22T15:44:04.543+01:00 lsst.isr (isr:{instrument: 'LATISS', detector: 0, exposure: 2022031700201, ...})(isrTask.py:1303) - Applying bias correction.
INFO 2022-11-22T15:44:05.110+01:00 lsst.isr (isr:{instrument: 'LATISS', detector: 0, exposure: 2022031700201, ...})(isrTask.py:1349) - Masking defects.
INFO 2022-11-22T15:44:05.111+01:00 lsst.isr (isr:{instrument: 'LATISS', detector: 0, exposure: 2022031700201, ...})(isrTask.py:1358) - Masking non-finite (NAN, inf) value pixels.
INFO 2022-11-22T15:44:05.130+01:00 lsst.isr (isr:{instrument: 'LATISS', detector: 0, exposure: 2022031700201, ...})(isrTask.py:1362) - Widening saturation trails.
INFO 2022-11-22T15:44:05.170+01:00 lsst.isr (isr:{instrument: 'LATISS', detector: 0, exposure: 2022031700201, ...})(isrTask.py:1428) - Applying dark correction.
WARNING 2022-11-22T15:44:05.171+01:00 lsst.isr (isr:{instrument: 'LATISS', detector: 0, exposure: 2022031700201, ...})(isrTask.py:1923) - darkExposure.getInfo().getVisitInfo() does not exist. Using darkScale = 1.0.
INFO 2022-11-22T15:44:05.698+01:00 lsst.isr (isr:{instrument: 'LATISS', detector: 0, exposure: 2022031700201, ...})(isrTask.py:1506) - Set 6448 BAD pixels to 11006.715820.
INFO 2022-11-22T15:44:05.699+01:00 lsst.isr (isr:{instrument: 'LATISS', detector: 0, exposure: 2022031700201, ...})(isrTask.py:1509) - Interpolating masked pixels.
WARNING 2022-11-22T15:44:06.731+01:00 lsst.isr (isr:{instrument: 'LATISS', detector: 0, exposure: 2022031700201, ...})(isrTask.py:2272) - No rough magnitude zero point defined for filter empty~empty.
INFO 2022-11-22T15:44:06.732+01:00 lsst.isr (isr:{instrument: 'LATISS', detector: 0, exposure: 2022031700201, ...})(isrTask.py:2280) - Setting rough magnitude zero point for filter empty~empty: 30.500000
INFO 2022-11-22T15:44:09.559+01:00 lsst.ctrl.mpexec.singleQuantumExecutor (isr:{instrument: 'LATISS', detector: 0, exposure: 2022031700201, ...})(singleQuantumExecutor.py:233) - Execution of task 'isr' on quantum {instrument: 'LATISS', detector: 0, exposure: 2022031700201, ...} took 10.648 seconds
INFO 2022-11-22T15:44:09.828+01:00 lsst.ctrl.mpexec.mpGraphExecutor ()(mpGraphExecutor.py:516) - Executed 3 quanta successfully, 0 failed and 7 remain out of total 10 quanta.
WARNING 2022-11-22T15:44:13.518+01:00 lsst.obs.lsst.assembly (isr:{instrument: 'LATISS', detector: 0, exposure: 2022031700206, ...})(assembly.py:230) - /sps/lsst/groups/auxtel/softs/shared/auxteldm_gen3/data/LATISS/raw/all/raw/20220317/AT_O_20220317_000206/raw_LATISS_empty~empty_AT_O_20220317_000206_RXX_S00_LATISS_raw_all.fits: outAmp.getRawBBox() != data.getBBox(); patching. ((minimum=(0, 0), maximum=(543, 2047)) v. (minimum=(0, 0), maximum=(575, 2047)))
INFO 2022-11-22T15:44:14.003+01:00 lsst.isr (isr:{instrument: 'LATISS', detector: 0, exposure: 2022031700206, ...})(isrTask.py:1231) - Converting exposure to floating point values.
INFO 2022-11-22T15:44:14.563+01:00 lsst.isr (isr:{instrument: 'LATISS', detector: 0, exposure: 2022031700206, ...})(isrTask.py:1291) - Assembling CCD from amplifiers.
WARNING 2022-11-22T15:44:14.770+01:00 lsst.isr (isr:{instrument: 'LATISS', detector: 0, exposure: 2022031700206, ...})(isrTask.py:1295) - No WCS found in input exposure.
INFO 2022-11-22T15:44:14.770+01:00 lsst.isr (isr:{instrument: 'LATISS', detector: 0, exposure: 2022031700206, ...})(isrTask.py:1303) - Applying bias correction.
INFO 2022-11-22T15:44:15.404+01:00 lsst.isr (isr:{instrument: 'LATISS', detector: 0, exposure: 2022031700206, ...})(isrTask.py:1349) - Masking defects.
INFO 2022-11-22T15:44:15.405+01:00 lsst.isr (isr:{instrument: 'LATISS', detector: 0, exposure: 2022031700206, ...})(isrTask.py:1358) - Masking non-finite (NAN, inf) value pixels.
INFO 2022-11-22T15:44:15.428+01:00 lsst.isr (isr:{instrument: 'LATISS', detector: 0, exposure: 2022031700206, ...})(isrTask.py:1362) - Widening saturation trails.
INFO 2022-11-22T15:44:15.477+01:00 lsst.isr (isr:{instrument: 'LATISS', detector: 0, exposure: 2022031700206, ...})(isrTask.py:1428) - Applying dark correction.
WARNING 2022-11-22T15:44:15.477+01:00 lsst.isr (isr:{instrument: 'LATISS', detector: 0, exposure: 2022031700206, ...})(isrTask.py:1923) - darkExposure.getInfo().getVisitInfo() does not exist. Using darkScale = 1.0.
INFO 2022-11-22T15:44:16.082+01:00 lsst.isr (isr:{instrument: 'LATISS', detector: 0, exposure: 2022031700206, ...})(isrTask.py:1506) - Set 6478 BAD pixels to 18827.841797.
INFO 2022-11-22T15:44:16.083+01:00 lsst.isr (isr:{instrument: 'LATISS', detector: 0, exposure: 2022031700206, ...})(isrTask.py:1509) - Interpolating masked pixels.
WARNING 2022-11-22T15:44:16.843+01:00 lsst.isr (isr:{instrument: 'LATISS', detector: 0, exposure: 2022031700206, ...})(isrTask.py:2272) - No rough magnitude zero point defined for filter empty~empty.
INFO 2022-11-22T15:44:16.843+01:00 lsst.isr (isr:{instrument: 'LATISS', detector: 0, exposure: 2022031700206, ...})(isrTask.py:2280) - Setting rough magnitude zero point for filter empty~empty: 31.692803
INFO 2022-11-22T15:44:19.429+01:00 lsst.ctrl.mpexec.singleQuantumExecutor (isr:{instrument: 'LATISS', detector: 0, exposure: 2022031700206, ...})(singleQuantumExecutor.py:233) - Execution of task 'isr' on quantum {instrument: 'LATISS', detector: 0, exposure: 2022031700206, ...} took 9.601 seconds
INFO 2022-11-22T15:44:19.659+01:00 lsst.ctrl.mpexec.mpGraphExecutor ()(mpGraphExecutor.py:516) - Executed 4 quanta successfully, 0 failed and 6 remain out of total 10 quanta.
WARNING 2022-11-22T15:44:23.375+01:00 lsst.obs.lsst.assembly (isr:{instrument: 'LATISS', detector: 0, exposure: 2022031700205, ...})(assembly.py:230) - /sps/lsst/groups/auxtel/softs/shared/auxteldm_gen3/data/LATISS/raw/all/raw/20220317/AT_O_20220317_000205/raw_LATISS_empty~empty_AT_O_20220317_000205_RXX_S00_LATISS_raw_all.fits: outAmp.getRawBBox() != data.getBBox(); patching. ((minimum=(0, 0), maximum=(543, 2047)) v. (minimum=(0, 0), maximum=(575, 2047)))
INFO 2022-11-22T15:44:23.921+01:00 lsst.isr (isr:{instrument: 'LATISS', detector: 0, exposure: 2022031700205, ...})(isrTask.py:1231) - Converting exposure to floating point values.
INFO 2022-11-22T15:44:24.397+01:00 lsst.isr (isr:{instrument: 'LATISS', detector: 0, exposure: 2022031700205, ...})(isrTask.py:1291) - Assembling CCD from amplifiers.
WARNING 2022-11-22T15:44:24.593+01:00 lsst.isr (isr:{instrument: 'LATISS', detector: 0, exposure: 2022031700205, ...})(isrTask.py:1295) - No WCS found in input exposure.
INFO 2022-11-22T15:44:24.594+01:00 lsst.isr (isr:{instrument: 'LATISS', detector: 0, exposure: 2022031700205, ...})(isrTask.py:1303) - Applying bias correction.
INFO 2022-11-22T15:44:25.166+01:00 lsst.isr (isr:{instrument: 'LATISS', detector: 0, exposure: 2022031700205, ...})(isrTask.py:1349) - Masking defects.
INFO 2022-11-22T15:44:25.168+01:00 lsst.isr (isr:{instrument: 'LATISS', detector: 0, exposure: 2022031700205, ...})(isrTask.py:1358) - Masking non-finite (NAN, inf) value pixels.
INFO 2022-11-22T15:44:25.187+01:00 lsst.isr (isr:{instrument: 'LATISS', detector: 0, exposure: 2022031700205, ...})(isrTask.py:1362) - Widening saturation trails.
INFO 2022-11-22T15:44:25.229+01:00 lsst.isr (isr:{instrument: 'LATISS', detector: 0, exposure: 2022031700205, ...})(isrTask.py:1428) - Applying dark correction.
WARNING 2022-11-22T15:44:25.229+01:00 lsst.isr (isr:{instrument: 'LATISS', detector: 0, exposure: 2022031700205, ...})(isrTask.py:1923) - darkExposure.getInfo().getVisitInfo() does not exist. Using darkScale = 1.0.
INFO 2022-11-22T15:44:25.644+01:00 lsst.isr (isr:{instrument: 'LATISS', detector: 0, exposure: 2022031700205, ...})(isrTask.py:1506) - Set 6478 BAD pixels to 20833.316406.
INFO 2022-11-22T15:44:25.645+01:00 lsst.isr (isr:{instrument: 'LATISS', detector: 0, exposure: 2022031700205, ...})(isrTask.py:1509) - Interpolating masked pixels.
WARNING 2022-11-22T15:44:26.376+01:00 lsst.isr (isr:{instrument: 'LATISS', detector: 0, exposure: 2022031700205, ...})(isrTask.py:2272) - No rough magnitude zero point defined for filter empty~empty.
INFO 2022-11-22T15:44:26.376+01:00 lsst.isr (isr:{instrument: 'LATISS', detector: 0, exposure: 2022031700205, ...})(isrTask.py:2280) - Setting rough magnitude zero point for filter empty~empty: 31.692803
INFO 2022-11-22T15:44:29.091+01:00 lsst.ctrl.mpexec.singleQuantumExecutor (isr:{instrument: 'LATISS', detector: 0, exposure: 2022031700205, ...})(singleQuantumExecutor.py:233) - Execution of task 'isr' on quantum {instrument: 'LATISS', detector: 0, exposure: 2022031700205, ...} took 9.431 seconds
INFO 2022-11-22T15:44:29.348+01:00 lsst.ctrl.mpexec.mpGraphExecutor ()(mpGraphExecutor.py:516) - Executed 5 quanta successfully, 0 failed and 5 remain out of total 10 quanta.
WARNING 2022-11-22T15:44:34.154+01:00 lsst.obs.lsst.assembly (isr:{instrument: 'LATISS', detector: 0, exposure: 2022031700211, ...})(assembly.py:230) - /sps/lsst/groups/auxtel/softs/shared/auxteldm_gen3/data/LATISS/raw/all/raw/20220317/AT_O_20220317_000211/raw_LATISS_empty~empty_AT_O_20220317_000211_RXX_S00_LATISS_raw_all.fits: outAmp.getRawBBox() != data.getBBox(); patching. ((minimum=(0, 0), maximum=(543, 2047)) v. (minimum=(0, 0), maximum=(575, 2047)))
INFO 2022-11-22T15:44:34.622+01:00 lsst.isr (isr:{instrument: 'LATISS', detector: 0, exposure: 2022031700211, ...})(isrTask.py:1231) - Converting exposure to floating point values.
INFO 2022-11-22T15:44:35.146+01:00 lsst.isr (isr:{instrument: 'LATISS', detector: 0, exposure: 2022031700211, ...})(isrTask.py:1291) - Assembling CCD from amplifiers.
WARNING 2022-11-22T15:44:35.348+01:00 lsst.isr (isr:{instrument: 'LATISS', detector: 0, exposure: 2022031700211, ...})(isrTask.py:1295) - No WCS found in input exposure.
INFO 2022-11-22T15:44:35.348+01:00 lsst.isr (isr:{instrument: 'LATISS', detector: 0, exposure: 2022031700211, ...})(isrTask.py:1303) - Applying bias correction.
INFO 2022-11-22T15:44:35.914+01:00 lsst.isr (isr:{instrument: 'LATISS', detector: 0, exposure: 2022031700211, ...})(isrTask.py:1349) - Masking defects.
INFO 2022-11-22T15:44:35.915+01:00 lsst.isr (isr:{instrument: 'LATISS', detector: 0, exposure: 2022031700211, ...})(isrTask.py:1358) - Masking non-finite (NAN, inf) value pixels.
INFO 2022-11-22T15:44:35.935+01:00 lsst.isr (isr:{instrument: 'LATISS', detector: 0, exposure: 2022031700211, ...})(isrTask.py:1362) - Widening saturation trails.
INFO 2022-11-22T15:44:35.980+01:00 lsst.isr (isr:{instrument: 'LATISS', detector: 0, exposure: 2022031700211, ...})(isrTask.py:1428) - Applying dark correction.
WARNING 2022-11-22T15:44:35.980+01:00 lsst.isr (isr:{instrument: 'LATISS', detector: 0, exposure: 2022031700211, ...})(isrTask.py:1923) - darkExposure.getInfo().getVisitInfo() does not exist. Using darkScale = 1.0.
INFO 2022-11-22T15:44:36.484+01:00 lsst.isr (isr:{instrument: 'LATISS', detector: 0, exposure: 2022031700211, ...})(isrTask.py:1506) - Set 6481 BAD pixels to 12284.161133.
INFO 2022-11-22T15:44:36.484+01:00 lsst.isr (isr:{instrument: 'LATISS', detector: 0, exposure: 2022031700211, ...})(isrTask.py:1509) - Interpolating masked pixels.
WARNING 2022-11-22T15:44:37.368+01:00 lsst.isr (isr:{instrument: 'LATISS', detector: 0, exposure: 2022031700211, ...})(isrTask.py:2272) - No rough magnitude zero point defined for filter empty~empty.
INFO 2022-11-22T15:44:37.368+01:00 lsst.isr (isr:{instrument: 'LATISS', detector: 0, exposure: 2022031700211, ...})(isrTask.py:2280) - Setting rough magnitude zero point for filter empty~empty: 31.692803
INFO 2022-11-22T15:44:40.241+01:00 lsst.ctrl.mpexec.singleQuantumExecutor (isr:{instrument: 'LATISS', detector: 0, exposure: 2022031700211, ...})(singleQuantumExecutor.py:233) - Execution of task 'isr' on quantum {instrument: 'LATISS', detector: 0, exposure: 2022031700211, ...} took 10.893 seconds
INFO 2022-11-22T15:44:40.468+01:00 lsst.ctrl.mpexec.mpGraphExecutor ()(mpGraphExecutor.py:516) - Executed 6 quanta successfully, 0 failed and 4 remain out of total 10 quanta.
WARNING 2022-11-22T15:44:44.888+01:00 lsst.obs.lsst.assembly (isr:{instrument: 'LATISS', detector: 0, exposure: 2022031700204, ...})(assembly.py:230) - /sps/lsst/groups/auxtel/softs/shared/auxteldm_gen3/data/LATISS/raw/all/raw/20220317/AT_O_20220317_000204/raw_LATISS_empty~empty_AT_O_20220317_000204_RXX_S00_LATISS_raw_all.fits: outAmp.getRawBBox() != data.getBBox(); patching. ((minimum=(0, 0), maximum=(543, 2047)) v. (minimum=(0, 0), maximum=(575, 2047)))
INFO 2022-11-22T15:44:45.373+01:00 lsst.isr (isr:{instrument: 'LATISS', detector: 0, exposure: 2022031700204, ...})(isrTask.py:1231) - Converting exposure to floating point values.
INFO 2022-11-22T15:44:45.920+01:00 lsst.isr (isr:{instrument: 'LATISS', detector: 0, exposure: 2022031700204, ...})(isrTask.py:1291) - Assembling CCD from amplifiers.
WARNING 2022-11-22T15:44:46.120+01:00 lsst.isr (isr:{instrument: 'LATISS', detector: 0, exposure: 2022031700204, ...})(isrTask.py:1295) - No WCS found in input exposure.
INFO 2022-11-22T15:44:46.121+01:00 lsst.isr (isr:{instrument: 'LATISS', detector: 0, exposure: 2022031700204, ...})(isrTask.py:1303) - Applying bias correction.
INFO 2022-11-22T15:44:46.664+01:00 lsst.isr (isr:{instrument: 'LATISS', detector: 0, exposure: 2022031700204, ...})(isrTask.py:1349) - Masking defects.
INFO 2022-11-22T15:44:46.666+01:00 lsst.isr (isr:{instrument: 'LATISS', detector: 0, exposure: 2022031700204, ...})(isrTask.py:1358) - Masking non-finite (NAN, inf) value pixels.
INFO 2022-11-22T15:44:46.684+01:00 lsst.isr (isr:{instrument: 'LATISS', detector: 0, exposure: 2022031700204, ...})(isrTask.py:1362) - Widening saturation trails.
INFO 2022-11-22T15:44:46.727+01:00 lsst.isr (isr:{instrument: 'LATISS', detector: 0, exposure: 2022031700204, ...})(isrTask.py:1428) - Applying dark correction.
WARNING 2022-11-22T15:44:46.728+01:00 lsst.isr (isr:{instrument: 'LATISS', detector: 0, exposure: 2022031700204, ...})(isrTask.py:1923) - darkExposure.getInfo().getVisitInfo() does not exist. Using darkScale = 1.0.
INFO 2022-11-22T15:44:47.349+01:00 lsst.isr (isr:{instrument: 'LATISS', detector: 0, exposure: 2022031700204, ...})(isrTask.py:1506) - Set 6478 BAD pixels to 22880.367188.
INFO 2022-11-22T15:44:47.349+01:00 lsst.isr (isr:{instrument: 'LATISS', detector: 0, exposure: 2022031700204, ...})(isrTask.py:1509) - Interpolating masked pixels.
WARNING 2022-11-22T15:44:48.078+01:00 lsst.isr (isr:{instrument: 'LATISS', detector: 0, exposure: 2022031700204, ...})(isrTask.py:2272) - No rough magnitude zero point defined for filter empty~empty.
INFO 2022-11-22T15:44:48.078+01:00 lsst.isr (isr:{instrument: 'LATISS', detector: 0, exposure: 2022031700204, ...})(isrTask.py:2280) - Setting rough magnitude zero point for filter empty~empty: 31.692803
INFO 2022-11-22T15:44:51.106+01:00 lsst.ctrl.mpexec.singleQuantumExecutor (isr:{instrument: 'LATISS', detector: 0, exposure: 2022031700204, ...})(singleQuantumExecutor.py:233) - Execution of task 'isr' on quantum {instrument: 'LATISS', detector: 0, exposure: 2022031700204, ...} took 10.638 seconds
INFO 2022-11-22T15:44:51.313+01:00 lsst.ctrl.mpexec.mpGraphExecutor ()(mpGraphExecutor.py:516) - Executed 7 quanta successfully, 0 failed and 3 remain out of total 10 quanta.
WARNING 2022-11-22T15:44:55.282+01:00 lsst.obs.lsst.assembly (isr:{instrument: 'LATISS', detector: 0, exposure: 2022031700210, ...})(assembly.py:230) - /sps/lsst/groups/auxtel/softs/shared/auxteldm_gen3/data/LATISS/raw/all/raw/20220317/AT_O_20220317_000210/raw_LATISS_empty~empty_AT_O_20220317_000210_RXX_S00_LATISS_raw_all.fits: outAmp.getRawBBox() != data.getBBox(); patching. ((minimum=(0, 0), maximum=(543, 2047)) v. (minimum=(0, 0), maximum=(575, 2047)))
INFO 2022-11-22T15:44:55.779+01:00 lsst.isr (isr:{instrument: 'LATISS', detector: 0, exposure: 2022031700210, ...})(isrTask.py:1231) - Converting exposure to floating point values.
INFO 2022-11-22T15:44:56.364+01:00 lsst.isr (isr:{instrument: 'LATISS', detector: 0, exposure: 2022031700210, ...})(isrTask.py:1291) - Assembling CCD from amplifiers.
WARNING 2022-11-22T15:44:56.590+01:00 lsst.isr (isr:{instrument: 'LATISS', detector: 0, exposure: 2022031700210, ...})(isrTask.py:1295) - No WCS found in input exposure.
INFO 2022-11-22T15:44:56.590+01:00 lsst.isr (isr:{instrument: 'LATISS', detector: 0, exposure: 2022031700210, ...})(isrTask.py:1303) - Applying bias correction.
INFO 2022-11-22T15:44:57.219+01:00 lsst.isr (isr:{instrument: 'LATISS', detector: 0, exposure: 2022031700210, ...})(isrTask.py:1349) - Masking defects.
INFO 2022-11-22T15:44:57.221+01:00 lsst.isr (isr:{instrument: 'LATISS', detector: 0, exposure: 2022031700210, ...})(isrTask.py:1358) - Masking non-finite (NAN, inf) value pixels.
INFO 2022-11-22T15:44:57.241+01:00 lsst.isr (isr:{instrument: 'LATISS', detector: 0, exposure: 2022031700210, ...})(isrTask.py:1362) - Widening saturation trails.
INFO 2022-11-22T15:44:57.284+01:00 lsst.isr (isr:{instrument: 'LATISS', detector: 0, exposure: 2022031700210, ...})(isrTask.py:1428) - Applying dark correction.
WARNING 2022-11-22T15:44:57.284+01:00 lsst.isr (isr:{instrument: 'LATISS', detector: 0, exposure: 2022031700210, ...})(isrTask.py:1923) - darkExposure.getInfo().getVisitInfo() does not exist. Using darkScale = 1.0.
INFO 2022-11-22T15:44:57.782+01:00 lsst.isr (isr:{instrument: 'LATISS', detector: 0, exposure: 2022031700210, ...})(isrTask.py:1506) - Set 6480 BAD pixels to 13318.769531.
INFO 2022-11-22T15:44:57.782+01:00 lsst.isr (isr:{instrument: 'LATISS', detector: 0, exposure: 2022031700210, ...})(isrTask.py:1509) - Interpolating masked pixels.
WARNING 2022-11-22T15:44:58.467+01:00 lsst.isr (isr:{instrument: 'LATISS', detector: 0, exposure: 2022031700210, ...})(isrTask.py:2272) - No rough magnitude zero point defined for filter empty~empty.
INFO 2022-11-22T15:44:58.467+01:00 lsst.isr (isr:{instrument: 'LATISS', detector: 0, exposure: 2022031700210, ...})(isrTask.py:2280) - Setting rough magnitude zero point for filter empty~empty: 31.692803
INFO 2022-11-22T15:45:01.275+01:00 lsst.ctrl.mpexec.singleQuantumExecutor (isr:{instrument: 'LATISS', detector: 0, exposure: 2022031700210, ...})(singleQuantumExecutor.py:233) - Execution of task 'isr' on quantum {instrument: 'LATISS', detector: 0, exposure: 2022031700210, ...} took 9.962 seconds
INFO 2022-11-22T15:45:01.628+01:00 lsst.ctrl.mpexec.mpGraphExecutor ()(mpGraphExecutor.py:516) - Executed 8 quanta successfully, 0 failed and 2 remain out of total 10 quanta.
WARNING 2022-11-22T15:45:05.837+01:00 lsst.obs.lsst.assembly (isr:{instrument: 'LATISS', detector: 0, exposure: 2022031700207, ...})(assembly.py:230) - /sps/lsst/groups/auxtel/softs/shared/auxteldm_gen3/data/LATISS/raw/all/raw/20220317/AT_O_20220317_000207/raw_LATISS_empty~empty_AT_O_20220317_000207_RXX_S00_LATISS_raw_all.fits: outAmp.getRawBBox() != data.getBBox(); patching. ((minimum=(0, 0), maximum=(543, 2047)) v. (minimum=(0, 0), maximum=(575, 2047)))
INFO 2022-11-22T15:45:06.349+01:00 lsst.isr (isr:{instrument: 'LATISS', detector: 0, exposure: 2022031700207, ...})(isrTask.py:1231) - Converting exposure to floating point values.
INFO 2022-11-22T15:45:06.945+01:00 lsst.isr (isr:{instrument: 'LATISS', detector: 0, exposure: 2022031700207, ...})(isrTask.py:1291) - Assembling CCD from amplifiers.
WARNING 2022-11-22T15:45:07.161+01:00 lsst.isr (isr:{instrument: 'LATISS', detector: 0, exposure: 2022031700207, ...})(isrTask.py:1295) - No WCS found in input exposure.
INFO 2022-11-22T15:45:07.162+01:00 lsst.isr (isr:{instrument: 'LATISS', detector: 0, exposure: 2022031700207, ...})(isrTask.py:1303) - Applying bias correction.
INFO 2022-11-22T15:45:07.722+01:00 lsst.isr (isr:{instrument: 'LATISS', detector: 0, exposure: 2022031700207, ...})(isrTask.py:1349) - Masking defects.
INFO 2022-11-22T15:45:07.724+01:00 lsst.isr (isr:{instrument: 'LATISS', detector: 0, exposure: 2022031700207, ...})(isrTask.py:1358) - Masking non-finite (NAN, inf) value pixels.
INFO 2022-11-22T15:45:07.746+01:00 lsst.isr (isr:{instrument: 'LATISS', detector: 0, exposure: 2022031700207, ...})(isrTask.py:1362) - Widening saturation trails.
INFO 2022-11-22T15:45:07.795+01:00 lsst.isr (isr:{instrument: 'LATISS', detector: 0, exposure: 2022031700207, ...})(isrTask.py:1428) - Applying dark correction.
WARNING 2022-11-22T15:45:07.795+01:00 lsst.isr (isr:{instrument: 'LATISS', detector: 0, exposure: 2022031700207, ...})(isrTask.py:1923) - darkExposure.getInfo().getVisitInfo() does not exist. Using darkScale = 1.0.
INFO 2022-11-22T15:45:08.307+01:00 lsst.isr (isr:{instrument: 'LATISS', detector: 0, exposure: 2022031700207, ...})(isrTask.py:1506) - Set 6479 BAD pixels to 17051.951172.
INFO 2022-11-22T15:45:08.308+01:00 lsst.isr (isr:{instrument: 'LATISS', detector: 0, exposure: 2022031700207, ...})(isrTask.py:1509) - Interpolating masked pixels.
WARNING 2022-11-22T15:45:09.104+01:00 lsst.isr (isr:{instrument: 'LATISS', detector: 0, exposure: 2022031700207, ...})(isrTask.py:2272) - No rough magnitude zero point defined for filter empty~empty.
INFO 2022-11-22T15:45:09.104+01:00 lsst.isr (isr:{instrument: 'LATISS', detector: 0, exposure: 2022031700207, ...})(isrTask.py:2280) - Setting rough magnitude zero point for filter empty~empty: 31.692803
INFO 2022-11-22T15:45:12.247+01:00 lsst.ctrl.mpexec.singleQuantumExecutor (isr:{instrument: 'LATISS', detector: 0, exposure: 2022031700207, ...})(singleQuantumExecutor.py:233) - Execution of task 'isr' on quantum {instrument: 'LATISS', detector: 0, exposure: 2022031700207, ...} took 10.619 seconds
INFO 2022-11-22T15:45:12.576+01:00 lsst.ctrl.mpexec.mpGraphExecutor ()(mpGraphExecutor.py:516) - Executed 9 quanta successfully, 0 failed and 1 remain out of total 10 quanta.
INFO 2022-11-22T15:45:14.290+01:00 lsst.cpFlatCombine (cpFlatCombine:{instrument: 'LATISS', detector: 0, physical_filter: 'empty~empty', ...})(cpCombine.py:330) - Scaling input 0 by 11031.288942537314
INFO 2022-11-22T15:45:15.876+01:00 lsst.cpFlatCombine (cpFlatCombine:{instrument: 'LATISS', detector: 0, physical_filter: 'empty~empty', ...})(cpCombine.py:330) - Scaling input 1 by 22935.908609855633
INFO 2022-11-22T15:45:17.453+01:00 lsst.cpFlatCombine (cpFlatCombine:{instrument: 'LATISS', detector: 0, physical_filter: 'empty~empty', ...})(cpCombine.py:330) - Scaling input 2 by 20882.564928753032
INFO 2022-11-22T15:45:19.065+01:00 lsst.cpFlatCombine (cpFlatCombine:{instrument: 'LATISS', detector: 0, physical_filter: 'empty~empty', ...})(cpCombine.py:330) - Scaling input 3 by 18872.151619081662
INFO 2022-11-22T15:45:20.579+01:00 lsst.cpFlatCombine (cpFlatCombine:{instrument: 'LATISS', detector: 0, physical_filter: 'empty~empty', ...})(cpCombine.py:330) - Scaling input 4 by 17090.435444914463
INFO 2022-11-22T15:45:22.053+01:00 lsst.cpFlatCombine (cpFlatCombine:{instrument: 'LATISS', detector: 0, physical_filter: 'empty~empty', ...})(cpCombine.py:330) - Scaling input 5 by 15638.686438343075
INFO 2022-11-22T15:45:23.522+01:00 lsst.cpFlatCombine (cpFlatCombine:{instrument: 'LATISS', detector: 0, physical_filter: 'empty~empty', ...})(cpCombine.py:330) - Scaling input 6 by 14443.934199479523
INFO 2022-11-22T15:45:25.149+01:00 lsst.cpFlatCombine (cpFlatCombine:{instrument: 'LATISS', detector: 0, physical_filter: 'empty~empty', ...})(cpCombine.py:330) - Scaling input 7 by 13347.764940190182
INFO 2022-11-22T15:45:26.777+01:00 lsst.cpFlatCombine (cpFlatCombine:{instrument: 'LATISS', detector: 0, physical_filter: 'empty~empty', ...})(cpCombine.py:330) - Scaling input 8 by 12311.048830295626
WARNING 2022-11-22T15:46:02.890+01:00 lsst.cpFlatCombine (cpFlatCombine:{instrument: 'LATISS', detector: 0, physical_filter: 'empty~empty', ...})(cpCombine.py:588) - Found and fixed 7435 NAN pixels
WARNING 2022-11-22T15:46:03.177+01:00 lsst.cpFlatCombine (cpFlatCombine:{instrument: 'LATISS', detector: 0, physical_filter: 'empty~empty', ...})(cpCombine.py:557) - Exception making an obs group for headers. Continuing.
WARNING 2022-11-22T15:46:03.190+01:00 py.warnings (cpFlatCombine:{instrument: 'LATISS', detector: 0, physical_filter: 'empty~empty', ...})(warnings.py:109) - /cvmfs/sw.lsst.eu/linux-x86_64/lsst_distrib/w_2022_39/conda/envs/lsst-scipipe-4.1.0/share/eups/Linux64/obs_base/g188f660963+6ea671c325/python/lsst/obs/base/formatters/fitsExposure.py:94: FutureWarning: Exposure.filterLabel component is deprecated; use .filter instead. Will be removed after v24.
  return self.readComponent(component)

INFO 2022-11-22T15:46:06.019+01:00 lsst.ctrl.mpexec.singleQuantumExecutor (cpFlatCombine:{instrument: 'LATISS', detector: 0, physical_filter: 'empty~empty', ...})(singleQuantumExecutor.py:233) - Execution of task 'cpFlatCombine' on quantum {instrument: 'LATISS', detector: 0, physical_filter: 'empty~empty', ...} took 53.442 seconds
INFO 2022-11-22T15:46:06.321+01:00 lsst.ctrl.mpexec.mpGraphExecutor ()(mpGraphExecutor.py:516) - Executed 10 quanta successfully, 0 failed and 0 remain out of total 10 quanta.
